<!DOCTYPE html PUBLIC "-//W3C//DTD XHTML 1.1//EN" "http://www.w3.org/TR/xhtml11/DTD/xhtml11.dtd">
<html xmlns="http://www.w3.org/1999/xhtml">
<head>
<meta http-equiv="content-type" content="text/html; charset=UTF-8"/>
<title>TestNG Report</title>
<style type="text/css">table {margin-bottom:10px;border-collapse:collapse;empty-cells:show}th,td {border:1px solid #009;padding:.25em .5em}th {vertical-align:bottom}td {vertical-align:top}table a {font-weight:bold}.stripe td {background-color: #E6EBF9}.num {text-align:right}.passedodd td {background-color: #3F3}.passedeven td {background-color: #0A0}.skippedodd td {background-color: #DDD}.skippedeven td {background-color: #CCC}.failedodd td,.attn {background-color: #F33}.failedeven td,.stripe .attn {background-color: #D00}.stacktrace {white-space:pre;font-family:monospace}.totop {font-size:85%;text-align:center;border-bottom:2px solid #000}.invisible {display:none}</style>
</head>
<body>
<table>
<tr><th>Test</th><th># Passed</th><th># Skipped</th><th># Failed</th><th>Time (ms)</th><th>Included Groups</th><th>Excluded Groups</th></tr>
<tr><th colspan="7">Suite</th></tr>
<tr><td><a href="#t0">Doctor Consultation Report Builder</a></td><td class="num">48</td><td class="num">0</td><td class="num attn">15</td><td class="num">261,421</td><td></td><td></td></tr>
</table>
<table id='summary'><thead><tr><th>Class</th><th>Method</th><th>Start</th><th>Time (ms)</th></tr></thead><tbody><tr><th colspan="4">Suite</th></tr></tbody><tbody id="t0"><tr><th colspan="4">Doctor Consultation Report Builder &#8212; failed</th></tr><tr class="failedeven"><td rowspan="15">com.reports.testcases.TestPaymentforInsurance</td><td><a href="#m0">check1MonthFavPDFReport</a></td><td rowspan="1">1559280952802</td><td rowspan="1">8324</td></tr><tr class="failedeven"><td><a href="#m1">check2MonthFavPDFReport</a></td><td rowspan="1">1559280961133</td><td rowspan="1">8545</td></tr><tr class="failedeven"><td><a href="#m2">check3MonthFavPDFReport</a></td><td rowspan="1">1559280969681</td><td rowspan="1">8527</td></tr><tr class="failedeven"><td><a href="#m3">checkForCorporateOffice</a></td><td rowspan="8">1559281010293</td><td rowspan="8">8021</td></tr><tr class="failedeven"><td><a href="#m4">checkForCorporateOffice</a></td></tr><tr class="failedeven"><td><a href="#m5">checkForCorporateOffice</a></td></tr><tr class="failedeven"><td><a href="#m6">checkForCorporateOffice</a></td></tr><tr class="failedeven"><td><a href="#m7">checkForCorporateOffice</a></td></tr><tr class="failedeven"><td><a href="#m8">checkForCorporateOffice</a></td></tr><tr class="failedeven"><td><a href="#m9">checkForCorporateOffice</a></td></tr><tr class="failedeven"><td><a href="#m10">checkForCorporateOffice</a></td></tr><tr class="failedeven"><td><a href="#m11">checkForCorporateOffice_fav1</a></td><td rowspan="1">1559281021316</td><td rowspan="1">9</td></tr><tr class="failedeven"><td><a href="#m12">chekForCorporateOffice_fav2</a></td><td rowspan="1">1559281021339</td><td rowspan="1">4</td></tr><tr class="failedeven"><td><a href="#m13">chekForCorporateOffice_fav3</a></td><td rowspan="1">1559281021345</td><td rowspan="1">4</td></tr><tr class="failedeven"><td><a href="#m14">closeBrowswe</a></td><td rowspan="1">1559281021353</td><td rowspan="1">10</td></tr><tr><th colspan="4">Doctor Consultation Report Builder &#8212; passed</th></tr><tr class="passedeven"><td rowspan="48">com.reports.testcases.TestPaymentforInsurance</td><td><a href="#m15">checkAutoCustomDateOption</a></td><td rowspan="1">1559280796830</td><td rowspan="1">717</td></tr><tr class="passedeven"><td><a href="#m16">checkFavouriteReportsForDefaultDate_option1</a></td><td rowspan="1">1559280877243</td><td rowspan="1">20801</td></tr><tr class="passedeven"><td><a href="#m17">checkFavouriteReportsForDefaultDate_option2</a></td><td rowspan="1">1559280898046</td><td rowspan="1">17003</td></tr><tr class="passedeven"><td><a href="#m18">checkFavouriteReportsForDefaultDate_option3</a></td><td rowspan="1">1559280915050</td><td rowspan="1">16999</td></tr><tr class="passedeven"><td><a href="#m19">checkFavouriteReportsForDefaultDate_optionSelect</a></td><td rowspan="1">1559280932051</td><td rowspan="1">16937</td></tr><tr class="passedeven"><td><a href="#m20">checkForPreviousFinancialYear</a></td><td rowspan="1">1559280779851</td><td rowspan="1">150</td></tr><tr class="passedeven"><td><a href="#m21">checkForThisFinancialYear</a></td><td rowspan="1">1559280779699</td><td rowspan="1">151</td></tr><tr class="passedeven"><td><a href="#m22">createFavouritesForAllowedReportDurationoption</a></td><td rowspan="4">1559280863871</td><td rowspan="4">3739</td></tr><tr class="passedeven"><td><a href="#m23">createFavouritesForAllowedReportDurationoption</a></td></tr><tr class="passedeven"><td><a href="#m24">createFavouritesForAllowedReportDurationoption</a></td></tr><tr class="passedeven"><td><a href="#m25">createFavouritesForAllowedReportDurationoption</a></td></tr><tr class="passedeven"><td><a href="#m26">pdfTest</a></td><td rowspan="8">1559280811211</td><td rowspan="8">3283</td></tr><tr class="passedeven"><td><a href="#m27">pdfTest</a></td></tr><tr class="passedeven"><td><a href="#m28">pdfTest</a></td></tr><tr class="passedeven"><td><a href="#m29">pdfTest</a></td></tr><tr class="passedeven"><td><a href="#m30">pdfTest</a></td></tr><tr class="passedeven"><td><a href="#m31">pdfTest</a></td></tr><tr class="passedeven"><td><a href="#m32">pdfTest</a></td></tr><tr class="passedeven"><td><a href="#m33">pdfTest</a></td></tr><tr class="passedeven"><td><a href="#m34">switchToTheUser</a></td><td rowspan="1">1559280948990</td><td rowspan="1">3811</td></tr><tr class="passedeven"><td><a href="#m35">test3MonthCsv</a></td><td rowspan="1">1559280777005</td><td rowspan="1">242</td></tr><tr class="passedeven"><td><a href="#m36">test3MonthPdf</a></td><td rowspan="1">1559280776702</td><td rowspan="1">298</td></tr><tr class="passedeven"><td><a href="#m37">test3MonthText</a></td><td rowspan="1">1559280777254</td><td rowspan="1">211</td></tr><tr class="passedeven"><td><a href="#m38">testDateFieldsBlank_csv</a></td><td rowspan="1">1559280777651</td><td rowspan="1">180</td></tr><tr class="passedeven"><td><a href="#m39">testDateFieldsBlank_favSaveButton</a></td><td rowspan="1">1559280779017</td><td rowspan="1">235</td></tr><tr class="passedeven"><td><a href="#m40">testDateFieldsBlank_pdf</a></td><td rowspan="1">1559280777468</td><td rowspan="1">181</td></tr><tr class="passedeven"><td><a href="#m41">testDateFieldsBlank_text</a></td><td rowspan="1">1559280777836</td><td rowspan="1">160</td></tr><tr class="passedeven"><td><a href="#m42">testFromDateFieldBlank_cvs</a></td><td rowspan="1">1559280778350</td><td rowspan="1">165</td></tr><tr class="passedeven"><td><a href="#m43">testFromDateFieldBlank_favSaveButton</a></td><td rowspan="1">1559280779253</td><td rowspan="1">228</td></tr><tr class="passedeven"><td><a href="#m44">testFromDateFieldBlank_pdf</a></td><td rowspan="1">1559280777999</td><td rowspan="1">183</td></tr><tr class="passedeven"><td><a href="#m45">testFromDateFieldBlank_text</a></td><td rowspan="1">1559280778683</td><td rowspan="1">181</td></tr><tr class="passedeven"><td><a href="#m46">testToDateFieldBlank_cvs</a></td><td rowspan="1">1559280778517</td><td rowspan="1">164</td></tr><tr class="passedeven"><td><a href="#m47">testToDateFieldBlank_favSaveButton</a></td><td rowspan="1">1559280779482</td><td rowspan="1">214</td></tr><tr class="passedeven"><td><a href="#m48">testToDateFieldBlank_pdf</a></td><td rowspan="1">1559280778183</td><td rowspan="1">164</td></tr><tr class="passedeven"><td><a href="#m49">testToDateFieldBlank_text</a></td><td rowspan="1">1559280778866</td><td rowspan="1">149</td></tr><tr class="passedeven"><td><a href="#m50">verifyAllowedReportDurationDropdown</a></td><td rowspan="4">1559280798737</td><td rowspan="4">532</td></tr><tr class="passedeven"><td><a href="#m51">verifyAllowedReportDurationDropdown</a></td></tr><tr class="passedeven"><td><a href="#m52">verifyAllowedReportDurationDropdown</a></td></tr><tr class="passedeven"><td><a href="#m53">verifyAllowedReportDurationDropdown</a></td></tr><tr class="passedeven"><td><a href="#m54">verifyDateFieldsForFromPastToFuture_csv</a></td><td rowspan="1">1559280781800</td><td rowspan="1">181</td></tr><tr class="passedeven"><td><a href="#m55">verifyDateFieldsForFromPastToFuture_pdf</a></td><td rowspan="1">1559280781619</td><td rowspan="1">179</td></tr><tr class="passedeven"><td><a href="#m56">verifyDateFieldsForFromPastToFuture_text</a></td><td rowspan="1">1559280781983</td><td rowspan="1">232</td></tr><tr class="passedeven"><td><a href="#m57">verifyDateFieldsForFromPastToFuture_toSaveFav</a></td><td rowspan="1">1559280782216</td><td rowspan="1">317</td></tr><tr class="passedeven"><td><a href="#m58">verifyDateFieldsForPreviousMonthOptions</a></td><td rowspan="1">1559280780955</td><td rowspan="1">327</td></tr><tr class="passedeven"><td><a href="#m59">verifyDateFieldsForThisMonthOptions</a></td><td rowspan="1">1559280781284</td><td rowspan="1">332</td></tr><tr class="passedeven"><td><a href="#m60">verifyDateFieldsForTodayOptions</a></td><td rowspan="1">1559280780621</td><td rowspan="1">333</td></tr><tr class="passedeven"><td><a href="#m61">verifyDateFieldsForYesterdayOptions</a></td><td rowspan="1">1559280780003</td><td rowspan="1">616</td></tr><tr class="passedeven"><td><a href="#m62">vreifyForYesterdaysDateOnReFreshing</a></td><td rowspan="1">1559280782534</td><td rowspan="1">14294</td></tr></tbody>
</table>
<h2>Doctor Consultation Report Builder</h2><h3 id="m0">com.reports.testcases.TestPaymentforInsurance#check1MonthFavPDFReport</h3><table class="result"><tr><th>Exception</th></tr><tr><td><div class="stacktrace">org.openqa.selenium.NoSuchElementException: Unable to locate element: //span[text() = &apos;Favourite Reports&apos;]
For documentation on this error, please visit: https://www.seleniumhq.org/exceptions/no_such_element.html
Build info: version: &apos;3.141.59&apos;, revision: &apos;e82be7d358&apos;, time: &apos;2018-11-14T08:25:53&apos;
System info: host: &apos;vaibhav-Latitude-3550&apos;, ip: &apos;127.0.1.1&apos;, os.name: &apos;Linux&apos;, os.arch: &apos;amd64&apos;, os.version: &apos;3.13.0-36-generic&apos;, java.version: &apos;1.8.0_201&apos;
Driver info: org.openqa.selenium.firefox.FirefoxDriver
Capabilities {acceptInsecureCerts: true, browserName: firefox, browserVersion: 65.0.1, javascriptEnabled: true, moz:accessibilityChecks: false, moz:geckodriverVersion: 0.24.0, moz:headless: false, moz:processID: 5337, moz:profile: /tmp/rust_mozprofile.prJv0E..., moz:shutdownTimeout: 60000, moz:useNonSpecCompliantPointerOrigin: false, moz:webdriverClick: true, pageLoadStrategy: normal, platform: LINUX, platformName: LINUX, platformVersion: 3.13.0-36-generic, rotatable: false, setWindowRect: true, strictFileInteractability: false, timeouts: {implicit: 0, pageLoad: 300000, script: 30000}, unhandledPromptBehavior: dismiss and notify}
Session ID: 3f34e78c-2058-40a6-8433-f0fbae0412bd
*** Element info: {Using=xpath, value=//span[text() = &apos;Favourite Reports&apos;]}
	at org.openqa.selenium.remote.http.W3CHttpResponseCodec.createException(W3CHttpResponseCodec.java:187)
	at org.openqa.selenium.remote.http.W3CHttpResponseCodec.decode(W3CHttpResponseCodec.java:122)
	at org.openqa.selenium.remote.http.W3CHttpResponseCodec.decode(W3CHttpResponseCodec.java:49)
	at org.openqa.selenium.remote.HttpCommandExecutor.execute(HttpCommandExecutor.java:158)
	at org.openqa.selenium.remote.service.DriverCommandExecutor.execute(DriverCommandExecutor.java:83)
	at org.openqa.selenium.remote.RemoteWebDriver.execute(RemoteWebDriver.java:552)
	at org.openqa.selenium.remote.RemoteWebDriver.findElement(RemoteWebDriver.java:323)
	at org.openqa.selenium.remote.RemoteWebDriver.findElementByXPath(RemoteWebDriver.java:428)
	at org.openqa.selenium.By$ByXPath.findElement(By.java:353)
	at org.openqa.selenium.remote.RemoteWebDriver.findElement(RemoteWebDriver.java:315)
	at org.openqa.selenium.support.pagefactory.DefaultElementLocator.findElement(DefaultElementLocator.java:69)
	at org.openqa.selenium.support.pagefactory.internal.LocatingElementHandler.invoke(LocatingElementHandler.java:38)
	at com.sun.proxy.$Proxy10.click(Unknown Source)
	at com.reports.pages.FavouriteReports.clickOnFavouriteReportsDropDown(FavouriteReports.java:134)
	at com.reports.testcases.TestBuilders.testRunFavReport(TestBuilders.java:717)
	at com.reports.testcases.TestPaymentforInsurance.check1MonthFavPDFReport(TestPaymentforInsurance.java:328)
... Removed 29 stack frames</div></td></tr></table><p class="totop"><a href="#summary">back to summary</a></p>
<h3 id="m1">com.reports.testcases.TestPaymentforInsurance#check2MonthFavPDFReport</h3><table class="result"><tr><th>Exception</th></tr><tr><td><div class="stacktrace">org.openqa.selenium.NoSuchElementException: Unable to locate element: //span[text() = &apos;Favourite Reports&apos;]
For documentation on this error, please visit: https://www.seleniumhq.org/exceptions/no_such_element.html
Build info: version: &apos;3.141.59&apos;, revision: &apos;e82be7d358&apos;, time: &apos;2018-11-14T08:25:53&apos;
System info: host: &apos;vaibhav-Latitude-3550&apos;, ip: &apos;127.0.1.1&apos;, os.name: &apos;Linux&apos;, os.arch: &apos;amd64&apos;, os.version: &apos;3.13.0-36-generic&apos;, java.version: &apos;1.8.0_201&apos;
Driver info: org.openqa.selenium.firefox.FirefoxDriver
Capabilities {acceptInsecureCerts: true, browserName: firefox, browserVersion: 65.0.1, javascriptEnabled: true, moz:accessibilityChecks: false, moz:geckodriverVersion: 0.24.0, moz:headless: false, moz:processID: 5337, moz:profile: /tmp/rust_mozprofile.prJv0E..., moz:shutdownTimeout: 60000, moz:useNonSpecCompliantPointerOrigin: false, moz:webdriverClick: true, pageLoadStrategy: normal, platform: LINUX, platformName: LINUX, platformVersion: 3.13.0-36-generic, rotatable: false, setWindowRect: true, strictFileInteractability: false, timeouts: {implicit: 0, pageLoad: 300000, script: 30000}, unhandledPromptBehavior: dismiss and notify}
Session ID: 3f34e78c-2058-40a6-8433-f0fbae0412bd
*** Element info: {Using=xpath, value=//span[text() = &apos;Favourite Reports&apos;]}
	at org.openqa.selenium.remote.http.W3CHttpResponseCodec.createException(W3CHttpResponseCodec.java:187)
	at org.openqa.selenium.remote.http.W3CHttpResponseCodec.decode(W3CHttpResponseCodec.java:122)
	at org.openqa.selenium.remote.http.W3CHttpResponseCodec.decode(W3CHttpResponseCodec.java:49)
	at org.openqa.selenium.remote.HttpCommandExecutor.execute(HttpCommandExecutor.java:158)
	at org.openqa.selenium.remote.service.DriverCommandExecutor.execute(DriverCommandExecutor.java:83)
	at org.openqa.selenium.remote.RemoteWebDriver.execute(RemoteWebDriver.java:552)
	at org.openqa.selenium.remote.RemoteWebDriver.findElement(RemoteWebDriver.java:323)
	at org.openqa.selenium.remote.RemoteWebDriver.findElementByXPath(RemoteWebDriver.java:428)
	at org.openqa.selenium.By$ByXPath.findElement(By.java:353)
	at org.openqa.selenium.remote.RemoteWebDriver.findElement(RemoteWebDriver.java:315)
	at org.openqa.selenium.support.pagefactory.DefaultElementLocator.findElement(DefaultElementLocator.java:69)
	at org.openqa.selenium.support.pagefactory.internal.LocatingElementHandler.invoke(LocatingElementHandler.java:38)
	at com.sun.proxy.$Proxy10.click(Unknown Source)
	at com.reports.pages.FavouriteReports.clickOnFavouriteReportsDropDown(FavouriteReports.java:134)
	at com.reports.testcases.TestBuilders.testRunFavReport(TestBuilders.java:717)
	at com.reports.testcases.TestPaymentforInsurance.check2MonthFavPDFReport(TestPaymentforInsurance.java:335)
... Removed 29 stack frames</div></td></tr></table><p class="totop"><a href="#summary">back to summary</a></p>
<h3 id="m2">com.reports.testcases.TestPaymentforInsurance#check3MonthFavPDFReport</h3><table class="result"><tr><th>Exception</th></tr><tr><td><div class="stacktrace">org.openqa.selenium.NoSuchElementException: Unable to locate element: //span[text() = &apos;Favourite Reports&apos;]
For documentation on this error, please visit: https://www.seleniumhq.org/exceptions/no_such_element.html
Build info: version: &apos;3.141.59&apos;, revision: &apos;e82be7d358&apos;, time: &apos;2018-11-14T08:25:53&apos;
System info: host: &apos;vaibhav-Latitude-3550&apos;, ip: &apos;127.0.1.1&apos;, os.name: &apos;Linux&apos;, os.arch: &apos;amd64&apos;, os.version: &apos;3.13.0-36-generic&apos;, java.version: &apos;1.8.0_201&apos;
Driver info: org.openqa.selenium.firefox.FirefoxDriver
Capabilities {acceptInsecureCerts: true, browserName: firefox, browserVersion: 65.0.1, javascriptEnabled: true, moz:accessibilityChecks: false, moz:geckodriverVersion: 0.24.0, moz:headless: false, moz:processID: 5337, moz:profile: /tmp/rust_mozprofile.prJv0E..., moz:shutdownTimeout: 60000, moz:useNonSpecCompliantPointerOrigin: false, moz:webdriverClick: true, pageLoadStrategy: normal, platform: LINUX, platformName: LINUX, platformVersion: 3.13.0-36-generic, rotatable: false, setWindowRect: true, strictFileInteractability: false, timeouts: {implicit: 0, pageLoad: 300000, script: 30000}, unhandledPromptBehavior: dismiss and notify}
Session ID: 3f34e78c-2058-40a6-8433-f0fbae0412bd
*** Element info: {Using=xpath, value=//span[text() = &apos;Favourite Reports&apos;]}
	at org.openqa.selenium.remote.http.W3CHttpResponseCodec.createException(W3CHttpResponseCodec.java:187)
	at org.openqa.selenium.remote.http.W3CHttpResponseCodec.decode(W3CHttpResponseCodec.java:122)
	at org.openqa.selenium.remote.http.W3CHttpResponseCodec.decode(W3CHttpResponseCodec.java:49)
	at org.openqa.selenium.remote.HttpCommandExecutor.execute(HttpCommandExecutor.java:158)
	at org.openqa.selenium.remote.service.DriverCommandExecutor.execute(DriverCommandExecutor.java:83)
	at org.openqa.selenium.remote.RemoteWebDriver.execute(RemoteWebDriver.java:552)
	at org.openqa.selenium.remote.RemoteWebDriver.findElement(RemoteWebDriver.java:323)
	at org.openqa.selenium.remote.RemoteWebDriver.findElementByXPath(RemoteWebDriver.java:428)
	at org.openqa.selenium.By$ByXPath.findElement(By.java:353)
	at org.openqa.selenium.remote.RemoteWebDriver.findElement(RemoteWebDriver.java:315)
	at org.openqa.selenium.support.pagefactory.DefaultElementLocator.findElement(DefaultElementLocator.java:69)
	at org.openqa.selenium.support.pagefactory.internal.LocatingElementHandler.invoke(LocatingElementHandler.java:38)
	at com.sun.proxy.$Proxy10.click(Unknown Source)
	at com.reports.pages.FavouriteReports.clickOnFavouriteReportsDropDown(FavouriteReports.java:134)
	at com.reports.testcases.TestBuilders.testRunFavReport(TestBuilders.java:717)
	at com.reports.testcases.TestPaymentforInsurance.check3MonthFavPDFReport(TestPaymentforInsurance.java:342)
... Removed 29 stack frames</div></td></tr></table><p class="totop"><a href="#summary">back to summary</a></p>
<h3 id="m3">com.reports.testcases.TestPaymentforInsurance#checkForCorporateOffice</h3><table class="result"><tr class="param"><th>Parameter #1</th><th>Parameter #2</th></tr><tr class="param stripe"><td>Previous Month</td><td>pdf</td></tr><tr><th colspan="2">Exception</th></tr><tr><td colspan="2"><div class="stacktrace">org.openqa.selenium.NoSuchElementException: Unable to locate element: #_sel
For documentation on this error, please visit: https://www.seleniumhq.org/exceptions/no_such_element.html
Build info: version: &apos;3.141.59&apos;, revision: &apos;e82be7d358&apos;, time: &apos;2018-11-14T08:25:53&apos;
System info: host: &apos;vaibhav-Latitude-3550&apos;, ip: &apos;127.0.1.1&apos;, os.name: &apos;Linux&apos;, os.arch: &apos;amd64&apos;, os.version: &apos;3.13.0-36-generic&apos;, java.version: &apos;1.8.0_201&apos;
Driver info: org.openqa.selenium.firefox.FirefoxDriver
Capabilities {acceptInsecureCerts: true, browserName: firefox, browserVersion: 65.0.1, javascriptEnabled: true, moz:accessibilityChecks: false, moz:geckodriverVersion: 0.24.0, moz:headless: false, moz:processID: 5337, moz:profile: /tmp/rust_mozprofile.prJv0E..., moz:shutdownTimeout: 60000, moz:useNonSpecCompliantPointerOrigin: false, moz:webdriverClick: true, pageLoadStrategy: normal, platform: LINUX, platformName: LINUX, platformVersion: 3.13.0-36-generic, rotatable: false, setWindowRect: true, strictFileInteractability: false, timeouts: {implicit: 0, pageLoad: 300000, script: 30000}, unhandledPromptBehavior: dismiss and notify}
Session ID: 3f34e78c-2058-40a6-8433-f0fbae0412bd
*** Element info: {Using=id, value=_sel}
	at org.openqa.selenium.remote.http.W3CHttpResponseCodec.createException(W3CHttpResponseCodec.java:187)
	at org.openqa.selenium.remote.http.W3CHttpResponseCodec.decode(W3CHttpResponseCodec.java:122)
	at org.openqa.selenium.remote.http.W3CHttpResponseCodec.decode(W3CHttpResponseCodec.java:49)
	at org.openqa.selenium.remote.HttpCommandExecutor.execute(HttpCommandExecutor.java:158)
	at org.openqa.selenium.remote.service.DriverCommandExecutor.execute(DriverCommandExecutor.java:83)
	at org.openqa.selenium.remote.RemoteWebDriver.execute(RemoteWebDriver.java:552)
	at org.openqa.selenium.remote.RemoteWebDriver.findElement(RemoteWebDriver.java:323)
	at org.openqa.selenium.remote.RemoteWebDriver.findElementById(RemoteWebDriver.java:372)
	at org.openqa.selenium.By$ById.findElement(By.java:188)
	at org.openqa.selenium.remote.RemoteWebDriver.findElement(RemoteWebDriver.java:315)
	at org.openqa.selenium.support.pagefactory.DefaultElementLocator.findElement(DefaultElementLocator.java:69)
	at org.openqa.selenium.support.pagefactory.internal.LocatingElementHandler.invoke(LocatingElementHandler.java:38)
	at com.sun.proxy.$Proxy10.getTagName(Unknown Source)
	at org.openqa.selenium.support.ui.Select.&lt;init&gt;(Select.java:45)
	at com.reports.pages.BuiderElements.selectDateRangeOPtion(BuiderElements.java:93)
	at com.reports.testcases.TestBuilders.checkForCorporateOffice(TestBuilders.java:374)
	at com.reports.testcases.TestPaymentforInsurance.checkForCorporateOffice(TestPaymentforInsurance.java:355)
... Removed 29 stack frames</div></td></tr></table><p class="totop"><a href="#summary">back to summary</a></p>
<h3 id="m4">com.reports.testcases.TestPaymentforInsurance#checkForCorporateOffice</h3><table class="result"><tr class="param"><th>Parameter #1</th><th>Parameter #2</th></tr><tr class="param stripe"><td>Yesterday</td><td>pdf</td></tr><tr><th colspan="2">Exception</th></tr><tr><td colspan="2"><div class="stacktrace">org.openqa.selenium.NoSuchElementException: Unable to locate element: //img[@src=&quot;/instanmc/icons/logout.png&quot;]
For documentation on this error, please visit: https://www.seleniumhq.org/exceptions/no_such_element.html
Build info: version: &apos;3.141.59&apos;, revision: &apos;e82be7d358&apos;, time: &apos;2018-11-14T08:25:53&apos;
System info: host: &apos;vaibhav-Latitude-3550&apos;, ip: &apos;127.0.1.1&apos;, os.name: &apos;Linux&apos;, os.arch: &apos;amd64&apos;, os.version: &apos;3.13.0-36-generic&apos;, java.version: &apos;1.8.0_201&apos;
Driver info: org.openqa.selenium.firefox.FirefoxDriver
Capabilities {acceptInsecureCerts: true, browserName: firefox, browserVersion: 65.0.1, javascriptEnabled: true, moz:accessibilityChecks: false, moz:geckodriverVersion: 0.24.0, moz:headless: false, moz:processID: 5337, moz:profile: /tmp/rust_mozprofile.prJv0E..., moz:shutdownTimeout: 60000, moz:useNonSpecCompliantPointerOrigin: false, moz:webdriverClick: true, pageLoadStrategy: normal, platform: LINUX, platformName: LINUX, platformVersion: 3.13.0-36-generic, rotatable: false, setWindowRect: true, strictFileInteractability: false, timeouts: {implicit: 0, pageLoad: 300000, script: 30000}, unhandledPromptBehavior: dismiss and notify}
Session ID: 3f34e78c-2058-40a6-8433-f0fbae0412bd
*** Element info: {Using=xpath, value=//img[@src=&quot;/instanmc/icons/logout.png&quot;]}
	at org.openqa.selenium.remote.http.W3CHttpResponseCodec.createException(W3CHttpResponseCodec.java:187)
	at org.openqa.selenium.remote.http.W3CHttpResponseCodec.decode(W3CHttpResponseCodec.java:122)
	at org.openqa.selenium.remote.http.W3CHttpResponseCodec.decode(W3CHttpResponseCodec.java:49)
	at org.openqa.selenium.remote.HttpCommandExecutor.execute(HttpCommandExecutor.java:158)
	at org.openqa.selenium.remote.service.DriverCommandExecutor.execute(DriverCommandExecutor.java:83)
	at org.openqa.selenium.remote.RemoteWebDriver.execute(RemoteWebDriver.java:552)
	at org.openqa.selenium.remote.RemoteWebDriver.findElement(RemoteWebDriver.java:323)
	at org.openqa.selenium.remote.RemoteWebDriver.findElementByXPath(RemoteWebDriver.java:428)
	at org.openqa.selenium.By$ByXPath.findElement(By.java:353)
	at org.openqa.selenium.remote.RemoteWebDriver.findElement(RemoteWebDriver.java:315)
	at org.openqa.selenium.support.pagefactory.DefaultElementLocator.findElement(DefaultElementLocator.java:69)
	at org.openqa.selenium.support.pagefactory.internal.LocatingElementHandler.invoke(LocatingElementHandler.java:38)
	at com.sun.proxy.$Proxy10.click(Unknown Source)
	at com.reports.pages.BuiderElements.clickOnLogOut(BuiderElements.java:248)
	at com.reports.testcases.TestBuilders.loginAsAdmin(TestBuilders.java:67)
	at com.reports.testcases.TestPaymentforInsurance.checkForCorporateOffice(TestPaymentforInsurance.java:352)
... Removed 29 stack frames</div></td></tr></table><p class="totop"><a href="#summary">back to summary</a></p>
<h3 id="m5">com.reports.testcases.TestPaymentforInsurance#checkForCorporateOffice</h3><table class="result"><tr class="param"><th>Parameter #1</th><th>Parameter #2</th></tr><tr class="param stripe"><td>Today</td><td>pdf</td></tr><tr><th colspan="2">Exception</th></tr><tr><td colspan="2"><div class="stacktrace">org.openqa.selenium.NoSuchElementException: Unable to locate element: #_sel
For documentation on this error, please visit: https://www.seleniumhq.org/exceptions/no_such_element.html
Build info: version: &apos;3.141.59&apos;, revision: &apos;e82be7d358&apos;, time: &apos;2018-11-14T08:25:53&apos;
System info: host: &apos;vaibhav-Latitude-3550&apos;, ip: &apos;127.0.1.1&apos;, os.name: &apos;Linux&apos;, os.arch: &apos;amd64&apos;, os.version: &apos;3.13.0-36-generic&apos;, java.version: &apos;1.8.0_201&apos;
Driver info: org.openqa.selenium.firefox.FirefoxDriver
Capabilities {acceptInsecureCerts: true, browserName: firefox, browserVersion: 65.0.1, javascriptEnabled: true, moz:accessibilityChecks: false, moz:geckodriverVersion: 0.24.0, moz:headless: false, moz:processID: 5337, moz:profile: /tmp/rust_mozprofile.prJv0E..., moz:shutdownTimeout: 60000, moz:useNonSpecCompliantPointerOrigin: false, moz:webdriverClick: true, pageLoadStrategy: normal, platform: LINUX, platformName: LINUX, platformVersion: 3.13.0-36-generic, rotatable: false, setWindowRect: true, strictFileInteractability: false, timeouts: {implicit: 0, pageLoad: 300000, script: 30000}, unhandledPromptBehavior: dismiss and notify}
Session ID: 3f34e78c-2058-40a6-8433-f0fbae0412bd
*** Element info: {Using=id, value=_sel}
	at org.openqa.selenium.remote.http.W3CHttpResponseCodec.createException(W3CHttpResponseCodec.java:187)
	at org.openqa.selenium.remote.http.W3CHttpResponseCodec.decode(W3CHttpResponseCodec.java:122)
	at org.openqa.selenium.remote.http.W3CHttpResponseCodec.decode(W3CHttpResponseCodec.java:49)
	at org.openqa.selenium.remote.HttpCommandExecutor.execute(HttpCommandExecutor.java:158)
	at org.openqa.selenium.remote.service.DriverCommandExecutor.execute(DriverCommandExecutor.java:83)
	at org.openqa.selenium.remote.RemoteWebDriver.execute(RemoteWebDriver.java:552)
	at org.openqa.selenium.remote.RemoteWebDriver.findElement(RemoteWebDriver.java:323)
	at org.openqa.selenium.remote.RemoteWebDriver.findElementById(RemoteWebDriver.java:372)
	at org.openqa.selenium.By$ById.findElement(By.java:188)
	at org.openqa.selenium.remote.RemoteWebDriver.findElement(RemoteWebDriver.java:315)
	at org.openqa.selenium.support.pagefactory.DefaultElementLocator.findElement(DefaultElementLocator.java:69)
	at org.openqa.selenium.support.pagefactory.internal.LocatingElementHandler.invoke(LocatingElementHandler.java:38)
	at com.sun.proxy.$Proxy10.getTagName(Unknown Source)
	at org.openqa.selenium.support.ui.Select.&lt;init&gt;(Select.java:45)
	at com.reports.pages.BuiderElements.selectDateRangeOPtion(BuiderElements.java:93)
	at com.reports.testcases.TestBuilders.checkForCorporateOffice(TestBuilders.java:374)
	at com.reports.testcases.TestPaymentforInsurance.checkForCorporateOffice(TestPaymentforInsurance.java:355)
... Removed 29 stack frames</div></td></tr></table><p class="totop"><a href="#summary">back to summary</a></p>
<h3 id="m6">com.reports.testcases.TestPaymentforInsurance#checkForCorporateOffice</h3><table class="result"><tr class="param"><th>Parameter #1</th><th>Parameter #2</th></tr><tr class="param stripe"><td>Today</td><td>csv</td></tr><tr><th colspan="2">Exception</th></tr><tr><td colspan="2"><div class="stacktrace">org.openqa.selenium.WebDriverException: Failed to convert data to an object
Build info: version: &apos;3.141.59&apos;, revision: &apos;e82be7d358&apos;, time: &apos;2018-11-14T08:25:53&apos;
System info: host: &apos;vaibhav-Latitude-3550&apos;, ip: &apos;127.0.1.1&apos;, os.name: &apos;Linux&apos;, os.arch: &apos;amd64&apos;, os.version: &apos;3.13.0-36-generic&apos;, java.version: &apos;1.8.0_201&apos;
Driver info: org.openqa.selenium.firefox.FirefoxDriver
Capabilities {acceptInsecureCerts: true, browserName: firefox, browserVersion: 65.0.1, javascriptEnabled: true, moz:accessibilityChecks: false, moz:geckodriverVersion: 0.24.0, moz:headless: false, moz:processID: 5337, moz:profile: /tmp/rust_mozprofile.prJv0E..., moz:shutdownTimeout: 60000, moz:useNonSpecCompliantPointerOrigin: false, moz:webdriverClick: true, pageLoadStrategy: normal, platform: LINUX, platformName: LINUX, platformVersion: 3.13.0-36-generic, rotatable: false, setWindowRect: true, strictFileInteractability: false, timeouts: {implicit: 0, pageLoad: 300000, script: 30000}, unhandledPromptBehavior: dismiss and notify}
Session ID: 3f34e78c-2058-40a6-8433-f0fbae0412bd
*** Element info: {Using=id, value=_sel}
	at org.openqa.selenium.remote.http.W3CHttpResponseCodec.createException(W3CHttpResponseCodec.java:187)
	at org.openqa.selenium.remote.http.W3CHttpResponseCodec.decode(W3CHttpResponseCodec.java:122)
	at org.openqa.selenium.remote.http.W3CHttpResponseCodec.decode(W3CHttpResponseCodec.java:49)
	at org.openqa.selenium.remote.HttpCommandExecutor.execute(HttpCommandExecutor.java:158)
	at org.openqa.selenium.remote.service.DriverCommandExecutor.execute(DriverCommandExecutor.java:83)
	at org.openqa.selenium.remote.RemoteWebDriver.execute(RemoteWebDriver.java:552)
	at org.openqa.selenium.remote.RemoteWebDriver.findElement(RemoteWebDriver.java:323)
	at org.openqa.selenium.remote.RemoteWebDriver.findElementById(RemoteWebDriver.java:372)
	at org.openqa.selenium.By$ById.findElement(By.java:188)
	at org.openqa.selenium.remote.RemoteWebDriver.findElement(RemoteWebDriver.java:315)
	at org.openqa.selenium.support.pagefactory.DefaultElementLocator.findElement(DefaultElementLocator.java:69)
	at org.openqa.selenium.support.pagefactory.internal.LocatingElementHandler.invoke(LocatingElementHandler.java:38)
	at com.sun.proxy.$Proxy10.getTagName(Unknown Source)
	at org.openqa.selenium.support.ui.Select.&lt;init&gt;(Select.java:45)
	at com.reports.pages.BuiderElements.selectDateRangeOPtion(BuiderElements.java:93)
	at com.reports.testcases.TestBuilders.checkForCorporateOffice(TestBuilders.java:374)
	at com.reports.testcases.TestPaymentforInsurance.checkForCorporateOffice(TestPaymentforInsurance.java:355)
... Removed 29 stack frames</div></td></tr></table><p class="totop"><a href="#summary">back to summary</a></p>
<h3 id="m7">com.reports.testcases.TestPaymentforInsurance#checkForCorporateOffice</h3><table class="result"><tr class="param"><th>Parameter #1</th><th>Parameter #2</th></tr><tr class="param stripe"><td>Custom Date</td><td>pdf</td></tr><tr><th colspan="2">Exception</th></tr><tr><td colspan="2"><div class="stacktrace">org.openqa.selenium.NoSuchElementException: Unable to locate element: #_sel
For documentation on this error, please visit: https://www.seleniumhq.org/exceptions/no_such_element.html
Build info: version: &apos;3.141.59&apos;, revision: &apos;e82be7d358&apos;, time: &apos;2018-11-14T08:25:53&apos;
System info: host: &apos;vaibhav-Latitude-3550&apos;, ip: &apos;127.0.1.1&apos;, os.name: &apos;Linux&apos;, os.arch: &apos;amd64&apos;, os.version: &apos;3.13.0-36-generic&apos;, java.version: &apos;1.8.0_201&apos;
Driver info: org.openqa.selenium.firefox.FirefoxDriver
Capabilities {acceptInsecureCerts: true, browserName: firefox, browserVersion: 65.0.1, javascriptEnabled: true, moz:accessibilityChecks: false, moz:geckodriverVersion: 0.24.0, moz:headless: false, moz:processID: 5337, moz:profile: /tmp/rust_mozprofile.prJv0E..., moz:shutdownTimeout: 60000, moz:useNonSpecCompliantPointerOrigin: false, moz:webdriverClick: true, pageLoadStrategy: normal, platform: LINUX, platformName: LINUX, platformVersion: 3.13.0-36-generic, rotatable: false, setWindowRect: true, strictFileInteractability: false, timeouts: {implicit: 0, pageLoad: 300000, script: 30000}, unhandledPromptBehavior: dismiss and notify}
Session ID: 3f34e78c-2058-40a6-8433-f0fbae0412bd
*** Element info: {Using=id, value=_sel}
	at org.openqa.selenium.remote.http.W3CHttpResponseCodec.createException(W3CHttpResponseCodec.java:187)
	at org.openqa.selenium.remote.http.W3CHttpResponseCodec.decode(W3CHttpResponseCodec.java:122)
	at org.openqa.selenium.remote.http.W3CHttpResponseCodec.decode(W3CHttpResponseCodec.java:49)
	at org.openqa.selenium.remote.HttpCommandExecutor.execute(HttpCommandExecutor.java:158)
	at org.openqa.selenium.remote.service.DriverCommandExecutor.execute(DriverCommandExecutor.java:83)
	at org.openqa.selenium.remote.RemoteWebDriver.execute(RemoteWebDriver.java:552)
	at org.openqa.selenium.remote.RemoteWebDriver.findElement(RemoteWebDriver.java:323)
	at org.openqa.selenium.remote.RemoteWebDriver.findElementById(RemoteWebDriver.java:372)
	at org.openqa.selenium.By$ById.findElement(By.java:188)
	at org.openqa.selenium.remote.RemoteWebDriver.findElement(RemoteWebDriver.java:315)
	at org.openqa.selenium.support.pagefactory.DefaultElementLocator.findElement(DefaultElementLocator.java:69)
	at org.openqa.selenium.support.pagefactory.internal.LocatingElementHandler.invoke(LocatingElementHandler.java:38)
	at com.sun.proxy.$Proxy10.getTagName(Unknown Source)
	at org.openqa.selenium.support.ui.Select.&lt;init&gt;(Select.java:45)
	at com.reports.pages.BuiderElements.selectDateRangeOPtion(BuiderElements.java:93)
	at com.reports.testcases.TestBuilders.checkForCorporateOffice(TestBuilders.java:374)
	at com.reports.testcases.TestPaymentforInsurance.checkForCorporateOffice(TestPaymentforInsurance.java:355)
... Removed 29 stack frames</div></td></tr></table><p class="totop"><a href="#summary">back to summary</a></p>
<h3 id="m8">com.reports.testcases.TestPaymentforInsurance#checkForCorporateOffice</h3><table class="result"><tr class="param"><th>Parameter #1</th><th>Parameter #2</th></tr><tr class="param stripe"><td>This Month</td><td>csv</td></tr><tr><th colspan="2">Exception</th></tr><tr><td colspan="2"><div class="stacktrace">org.openqa.selenium.NoSuchSessionException: Tried to run command without establishing a connection
Build info: version: &apos;3.141.59&apos;, revision: &apos;e82be7d358&apos;, time: &apos;2018-11-14T08:25:53&apos;
System info: host: &apos;vaibhav-Latitude-3550&apos;, ip: &apos;127.0.1.1&apos;, os.name: &apos;Linux&apos;, os.arch: &apos;amd64&apos;, os.version: &apos;3.13.0-36-generic&apos;, java.version: &apos;1.8.0_201&apos;
Driver info: org.openqa.selenium.firefox.FirefoxDriver
Capabilities {acceptInsecureCerts: true, browserName: firefox, browserVersion: 65.0.1, javascriptEnabled: true, moz:accessibilityChecks: false, moz:geckodriverVersion: 0.24.0, moz:headless: false, moz:processID: 5337, moz:profile: /tmp/rust_mozprofile.prJv0E..., moz:shutdownTimeout: 60000, moz:useNonSpecCompliantPointerOrigin: false, moz:webdriverClick: true, pageLoadStrategy: normal, platform: LINUX, platformName: LINUX, platformVersion: 3.13.0-36-generic, rotatable: false, setWindowRect: true, strictFileInteractability: false, timeouts: {implicit: 0, pageLoad: 300000, script: 30000}, unhandledPromptBehavior: dismiss and notify}
Session ID: 3f34e78c-2058-40a6-8433-f0fbae0412bd
*** Element info: {Using=id, value=_sel}
	at org.openqa.selenium.remote.http.W3CHttpResponseCodec.createException(W3CHttpResponseCodec.java:187)
	at org.openqa.selenium.remote.http.W3CHttpResponseCodec.decode(W3CHttpResponseCodec.java:122)
	at org.openqa.selenium.remote.http.W3CHttpResponseCodec.decode(W3CHttpResponseCodec.java:49)
	at org.openqa.selenium.remote.HttpCommandExecutor.execute(HttpCommandExecutor.java:158)
	at org.openqa.selenium.remote.service.DriverCommandExecutor.execute(DriverCommandExecutor.java:83)
	at org.openqa.selenium.remote.RemoteWebDriver.execute(RemoteWebDriver.java:552)
	at org.openqa.selenium.remote.RemoteWebDriver.findElement(RemoteWebDriver.java:323)
	at org.openqa.selenium.remote.RemoteWebDriver.findElementById(RemoteWebDriver.java:372)
	at org.openqa.selenium.By$ById.findElement(By.java:188)
	at org.openqa.selenium.remote.RemoteWebDriver.findElement(RemoteWebDriver.java:315)
	at org.openqa.selenium.support.pagefactory.DefaultElementLocator.findElement(DefaultElementLocator.java:69)
	at org.openqa.selenium.support.pagefactory.internal.LocatingElementHandler.invoke(LocatingElementHandler.java:38)
	at com.sun.proxy.$Proxy10.getTagName(Unknown Source)
	at org.openqa.selenium.support.ui.Select.&lt;init&gt;(Select.java:45)
	at com.reports.pages.BuiderElements.selectDateRangeOPtion(BuiderElements.java:93)
	at com.reports.testcases.TestBuilders.checkForCorporateOffice(TestBuilders.java:374)
	at com.reports.testcases.TestPaymentforInsurance.checkForCorporateOffice(TestPaymentforInsurance.java:355)
... Removed 29 stack frames</div></td></tr></table><p class="totop"><a href="#summary">back to summary</a></p>
<h3 id="m9">com.reports.testcases.TestPaymentforInsurance#checkForCorporateOffice</h3><table class="result"><tr class="param"><th>Parameter #1</th><th>Parameter #2</th></tr><tr class="param stripe"><td>This Month</td><td>pdf</td></tr><tr><th colspan="2">Exception</th></tr><tr><td colspan="2"><div class="stacktrace">org.openqa.selenium.NoSuchElementException: Unable to locate element: #_sel
For documentation on this error, please visit: https://www.seleniumhq.org/exceptions/no_such_element.html
Build info: version: &apos;3.141.59&apos;, revision: &apos;e82be7d358&apos;, time: &apos;2018-11-14T08:25:53&apos;
System info: host: &apos;vaibhav-Latitude-3550&apos;, ip: &apos;127.0.1.1&apos;, os.name: &apos;Linux&apos;, os.arch: &apos;amd64&apos;, os.version: &apos;3.13.0-36-generic&apos;, java.version: &apos;1.8.0_201&apos;
Driver info: org.openqa.selenium.firefox.FirefoxDriver
Capabilities {acceptInsecureCerts: true, browserName: firefox, browserVersion: 65.0.1, javascriptEnabled: true, moz:accessibilityChecks: false, moz:geckodriverVersion: 0.24.0, moz:headless: false, moz:processID: 5337, moz:profile: /tmp/rust_mozprofile.prJv0E..., moz:shutdownTimeout: 60000, moz:useNonSpecCompliantPointerOrigin: false, moz:webdriverClick: true, pageLoadStrategy: normal, platform: LINUX, platformName: LINUX, platformVersion: 3.13.0-36-generic, rotatable: false, setWindowRect: true, strictFileInteractability: false, timeouts: {implicit: 0, pageLoad: 300000, script: 30000}, unhandledPromptBehavior: dismiss and notify}
Session ID: 3f34e78c-2058-40a6-8433-f0fbae0412bd
*** Element info: {Using=id, value=_sel}
	at org.openqa.selenium.remote.http.W3CHttpResponseCodec.createException(W3CHttpResponseCodec.java:187)
	at org.openqa.selenium.remote.http.W3CHttpResponseCodec.decode(W3CHttpResponseCodec.java:122)
	at org.openqa.selenium.remote.http.W3CHttpResponseCodec.decode(W3CHttpResponseCodec.java:49)
	at org.openqa.selenium.remote.HttpCommandExecutor.execute(HttpCommandExecutor.java:158)
	at org.openqa.selenium.remote.service.DriverCommandExecutor.execute(DriverCommandExecutor.java:83)
	at org.openqa.selenium.remote.RemoteWebDriver.execute(RemoteWebDriver.java:552)
	at org.openqa.selenium.remote.RemoteWebDriver.findElement(RemoteWebDriver.java:323)
	at org.openqa.selenium.remote.RemoteWebDriver.findElementById(RemoteWebDriver.java:372)
	at org.openqa.selenium.By$ById.findElement(By.java:188)
	at org.openqa.selenium.remote.RemoteWebDriver.findElement(RemoteWebDriver.java:315)
	at org.openqa.selenium.support.pagefactory.DefaultElementLocator.findElement(DefaultElementLocator.java:69)
	at org.openqa.selenium.support.pagefactory.internal.LocatingElementHandler.invoke(LocatingElementHandler.java:38)
	at com.sun.proxy.$Proxy10.getTagName(Unknown Source)
	at org.openqa.selenium.support.ui.Select.&lt;init&gt;(Select.java:45)
	at com.reports.pages.BuiderElements.selectDateRangeOPtion(BuiderElements.java:93)
	at com.reports.testcases.TestBuilders.checkForCorporateOffice(TestBuilders.java:374)
	at com.reports.testcases.TestPaymentforInsurance.checkForCorporateOffice(TestPaymentforInsurance.java:355)
... Removed 29 stack frames</div></td></tr></table><p class="totop"><a href="#summary">back to summary</a></p>
<h3 id="m10">com.reports.testcases.TestPaymentforInsurance#checkForCorporateOffice</h3><table class="result"><tr class="param"><th>Parameter #1</th><th>Parameter #2</th></tr><tr class="param stripe"><td>Previous Month</td><td>text</td></tr><tr><th colspan="2">Exception</th></tr><tr><td colspan="2"><div class="stacktrace">org.openqa.selenium.WebDriverException: Failed to decode response from marionette
Build info: version: &apos;3.141.59&apos;, revision: &apos;e82be7d358&apos;, time: &apos;2018-11-14T08:25:53&apos;
System info: host: &apos;vaibhav-Latitude-3550&apos;, ip: &apos;127.0.1.1&apos;, os.name: &apos;Linux&apos;, os.arch: &apos;amd64&apos;, os.version: &apos;3.13.0-36-generic&apos;, java.version: &apos;1.8.0_201&apos;
Driver info: org.openqa.selenium.firefox.FirefoxDriver
Capabilities {acceptInsecureCerts: true, browserName: firefox, browserVersion: 65.0.1, javascriptEnabled: true, moz:accessibilityChecks: false, moz:geckodriverVersion: 0.24.0, moz:headless: false, moz:processID: 5337, moz:profile: /tmp/rust_mozprofile.prJv0E..., moz:shutdownTimeout: 60000, moz:useNonSpecCompliantPointerOrigin: false, moz:webdriverClick: true, pageLoadStrategy: normal, platform: LINUX, platformName: LINUX, platformVersion: 3.13.0-36-generic, rotatable: false, setWindowRect: true, strictFileInteractability: false, timeouts: {implicit: 0, pageLoad: 300000, script: 30000}, unhandledPromptBehavior: dismiss and notify}
Session ID: 3f34e78c-2058-40a6-8433-f0fbae0412bd
*** Element info: {Using=id, value=_sel}
	at org.openqa.selenium.remote.http.W3CHttpResponseCodec.createException(W3CHttpResponseCodec.java:187)
	at org.openqa.selenium.remote.http.W3CHttpResponseCodec.decode(W3CHttpResponseCodec.java:122)
	at org.openqa.selenium.remote.http.W3CHttpResponseCodec.decode(W3CHttpResponseCodec.java:49)
	at org.openqa.selenium.remote.HttpCommandExecutor.execute(HttpCommandExecutor.java:158)
	at org.openqa.selenium.remote.service.DriverCommandExecutor.execute(DriverCommandExecutor.java:83)
	at org.openqa.selenium.remote.RemoteWebDriver.execute(RemoteWebDriver.java:552)
	at org.openqa.selenium.remote.RemoteWebDriver.findElement(RemoteWebDriver.java:323)
	at org.openqa.selenium.remote.RemoteWebDriver.findElementById(RemoteWebDriver.java:372)
	at org.openqa.selenium.By$ById.findElement(By.java:188)
	at org.openqa.selenium.remote.RemoteWebDriver.findElement(RemoteWebDriver.java:315)
	at org.openqa.selenium.support.pagefactory.DefaultElementLocator.findElement(DefaultElementLocator.java:69)
	at org.openqa.selenium.support.pagefactory.internal.LocatingElementHandler.invoke(LocatingElementHandler.java:38)
	at com.sun.proxy.$Proxy10.getTagName(Unknown Source)
	at org.openqa.selenium.support.ui.Select.&lt;init&gt;(Select.java:45)
	at com.reports.pages.BuiderElements.selectDateRangeOPtion(BuiderElements.java:93)
	at com.reports.testcases.TestBuilders.checkForCorporateOffice(TestBuilders.java:374)
	at com.reports.testcases.TestPaymentforInsurance.checkForCorporateOffice(TestPaymentforInsurance.java:355)
... Removed 29 stack frames</div></td></tr></table><p class="totop"><a href="#summary">back to summary</a></p>
<h3 id="m11">com.reports.testcases.TestPaymentforInsurance#checkForCorporateOffice_fav1</h3><table class="result"><tr><th>Exception</th></tr><tr><td><div class="stacktrace">org.openqa.selenium.NoSuchSessionException: Tried to run command without establishing a connection
Build info: version: &apos;3.141.59&apos;, revision: &apos;e82be7d358&apos;, time: &apos;2018-11-14T08:25:53&apos;
System info: host: &apos;vaibhav-Latitude-3550&apos;, ip: &apos;127.0.1.1&apos;, os.name: &apos;Linux&apos;, os.arch: &apos;amd64&apos;, os.version: &apos;3.13.0-36-generic&apos;, java.version: &apos;1.8.0_201&apos;
Driver info: org.openqa.selenium.firefox.FirefoxDriver
Capabilities {acceptInsecureCerts: true, browserName: firefox, browserVersion: 65.0.1, javascriptEnabled: true, moz:accessibilityChecks: false, moz:geckodriverVersion: 0.24.0, moz:headless: false, moz:processID: 5337, moz:profile: /tmp/rust_mozprofile.prJv0E..., moz:shutdownTimeout: 60000, moz:useNonSpecCompliantPointerOrigin: false, moz:webdriverClick: true, pageLoadStrategy: normal, platform: LINUX, platformName: LINUX, platformVersion: 3.13.0-36-generic, rotatable: false, setWindowRect: true, strictFileInteractability: false, timeouts: {implicit: 0, pageLoad: 300000, script: 30000}, unhandledPromptBehavior: dismiss and notify}
Session ID: 3f34e78c-2058-40a6-8433-f0fbae0412bd
*** Element info: {Using=xpath, value=//img[@src=&quot;/instanmc/icons/logout.png&quot;]}
	at org.openqa.selenium.remote.http.W3CHttpResponseCodec.createException(W3CHttpResponseCodec.java:187)
	at org.openqa.selenium.remote.http.W3CHttpResponseCodec.decode(W3CHttpResponseCodec.java:122)
	at org.openqa.selenium.remote.http.W3CHttpResponseCodec.decode(W3CHttpResponseCodec.java:49)
	at org.openqa.selenium.remote.HttpCommandExecutor.execute(HttpCommandExecutor.java:158)
	at org.openqa.selenium.remote.service.DriverCommandExecutor.execute(DriverCommandExecutor.java:83)
	at org.openqa.selenium.remote.RemoteWebDriver.execute(RemoteWebDriver.java:552)
	at org.openqa.selenium.remote.RemoteWebDriver.findElement(RemoteWebDriver.java:323)
	at org.openqa.selenium.remote.RemoteWebDriver.findElementByXPath(RemoteWebDriver.java:428)
	at org.openqa.selenium.By$ByXPath.findElement(By.java:353)
	at org.openqa.selenium.remote.RemoteWebDriver.findElement(RemoteWebDriver.java:315)
	at org.openqa.selenium.support.pagefactory.DefaultElementLocator.findElement(DefaultElementLocator.java:69)
	at org.openqa.selenium.support.pagefactory.internal.LocatingElementHandler.invoke(LocatingElementHandler.java:38)
	at com.sun.proxy.$Proxy10.click(Unknown Source)
	at com.reports.pages.BuiderElements.clickOnLogOut(BuiderElements.java:248)
	at com.reports.testcases.TestBuilders.loginAsAdmin(TestBuilders.java:67)
	at com.reports.testcases.TestPaymentforInsurance.checkForCorporateOffice_fav1(TestPaymentforInsurance.java:362)
... Removed 29 stack frames</div></td></tr></table><p class="totop"><a href="#summary">back to summary</a></p>
<h3 id="m12">com.reports.testcases.TestPaymentforInsurance#chekForCorporateOffice_fav2</h3><table class="result"><tr><th>Exception</th></tr><tr><td><div class="stacktrace">org.openqa.selenium.NoSuchSessionException: Tried to run command without establishing a connection
Build info: version: &apos;3.141.59&apos;, revision: &apos;e82be7d358&apos;, time: &apos;2018-11-14T08:25:53&apos;
System info: host: &apos;vaibhav-Latitude-3550&apos;, ip: &apos;127.0.1.1&apos;, os.name: &apos;Linux&apos;, os.arch: &apos;amd64&apos;, os.version: &apos;3.13.0-36-generic&apos;, java.version: &apos;1.8.0_201&apos;
Driver info: org.openqa.selenium.firefox.FirefoxDriver
Capabilities {acceptInsecureCerts: true, browserName: firefox, browserVersion: 65.0.1, javascriptEnabled: true, moz:accessibilityChecks: false, moz:geckodriverVersion: 0.24.0, moz:headless: false, moz:processID: 5337, moz:profile: /tmp/rust_mozprofile.prJv0E..., moz:shutdownTimeout: 60000, moz:useNonSpecCompliantPointerOrigin: false, moz:webdriverClick: true, pageLoadStrategy: normal, platform: LINUX, platformName: LINUX, platformVersion: 3.13.0-36-generic, rotatable: false, setWindowRect: true, strictFileInteractability: false, timeouts: {implicit: 0, pageLoad: 300000, script: 30000}, unhandledPromptBehavior: dismiss and notify}
Session ID: 3f34e78c-2058-40a6-8433-f0fbae0412bd
	at org.openqa.selenium.remote.http.W3CHttpResponseCodec.createException(W3CHttpResponseCodec.java:187)
	at org.openqa.selenium.remote.http.W3CHttpResponseCodec.decode(W3CHttpResponseCodec.java:122)
	at org.openqa.selenium.remote.http.W3CHttpResponseCodec.decode(W3CHttpResponseCodec.java:49)
	at org.openqa.selenium.remote.HttpCommandExecutor.execute(HttpCommandExecutor.java:158)
	at org.openqa.selenium.remote.service.DriverCommandExecutor.execute(DriverCommandExecutor.java:83)
	at org.openqa.selenium.remote.RemoteWebDriver.execute(RemoteWebDriver.java:552)
	at org.openqa.selenium.remote.RemoteWebDriver.execute(RemoteWebDriver.java:609)
	at org.openqa.selenium.remote.RemoteWebDriver.getTitle(RemoteWebDriver.java:281)
	at com.reports.testcases.TestBuilders.checkFavForCorporate(TestBuilders.java:780)
	at com.reports.testcases.TestPaymentforInsurance.chekForCorporateOffice_fav2(TestPaymentforInsurance.java:372)
... Removed 29 stack frames</div></td></tr></table><p class="totop"><a href="#summary">back to summary</a></p>
<h3 id="m13">com.reports.testcases.TestPaymentforInsurance#chekForCorporateOffice_fav3</h3><table class="result"><tr><th>Exception</th></tr><tr><td><div class="stacktrace">org.openqa.selenium.NoSuchSessionException: Tried to run command without establishing a connection
Build info: version: &apos;3.141.59&apos;, revision: &apos;e82be7d358&apos;, time: &apos;2018-11-14T08:25:53&apos;
System info: host: &apos;vaibhav-Latitude-3550&apos;, ip: &apos;127.0.1.1&apos;, os.name: &apos;Linux&apos;, os.arch: &apos;amd64&apos;, os.version: &apos;3.13.0-36-generic&apos;, java.version: &apos;1.8.0_201&apos;
Driver info: org.openqa.selenium.firefox.FirefoxDriver
Capabilities {acceptInsecureCerts: true, browserName: firefox, browserVersion: 65.0.1, javascriptEnabled: true, moz:accessibilityChecks: false, moz:geckodriverVersion: 0.24.0, moz:headless: false, moz:processID: 5337, moz:profile: /tmp/rust_mozprofile.prJv0E..., moz:shutdownTimeout: 60000, moz:useNonSpecCompliantPointerOrigin: false, moz:webdriverClick: true, pageLoadStrategy: normal, platform: LINUX, platformName: LINUX, platformVersion: 3.13.0-36-generic, rotatable: false, setWindowRect: true, strictFileInteractability: false, timeouts: {implicit: 0, pageLoad: 300000, script: 30000}, unhandledPromptBehavior: dismiss and notify}
Session ID: 3f34e78c-2058-40a6-8433-f0fbae0412bd
	at org.openqa.selenium.remote.http.W3CHttpResponseCodec.createException(W3CHttpResponseCodec.java:187)
	at org.openqa.selenium.remote.http.W3CHttpResponseCodec.decode(W3CHttpResponseCodec.java:122)
	at org.openqa.selenium.remote.http.W3CHttpResponseCodec.decode(W3CHttpResponseCodec.java:49)
	at org.openqa.selenium.remote.HttpCommandExecutor.execute(HttpCommandExecutor.java:158)
	at org.openqa.selenium.remote.service.DriverCommandExecutor.execute(DriverCommandExecutor.java:83)
	at org.openqa.selenium.remote.RemoteWebDriver.execute(RemoteWebDriver.java:552)
	at org.openqa.selenium.remote.RemoteWebDriver.execute(RemoteWebDriver.java:609)
	at org.openqa.selenium.remote.RemoteWebDriver.getTitle(RemoteWebDriver.java:281)
	at com.reports.testcases.TestBuilders.checkFavForCorporate(TestBuilders.java:780)
	at com.reports.testcases.TestPaymentforInsurance.chekForCorporateOffice_fav3(TestPaymentforInsurance.java:379)
... Removed 29 stack frames</div></td></tr></table><p class="totop"><a href="#summary">back to summary</a></p>
<h3 id="m14">com.reports.testcases.TestPaymentforInsurance#closeBrowswe</h3><table class="result"><tr><th>Exception</th></tr><tr><td><div class="stacktrace">org.openqa.selenium.NoSuchSessionException: Tried to run command without establishing a connection
Build info: version: &apos;3.141.59&apos;, revision: &apos;e82be7d358&apos;, time: &apos;2018-11-14T08:25:53&apos;
System info: host: &apos;vaibhav-Latitude-3550&apos;, ip: &apos;127.0.1.1&apos;, os.name: &apos;Linux&apos;, os.arch: &apos;amd64&apos;, os.version: &apos;3.13.0-36-generic&apos;, java.version: &apos;1.8.0_201&apos;
Driver info: org.openqa.selenium.firefox.FirefoxDriver
Capabilities {acceptInsecureCerts: true, browserName: firefox, browserVersion: 65.0.1, javascriptEnabled: true, moz:accessibilityChecks: false, moz:geckodriverVersion: 0.24.0, moz:headless: false, moz:processID: 5337, moz:profile: /tmp/rust_mozprofile.prJv0E..., moz:shutdownTimeout: 60000, moz:useNonSpecCompliantPointerOrigin: false, moz:webdriverClick: true, pageLoadStrategy: normal, platform: LINUX, platformName: LINUX, platformVersion: 3.13.0-36-generic, rotatable: false, setWindowRect: true, strictFileInteractability: false, timeouts: {implicit: 0, pageLoad: 300000, script: 30000}, unhandledPromptBehavior: dismiss and notify}
Session ID: 3f34e78c-2058-40a6-8433-f0fbae0412bd
	at org.openqa.selenium.remote.http.W3CHttpResponseCodec.createException(W3CHttpResponseCodec.java:187)
	at org.openqa.selenium.remote.http.W3CHttpResponseCodec.decode(W3CHttpResponseCodec.java:122)
	at org.openqa.selenium.remote.http.W3CHttpResponseCodec.decode(W3CHttpResponseCodec.java:49)
	at org.openqa.selenium.remote.HttpCommandExecutor.execute(HttpCommandExecutor.java:158)
	at org.openqa.selenium.remote.service.DriverCommandExecutor.execute(DriverCommandExecutor.java:83)
	at org.openqa.selenium.remote.RemoteWebDriver.execute(RemoteWebDriver.java:552)
	at org.openqa.selenium.remote.RemoteWebDriver.execute(RemoteWebDriver.java:609)
	at org.openqa.selenium.remote.RemoteWebDriver.close(RemoteWebDriver.java:442)
	at com.reports.testcases.TestPaymentforInsurance.closeBrowswe(TestPaymentforInsurance.java:386)
... Removed 29 stack frames</div></td></tr></table><p class="totop"><a href="#summary">back to summary</a></p>
<h3 id="m15">com.reports.testcases.TestPaymentforInsurance#checkAutoCustomDateOption</h3><table class="result"><tr><th class="invisible"/></tr></table><p class="totop"><a href="#summary">back to summary</a></p>
<h3 id="m16">com.reports.testcases.TestPaymentforInsurance#checkFavouriteReportsForDefaultDate_option1</h3><table class="result"><tr><th class="invisible"/></tr></table><p class="totop"><a href="#summary">back to summary</a></p>
<h3 id="m17">com.reports.testcases.TestPaymentforInsurance#checkFavouriteReportsForDefaultDate_option2</h3><table class="result"><tr><th class="invisible"/></tr></table><p class="totop"><a href="#summary">back to summary</a></p>
<h3 id="m18">com.reports.testcases.TestPaymentforInsurance#checkFavouriteReportsForDefaultDate_option3</h3><table class="result"><tr><th class="invisible"/></tr></table><p class="totop"><a href="#summary">back to summary</a></p>
<h3 id="m19">com.reports.testcases.TestPaymentforInsurance#checkFavouriteReportsForDefaultDate_optionSelect</h3><table class="result"><tr><th class="invisible"/></tr></table><p class="totop"><a href="#summary">back to summary</a></p>
<h3 id="m20">com.reports.testcases.TestPaymentforInsurance#checkForPreviousFinancialYear</h3><table class="result"><tr><th class="invisible"/></tr></table><p class="totop"><a href="#summary">back to summary</a></p>
<h3 id="m21">com.reports.testcases.TestPaymentforInsurance#checkForThisFinancialYear</h3><table class="result"><tr><th class="invisible"/></tr></table><p class="totop"><a href="#summary">back to summary</a></p>
<h3 id="m22">com.reports.testcases.TestPaymentforInsurance#createFavouritesForAllowedReportDurationoption</h3><table class="result"><tr class="param"><th>Parameter #1</th><th>Parameter #2</th></tr><tr class="param stripe"><td>1</td><td>Please Select 1 Month Duration and save the report.</td></tr></table><p class="totop"><a href="#summary">back to summary</a></p>
<h3 id="m23">com.reports.testcases.TestPaymentforInsurance#createFavouritesForAllowedReportDurationoption</h3><table class="result"><tr class="param"><th>Parameter #1</th><th>Parameter #2</th></tr><tr class="param stripe"><td>3</td><td>Please Select 3 Months Duration and save the report.</td></tr></table><p class="totop"><a href="#summary">back to summary</a></p>
<h3 id="m24">com.reports.testcases.TestPaymentforInsurance#createFavouritesForAllowedReportDurationoption</h3><table class="result"><tr class="param"><th>Parameter #1</th><th>Parameter #2</th></tr><tr class="param stripe"><td>-- Select --</td><td>Please Select 3 Months Duration and save the report.</td></tr></table><p class="totop"><a href="#summary">back to summary</a></p>
<h3 id="m25">com.reports.testcases.TestPaymentforInsurance#createFavouritesForAllowedReportDurationoption</h3><table class="result"><tr class="param"><th>Parameter #1</th><th>Parameter #2</th></tr><tr class="param stripe"><td>2</td><td>Please Select 2 Months Duration and save the report.</td></tr></table><p class="totop"><a href="#summary">back to summary</a></p>
<h3 id="m26">com.reports.testcases.TestPaymentforInsurance#pdfTest</h3><table class="result"><tr class="param"><th>Parameter #1</th><th>Parameter #2</th></tr><tr class="param stripe"><td>Custom Date</td><td>pdf</td></tr></table><p class="totop"><a href="#summary">back to summary</a></p>
<h3 id="m27">com.reports.testcases.TestPaymentforInsurance#pdfTest</h3><table class="result"><tr class="param"><th>Parameter #1</th><th>Parameter #2</th></tr><tr class="param stripe"><td>Today</td><td>csv</td></tr></table><p class="totop"><a href="#summary">back to summary</a></p>
<h3 id="m28">com.reports.testcases.TestPaymentforInsurance#pdfTest</h3><table class="result"><tr class="param"><th>Parameter #1</th><th>Parameter #2</th></tr><tr class="param stripe"><td>Today</td><td>pdf</td></tr></table><p class="totop"><a href="#summary">back to summary</a></p>
<h3 id="m29">com.reports.testcases.TestPaymentforInsurance#pdfTest</h3><table class="result"><tr class="param"><th>Parameter #1</th><th>Parameter #2</th></tr><tr class="param stripe"><td>This Month</td><td>pdf</td></tr></table><p class="totop"><a href="#summary">back to summary</a></p>
<h3 id="m30">com.reports.testcases.TestPaymentforInsurance#pdfTest</h3><table class="result"><tr class="param"><th>Parameter #1</th><th>Parameter #2</th></tr><tr class="param stripe"><td>Previous Month</td><td>pdf</td></tr></table><p class="totop"><a href="#summary">back to summary</a></p>
<h3 id="m31">com.reports.testcases.TestPaymentforInsurance#pdfTest</h3><table class="result"><tr class="param"><th>Parameter #1</th><th>Parameter #2</th></tr><tr class="param stripe"><td>Previous Month</td><td>text</td></tr></table><p class="totop"><a href="#summary">back to summary</a></p>
<h3 id="m32">com.reports.testcases.TestPaymentforInsurance#pdfTest</h3><table class="result"><tr class="param"><th>Parameter #1</th><th>Parameter #2</th></tr><tr class="param stripe"><td>Yesterday</td><td>pdf</td></tr></table><p class="totop"><a href="#summary">back to summary</a></p>
<h3 id="m33">com.reports.testcases.TestPaymentforInsurance#pdfTest</h3><table class="result"><tr class="param"><th>Parameter #1</th><th>Parameter #2</th></tr><tr class="param stripe"><td>This Month</td><td>csv</td></tr></table><p class="totop"><a href="#summary">back to summary</a></p>
<h3 id="m34">com.reports.testcases.TestPaymentforInsurance#switchToTheUser</h3><table class="result"><tr><th class="invisible"/></tr></table><p class="totop"><a href="#summary">back to summary</a></p>
<h3 id="m35">com.reports.testcases.TestPaymentforInsurance#test3MonthCsv</h3><table class="result"><tr><th class="invisible"/></tr></table><p class="totop"><a href="#summary">back to summary</a></p>
<h3 id="m36">com.reports.testcases.TestPaymentforInsurance#test3MonthPdf</h3><table class="result"><tr><th class="invisible"/></tr></table><p class="totop"><a href="#summary">back to summary</a></p>
<h3 id="m37">com.reports.testcases.TestPaymentforInsurance#test3MonthText</h3><table class="result"><tr><th class="invisible"/></tr></table><p class="totop"><a href="#summary">back to summary</a></p>
<h3 id="m38">com.reports.testcases.TestPaymentforInsurance#testDateFieldsBlank_csv</h3><table class="result"><tr><th class="invisible"/></tr></table><p class="totop"><a href="#summary">back to summary</a></p>
<h3 id="m39">com.reports.testcases.TestPaymentforInsurance#testDateFieldsBlank_favSaveButton</h3><table class="result"><tr><th class="invisible"/></tr></table><p class="totop"><a href="#summary">back to summary</a></p>
<h3 id="m40">com.reports.testcases.TestPaymentforInsurance#testDateFieldsBlank_pdf</h3><table class="result"><tr><th class="invisible"/></tr></table><p class="totop"><a href="#summary">back to summary</a></p>
<h3 id="m41">com.reports.testcases.TestPaymentforInsurance#testDateFieldsBlank_text</h3><table class="result"><tr><th class="invisible"/></tr></table><p class="totop"><a href="#summary">back to summary</a></p>
<h3 id="m42">com.reports.testcases.TestPaymentforInsurance#testFromDateFieldBlank_cvs</h3><table class="result"><tr><th class="invisible"/></tr></table><p class="totop"><a href="#summary">back to summary</a></p>
<h3 id="m43">com.reports.testcases.TestPaymentforInsurance#testFromDateFieldBlank_favSaveButton</h3><table class="result"><tr><th class="invisible"/></tr></table><p class="totop"><a href="#summary">back to summary</a></p>
<h3 id="m44">com.reports.testcases.TestPaymentforInsurance#testFromDateFieldBlank_pdf</h3><table class="result"><tr><th class="invisible"/></tr></table><p class="totop"><a href="#summary">back to summary</a></p>
<h3 id="m45">com.reports.testcases.TestPaymentforInsurance#testFromDateFieldBlank_text</h3><table class="result"><tr><th class="invisible"/></tr></table><p class="totop"><a href="#summary">back to summary</a></p>
<h3 id="m46">com.reports.testcases.TestPaymentforInsurance#testToDateFieldBlank_cvs</h3><table class="result"><tr><th class="invisible"/></tr></table><p class="totop"><a href="#summary">back to summary</a></p>
<h3 id="m47">com.reports.testcases.TestPaymentforInsurance#testToDateFieldBlank_favSaveButton</h3><table class="result"><tr><th class="invisible"/></tr></table><p class="totop"><a href="#summary">back to summary</a></p>
<h3 id="m48">com.reports.testcases.TestPaymentforInsurance#testToDateFieldBlank_pdf</h3><table class="result"><tr><th class="invisible"/></tr></table><p class="totop"><a href="#summary">back to summary</a></p>
<h3 id="m49">com.reports.testcases.TestPaymentforInsurance#testToDateFieldBlank_text</h3><table class="result"><tr><th class="invisible"/></tr></table><p class="totop"><a href="#summary">back to summary</a></p>
<h3 id="m50">com.reports.testcases.TestPaymentforInsurance#verifyAllowedReportDurationDropdown</h3><table class="result"><tr class="param"><th>Parameter #1</th><th>Parameter #2</th></tr><tr class="param stripe"><td>3</td><td>Please Select 3 Months Duration and save the report.</td></tr></table><p class="totop"><a href="#summary">back to summary</a></p>
<h3 id="m51">com.reports.testcases.TestPaymentforInsurance#verifyAllowedReportDurationDropdown</h3><table class="result"><tr class="param"><th>Parameter #1</th><th>Parameter #2</th></tr><tr class="param stripe"><td>-- Select --</td><td>Please Select 3 Months Duration and save the report.</td></tr></table><p class="totop"><a href="#summary">back to summary</a></p>
<h3 id="m52">com.reports.testcases.TestPaymentforInsurance#verifyAllowedReportDurationDropdown</h3><table class="result"><tr class="param"><th>Parameter #1</th><th>Parameter #2</th></tr><tr class="param stripe"><td>1</td><td>Please Select 1 Month Duration and save the report.</td></tr></table><p class="totop"><a href="#summary">back to summary</a></p>
<h3 id="m53">com.reports.testcases.TestPaymentforInsurance#verifyAllowedReportDurationDropdown</h3><table class="result"><tr class="param"><th>Parameter #1</th><th>Parameter #2</th></tr><tr class="param stripe"><td>2</td><td>Please Select 2 Months Duration and save the report.</td></tr></table><p class="totop"><a href="#summary">back to summary</a></p>
<h3 id="m54">com.reports.testcases.TestPaymentforInsurance#verifyDateFieldsForFromPastToFuture_csv</h3><table class="result"><tr><th class="invisible"/></tr></table><p class="totop"><a href="#summary">back to summary</a></p>
<h3 id="m55">com.reports.testcases.TestPaymentforInsurance#verifyDateFieldsForFromPastToFuture_pdf</h3><table class="result"><tr><th class="invisible"/></tr></table><p class="totop"><a href="#summary">back to summary</a></p>
<h3 id="m56">com.reports.testcases.TestPaymentforInsurance#verifyDateFieldsForFromPastToFuture_text</h3><table class="result"><tr><th class="invisible"/></tr></table><p class="totop"><a href="#summary">back to summary</a></p>
<h3 id="m57">com.reports.testcases.TestPaymentforInsurance#verifyDateFieldsForFromPastToFuture_toSaveFav</h3><table class="result"><tr><th class="invisible"/></tr></table><p class="totop"><a href="#summary">back to summary</a></p>
<h3 id="m58">com.reports.testcases.TestPaymentforInsurance#verifyDateFieldsForPreviousMonthOptions</h3><table class="result"><tr><th class="invisible"/></tr></table><p class="totop"><a href="#summary">back to summary</a></p>
<h3 id="m59">com.reports.testcases.TestPaymentforInsurance#verifyDateFieldsForThisMonthOptions</h3><table class="result"><tr><th class="invisible"/></tr></table><p class="totop"><a href="#summary">back to summary</a></p>
<h3 id="m60">com.reports.testcases.TestPaymentforInsurance#verifyDateFieldsForTodayOptions</h3><table class="result"><tr><th class="invisible"/></tr></table><p class="totop"><a href="#summary">back to summary</a></p>
<h3 id="m61">com.reports.testcases.TestPaymentforInsurance#verifyDateFieldsForYesterdayOptions</h3><table class="result"><tr><th class="invisible"/></tr></table><p class="totop"><a href="#summary">back to summary</a></p>
<h3 id="m62">com.reports.testcases.TestPaymentforInsurance#vreifyForYesterdaysDateOnReFreshing</h3><table class="result"><tr><th class="invisible"/></tr></table><p class="totop"><a href="#summary">back to summary</a></p>
</body>
</html>
