<?xml version="1.0" encoding="UTF-8"?>
<testng-results skipped="0" failed="15" ignored="0" total="63" passed="48">
  <reporter-output>
  </reporter-output>
  <suite name="Suite" duration-ms="261421" started-at="2019-05-31T05:32:39Z" finished-at="2019-05-31T05:37:01Z">
    <groups>
      <group name="Billing Reports Builders">
        <method signature="TestPaymentforInsurance.check1MonthFavPDFReport()[pri:36, instance:com.reports.testcases.TestPaymentforInsurance@2a2d45ba]" name="check1MonthFavPDFReport" class="com.reports.testcases.TestPaymentforInsurance"/>
        <method signature="TestPaymentforInsurance.check2MonthFavPDFReport()[pri:37, instance:com.reports.testcases.TestPaymentforInsurance@2a2d45ba]" name="check2MonthFavPDFReport" class="com.reports.testcases.TestPaymentforInsurance"/>
        <method signature="TestPaymentforInsurance.check3MonthFavPDFReport()[pri:38, instance:com.reports.testcases.TestPaymentforInsurance@2a2d45ba]" name="check3MonthFavPDFReport" class="com.reports.testcases.TestPaymentforInsurance"/>
        <method signature="TestPaymentforInsurance.checkAutoCustomDateOption()[pri:27, instance:com.reports.testcases.TestPaymentforInsurance@2a2d45ba]" name="checkAutoCustomDateOption" class="com.reports.testcases.TestPaymentforInsurance"/>
        <method signature="TestPaymentforInsurance.checkFavouriteReportsForDefaultDate_option1()[pri:31, instance:com.reports.testcases.TestPaymentforInsurance@2a2d45ba]" name="checkFavouriteReportsForDefaultDate_option1" class="com.reports.testcases.TestPaymentforInsurance"/>
        <method signature="TestPaymentforInsurance.checkFavouriteReportsForDefaultDate_option2()[pri:32, instance:com.reports.testcases.TestPaymentforInsurance@2a2d45ba]" name="checkFavouriteReportsForDefaultDate_option2" class="com.reports.testcases.TestPaymentforInsurance"/>
        <method signature="TestPaymentforInsurance.checkFavouriteReportsForDefaultDate_option3()[pri:33, instance:com.reports.testcases.TestPaymentforInsurance@2a2d45ba]" name="checkFavouriteReportsForDefaultDate_option3" class="com.reports.testcases.TestPaymentforInsurance"/>
        <method signature="TestPaymentforInsurance.checkFavouriteReportsForDefaultDate_optionSelect()[pri:34, instance:com.reports.testcases.TestPaymentforInsurance@2a2d45ba]" name="checkFavouriteReportsForDefaultDate_optionSelect" class="com.reports.testcases.TestPaymentforInsurance"/>
        <method signature="TestPaymentforInsurance.checkForCorporateOffice(java.lang.String, java.lang.String)[pri:39, instance:com.reports.testcases.TestPaymentforInsurance@2a2d45ba]" name="checkForCorporateOffice" class="com.reports.testcases.TestPaymentforInsurance"/>
        <method signature="TestPaymentforInsurance.checkForCorporateOffice_fav1()[pri:40, instance:com.reports.testcases.TestPaymentforInsurance@2a2d45ba]" name="checkForCorporateOffice_fav1" class="com.reports.testcases.TestPaymentforInsurance"/>
        <method signature="TestPaymentforInsurance.checkForPreviousFinancialYear()[pri:17, instance:com.reports.testcases.TestPaymentforInsurance@2a2d45ba]" name="checkForPreviousFinancialYear" class="com.reports.testcases.TestPaymentforInsurance"/>
        <method signature="TestPaymentforInsurance.checkForThisFinancialYear()[pri:16, instance:com.reports.testcases.TestPaymentforInsurance@2a2d45ba]" name="checkForThisFinancialYear" class="com.reports.testcases.TestPaymentforInsurance"/>
        <method signature="TestPaymentforInsurance.chekForCorporateOffice_fav2()[pri:41, instance:com.reports.testcases.TestPaymentforInsurance@2a2d45ba]" name="chekForCorporateOffice_fav2" class="com.reports.testcases.TestPaymentforInsurance"/>
        <method signature="TestPaymentforInsurance.chekForCorporateOffice_fav3()[pri:42, instance:com.reports.testcases.TestPaymentforInsurance@2a2d45ba]" name="chekForCorporateOffice_fav3" class="com.reports.testcases.TestPaymentforInsurance"/>
        <method signature="TestPaymentforInsurance.createFavouritesForAllowedReportDurationoption(java.lang.String, java.lang.String)[pri:30, instance:com.reports.testcases.TestPaymentforInsurance@2a2d45ba]" name="createFavouritesForAllowedReportDurationoption" class="com.reports.testcases.TestPaymentforInsurance"/>
        <method signature="TestPaymentforInsurance.pdfTest(java.lang.String, java.lang.String)[pri:29, instance:com.reports.testcases.TestPaymentforInsurance@2a2d45ba]" name="pdfTest" class="com.reports.testcases.TestPaymentforInsurance"/>
        <method signature="TestPaymentforInsurance.switchToTheUser()[pri:35, instance:com.reports.testcases.TestPaymentforInsurance@2a2d45ba]" name="switchToTheUser" class="com.reports.testcases.TestPaymentforInsurance"/>
        <method signature="TestPaymentforInsurance.test3MonthCsv()[pri:2, instance:com.reports.testcases.TestPaymentforInsurance@2a2d45ba]" name="test3MonthCsv" class="com.reports.testcases.TestPaymentforInsurance"/>
        <method signature="TestPaymentforInsurance.test3MonthPdf()[pri:1, instance:com.reports.testcases.TestPaymentforInsurance@2a2d45ba]" name="test3MonthPdf" class="com.reports.testcases.TestPaymentforInsurance"/>
        <method signature="TestPaymentforInsurance.test3MonthText()[pri:3, instance:com.reports.testcases.TestPaymentforInsurance@2a2d45ba]" name="test3MonthText" class="com.reports.testcases.TestPaymentforInsurance"/>
        <method signature="TestPaymentforInsurance.testDateFieldsBlank_csv()[pri:5, instance:com.reports.testcases.TestPaymentforInsurance@2a2d45ba]" name="testDateFieldsBlank_csv" class="com.reports.testcases.TestPaymentforInsurance"/>
        <method signature="TestPaymentforInsurance.testDateFieldsBlank_favSaveButton()[pri:13, instance:com.reports.testcases.TestPaymentforInsurance@2a2d45ba]" name="testDateFieldsBlank_favSaveButton" class="com.reports.testcases.TestPaymentforInsurance"/>
        <method signature="TestPaymentforInsurance.testDateFieldsBlank_pdf()[pri:4, instance:com.reports.testcases.TestPaymentforInsurance@2a2d45ba]" name="testDateFieldsBlank_pdf" class="com.reports.testcases.TestPaymentforInsurance"/>
        <method signature="TestPaymentforInsurance.testDateFieldsBlank_text()[pri:6, instance:com.reports.testcases.TestPaymentforInsurance@2a2d45ba]" name="testDateFieldsBlank_text" class="com.reports.testcases.TestPaymentforInsurance"/>
        <method signature="TestPaymentforInsurance.testFromDateFieldBlank_cvs()[pri:9, instance:com.reports.testcases.TestPaymentforInsurance@2a2d45ba]" name="testFromDateFieldBlank_cvs" class="com.reports.testcases.TestPaymentforInsurance"/>
        <method signature="TestPaymentforInsurance.testFromDateFieldBlank_favSaveButton()[pri:14, instance:com.reports.testcases.TestPaymentforInsurance@2a2d45ba]" name="testFromDateFieldBlank_favSaveButton" class="com.reports.testcases.TestPaymentforInsurance"/>
        <method signature="TestPaymentforInsurance.testFromDateFieldBlank_pdf()[pri:7, instance:com.reports.testcases.TestPaymentforInsurance@2a2d45ba]" name="testFromDateFieldBlank_pdf" class="com.reports.testcases.TestPaymentforInsurance"/>
        <method signature="TestPaymentforInsurance.testFromDateFieldBlank_text()[pri:11, instance:com.reports.testcases.TestPaymentforInsurance@2a2d45ba]" name="testFromDateFieldBlank_text" class="com.reports.testcases.TestPaymentforInsurance"/>
        <method signature="TestPaymentforInsurance.testToDateFieldBlank_cvs()[pri:10, instance:com.reports.testcases.TestPaymentforInsurance@2a2d45ba]" name="testToDateFieldBlank_cvs" class="com.reports.testcases.TestPaymentforInsurance"/>
        <method signature="TestPaymentforInsurance.testToDateFieldBlank_favSaveButton()[pri:15, instance:com.reports.testcases.TestPaymentforInsurance@2a2d45ba]" name="testToDateFieldBlank_favSaveButton" class="com.reports.testcases.TestPaymentforInsurance"/>
        <method signature="TestPaymentforInsurance.testToDateFieldBlank_pdf()[pri:8, instance:com.reports.testcases.TestPaymentforInsurance@2a2d45ba]" name="testToDateFieldBlank_pdf" class="com.reports.testcases.TestPaymentforInsurance"/>
        <method signature="TestPaymentforInsurance.testToDateFieldBlank_text()[pri:12, instance:com.reports.testcases.TestPaymentforInsurance@2a2d45ba]" name="testToDateFieldBlank_text" class="com.reports.testcases.TestPaymentforInsurance"/>
        <method signature="TestPaymentforInsurance.verifyAllowedReportDurationDropdown(java.lang.String, java.lang.String)[pri:28, instance:com.reports.testcases.TestPaymentforInsurance@2a2d45ba]" name="verifyAllowedReportDurationDropdown" class="com.reports.testcases.TestPaymentforInsurance"/>
        <method signature="TestPaymentforInsurance.verifyDateFieldsForFromPastToFuture_csv()[pri:23, instance:com.reports.testcases.TestPaymentforInsurance@2a2d45ba]" name="verifyDateFieldsForFromPastToFuture_csv" class="com.reports.testcases.TestPaymentforInsurance"/>
        <method signature="TestPaymentforInsurance.verifyDateFieldsForFromPastToFuture_pdf()[pri:22, instance:com.reports.testcases.TestPaymentforInsurance@2a2d45ba]" name="verifyDateFieldsForFromPastToFuture_pdf" class="com.reports.testcases.TestPaymentforInsurance"/>
        <method signature="TestPaymentforInsurance.verifyDateFieldsForFromPastToFuture_text()[pri:24, instance:com.reports.testcases.TestPaymentforInsurance@2a2d45ba]" name="verifyDateFieldsForFromPastToFuture_text" class="com.reports.testcases.TestPaymentforInsurance"/>
        <method signature="TestPaymentforInsurance.verifyDateFieldsForFromPastToFuture_toSaveFav()[pri:25, instance:com.reports.testcases.TestPaymentforInsurance@2a2d45ba]" name="verifyDateFieldsForFromPastToFuture_toSaveFav" class="com.reports.testcases.TestPaymentforInsurance"/>
        <method signature="TestPaymentforInsurance.verifyDateFieldsForPreviousMonthOptions()[pri:20, instance:com.reports.testcases.TestPaymentforInsurance@2a2d45ba]" name="verifyDateFieldsForPreviousMonthOptions" class="com.reports.testcases.TestPaymentforInsurance"/>
        <method signature="TestPaymentforInsurance.verifyDateFieldsForThisMonthOptions()[pri:21, instance:com.reports.testcases.TestPaymentforInsurance@2a2d45ba]" name="verifyDateFieldsForThisMonthOptions" class="com.reports.testcases.TestPaymentforInsurance"/>
        <method signature="TestPaymentforInsurance.verifyDateFieldsForTodayOptions()[pri:19, instance:com.reports.testcases.TestPaymentforInsurance@2a2d45ba]" name="verifyDateFieldsForTodayOptions" class="com.reports.testcases.TestPaymentforInsurance"/>
        <method signature="TestPaymentforInsurance.verifyDateFieldsForYesterdayOptions()[pri:18, instance:com.reports.testcases.TestPaymentforInsurance@2a2d45ba]" name="verifyDateFieldsForYesterdayOptions" class="com.reports.testcases.TestPaymentforInsurance"/>
        <method signature="TestPaymentforInsurance.vreifyForYesterdaysDateOnReFreshing()[pri:26, instance:com.reports.testcases.TestPaymentforInsurance@2a2d45ba]" name="vreifyForYesterdaysDateOnReFreshing" class="com.reports.testcases.TestPaymentforInsurance"/>
      </group> <!-- Billing Reports Builders -->
    </groups>
    <test name="Doctor Consultation Report Builder" duration-ms="261421" started-at="2019-05-31T05:32:39Z" finished-at="2019-05-31T05:37:01Z">
      <class name="com.reports.testcases.TestPaymentforInsurance">
        <test-method status="PASS" signature="setUp(java.lang.String)[pri:0, instance:com.reports.testcases.TestPaymentforInsurance@2a2d45ba]" name="setUp" is-config="true" duration-ms="16736" started-at="2019-05-31T05:32:39Z" finished-at="2019-05-31T05:32:56Z">
          <params>
            <param index="0">
              <value>
                <![CDATA[Doctor Consultation Report Builder]]>
              </value>
            </param>
          </params>
          <reporter-output>
          </reporter-output>
        </test-method> <!-- setUp -->
        <test-method status="PASS" signature="test3MonthPdf()[pri:1, instance:com.reports.testcases.TestPaymentforInsurance@2a2d45ba]" name="test3MonthPdf" duration-ms="298" started-at="2019-05-31T05:32:56Z" finished-at="2019-05-31T05:32:57Z">
          <reporter-output>
          </reporter-output>
        </test-method> <!-- test3MonthPdf -->
        <test-method status="PASS" signature="test3MonthCsv()[pri:2, instance:com.reports.testcases.TestPaymentforInsurance@2a2d45ba]" name="test3MonthCsv" duration-ms="242" started-at="2019-05-31T05:32:57Z" finished-at="2019-05-31T05:32:57Z">
          <reporter-output>
          </reporter-output>
        </test-method> <!-- test3MonthCsv -->
        <test-method status="PASS" signature="test3MonthText()[pri:3, instance:com.reports.testcases.TestPaymentforInsurance@2a2d45ba]" name="test3MonthText" duration-ms="211" started-at="2019-05-31T05:32:57Z" finished-at="2019-05-31T05:32:57Z">
          <reporter-output>
          </reporter-output>
        </test-method> <!-- test3MonthText -->
        <test-method status="PASS" signature="testDateFieldsBlank_pdf()[pri:4, instance:com.reports.testcases.TestPaymentforInsurance@2a2d45ba]" name="testDateFieldsBlank_pdf" duration-ms="181" started-at="2019-05-31T05:32:57Z" finished-at="2019-05-31T05:32:57Z">
          <reporter-output>
          </reporter-output>
        </test-method> <!-- testDateFieldsBlank_pdf -->
        <test-method status="PASS" signature="testDateFieldsBlank_csv()[pri:5, instance:com.reports.testcases.TestPaymentforInsurance@2a2d45ba]" name="testDateFieldsBlank_csv" duration-ms="180" started-at="2019-05-31T05:32:57Z" finished-at="2019-05-31T05:32:57Z">
          <reporter-output>
          </reporter-output>
        </test-method> <!-- testDateFieldsBlank_csv -->
        <test-method status="PASS" signature="testDateFieldsBlank_text()[pri:6, instance:com.reports.testcases.TestPaymentforInsurance@2a2d45ba]" name="testDateFieldsBlank_text" duration-ms="160" started-at="2019-05-31T05:32:57Z" finished-at="2019-05-31T05:32:57Z">
          <reporter-output>
          </reporter-output>
        </test-method> <!-- testDateFieldsBlank_text -->
        <test-method status="PASS" signature="testFromDateFieldBlank_pdf()[pri:7, instance:com.reports.testcases.TestPaymentforInsurance@2a2d45ba]" name="testFromDateFieldBlank_pdf" duration-ms="183" started-at="2019-05-31T05:32:57Z" finished-at="2019-05-31T05:32:58Z">
          <reporter-output>
          </reporter-output>
        </test-method> <!-- testFromDateFieldBlank_pdf -->
        <test-method status="PASS" signature="testToDateFieldBlank_pdf()[pri:8, instance:com.reports.testcases.TestPaymentforInsurance@2a2d45ba]" name="testToDateFieldBlank_pdf" duration-ms="164" started-at="2019-05-31T05:32:58Z" finished-at="2019-05-31T05:32:58Z">
          <reporter-output>
          </reporter-output>
        </test-method> <!-- testToDateFieldBlank_pdf -->
        <test-method status="PASS" signature="testFromDateFieldBlank_cvs()[pri:9, instance:com.reports.testcases.TestPaymentforInsurance@2a2d45ba]" name="testFromDateFieldBlank_cvs" duration-ms="165" started-at="2019-05-31T05:32:58Z" finished-at="2019-05-31T05:32:58Z">
          <reporter-output>
          </reporter-output>
        </test-method> <!-- testFromDateFieldBlank_cvs -->
        <test-method status="PASS" signature="testToDateFieldBlank_cvs()[pri:10, instance:com.reports.testcases.TestPaymentforInsurance@2a2d45ba]" name="testToDateFieldBlank_cvs" duration-ms="164" started-at="2019-05-31T05:32:58Z" finished-at="2019-05-31T05:32:58Z">
          <reporter-output>
          </reporter-output>
        </test-method> <!-- testToDateFieldBlank_cvs -->
        <test-method status="PASS" signature="testFromDateFieldBlank_text()[pri:11, instance:com.reports.testcases.TestPaymentforInsurance@2a2d45ba]" name="testFromDateFieldBlank_text" duration-ms="181" started-at="2019-05-31T05:32:58Z" finished-at="2019-05-31T05:32:58Z">
          <reporter-output>
          </reporter-output>
        </test-method> <!-- testFromDateFieldBlank_text -->
        <test-method status="PASS" signature="testToDateFieldBlank_text()[pri:12, instance:com.reports.testcases.TestPaymentforInsurance@2a2d45ba]" name="testToDateFieldBlank_text" duration-ms="149" started-at="2019-05-31T05:32:58Z" finished-at="2019-05-31T05:32:59Z">
          <reporter-output>
          </reporter-output>
        </test-method> <!-- testToDateFieldBlank_text -->
        <test-method status="PASS" signature="testDateFieldsBlank_favSaveButton()[pri:13, instance:com.reports.testcases.TestPaymentforInsurance@2a2d45ba]" name="testDateFieldsBlank_favSaveButton" duration-ms="235" started-at="2019-05-31T05:32:59Z" finished-at="2019-05-31T05:32:59Z">
          <reporter-output>
          </reporter-output>
        </test-method> <!-- testDateFieldsBlank_favSaveButton -->
        <test-method status="PASS" signature="testFromDateFieldBlank_favSaveButton()[pri:14, instance:com.reports.testcases.TestPaymentforInsurance@2a2d45ba]" name="testFromDateFieldBlank_favSaveButton" duration-ms="228" started-at="2019-05-31T05:32:59Z" finished-at="2019-05-31T05:32:59Z">
          <reporter-output>
          </reporter-output>
        </test-method> <!-- testFromDateFieldBlank_favSaveButton -->
        <test-method status="PASS" signature="testToDateFieldBlank_favSaveButton()[pri:15, instance:com.reports.testcases.TestPaymentforInsurance@2a2d45ba]" name="testToDateFieldBlank_favSaveButton" duration-ms="214" started-at="2019-05-31T05:32:59Z" finished-at="2019-05-31T05:32:59Z">
          <reporter-output>
          </reporter-output>
        </test-method> <!-- testToDateFieldBlank_favSaveButton -->
        <test-method status="PASS" signature="checkForThisFinancialYear()[pri:16, instance:com.reports.testcases.TestPaymentforInsurance@2a2d45ba]" name="checkForThisFinancialYear" duration-ms="151" started-at="2019-05-31T05:32:59Z" finished-at="2019-05-31T05:32:59Z">
          <reporter-output>
          </reporter-output>
        </test-method> <!-- checkForThisFinancialYear -->
        <test-method status="PASS" signature="checkForPreviousFinancialYear()[pri:17, instance:com.reports.testcases.TestPaymentforInsurance@2a2d45ba]" name="checkForPreviousFinancialYear" duration-ms="150" started-at="2019-05-31T05:32:59Z" finished-at="2019-05-31T05:33:00Z">
          <reporter-output>
          </reporter-output>
        </test-method> <!-- checkForPreviousFinancialYear -->
        <test-method status="PASS" signature="verifyDateFieldsForYesterdayOptions()[pri:18, instance:com.reports.testcases.TestPaymentforInsurance@2a2d45ba]" name="verifyDateFieldsForYesterdayOptions" duration-ms="616" started-at="2019-05-31T05:33:00Z" finished-at="2019-05-31T05:33:00Z">
          <reporter-output>
          </reporter-output>
        </test-method> <!-- verifyDateFieldsForYesterdayOptions -->
        <test-method status="PASS" signature="verifyDateFieldsForTodayOptions()[pri:19, instance:com.reports.testcases.TestPaymentforInsurance@2a2d45ba]" name="verifyDateFieldsForTodayOptions" duration-ms="333" started-at="2019-05-31T05:33:00Z" finished-at="2019-05-31T05:33:00Z">
          <reporter-output>
          </reporter-output>
        </test-method> <!-- verifyDateFieldsForTodayOptions -->
        <test-method status="PASS" signature="verifyDateFieldsForPreviousMonthOptions()[pri:20, instance:com.reports.testcases.TestPaymentforInsurance@2a2d45ba]" name="verifyDateFieldsForPreviousMonthOptions" duration-ms="327" started-at="2019-05-31T05:33:00Z" finished-at="2019-05-31T05:33:01Z">
          <reporter-output>
          </reporter-output>
        </test-method> <!-- verifyDateFieldsForPreviousMonthOptions -->
        <test-method status="PASS" signature="verifyDateFieldsForThisMonthOptions()[pri:21, instance:com.reports.testcases.TestPaymentforInsurance@2a2d45ba]" name="verifyDateFieldsForThisMonthOptions" duration-ms="332" started-at="2019-05-31T05:33:01Z" finished-at="2019-05-31T05:33:01Z">
          <reporter-output>
          </reporter-output>
        </test-method> <!-- verifyDateFieldsForThisMonthOptions -->
        <test-method status="PASS" signature="verifyDateFieldsForFromPastToFuture_pdf()[pri:22, instance:com.reports.testcases.TestPaymentforInsurance@2a2d45ba]" name="verifyDateFieldsForFromPastToFuture_pdf" duration-ms="179" started-at="2019-05-31T05:33:01Z" finished-at="2019-05-31T05:33:01Z">
          <reporter-output>
          </reporter-output>
        </test-method> <!-- verifyDateFieldsForFromPastToFuture_pdf -->
        <test-method status="PASS" signature="verifyDateFieldsForFromPastToFuture_csv()[pri:23, instance:com.reports.testcases.TestPaymentforInsurance@2a2d45ba]" name="verifyDateFieldsForFromPastToFuture_csv" duration-ms="181" started-at="2019-05-31T05:33:01Z" finished-at="2019-05-31T05:33:01Z">
          <reporter-output>
          </reporter-output>
        </test-method> <!-- verifyDateFieldsForFromPastToFuture_csv -->
        <test-method status="PASS" signature="verifyDateFieldsForFromPastToFuture_text()[pri:24, instance:com.reports.testcases.TestPaymentforInsurance@2a2d45ba]" name="verifyDateFieldsForFromPastToFuture_text" duration-ms="232" started-at="2019-05-31T05:33:01Z" finished-at="2019-05-31T05:33:02Z">
          <reporter-output>
          </reporter-output>
        </test-method> <!-- verifyDateFieldsForFromPastToFuture_text -->
        <test-method status="PASS" signature="verifyDateFieldsForFromPastToFuture_toSaveFav()[pri:25, instance:com.reports.testcases.TestPaymentforInsurance@2a2d45ba]" name="verifyDateFieldsForFromPastToFuture_toSaveFav" duration-ms="317" started-at="2019-05-31T05:33:02Z" finished-at="2019-05-31T05:33:02Z">
          <reporter-output>
          </reporter-output>
        </test-method> <!-- verifyDateFieldsForFromPastToFuture_toSaveFav -->
        <test-method status="PASS" signature="vreifyForYesterdaysDateOnReFreshing()[pri:26, instance:com.reports.testcases.TestPaymentforInsurance@2a2d45ba]" name="vreifyForYesterdaysDateOnReFreshing" duration-ms="14294" started-at="2019-05-31T05:33:02Z" finished-at="2019-05-31T05:33:16Z">
          <reporter-output>
          </reporter-output>
        </test-method> <!-- vreifyForYesterdaysDateOnReFreshing -->
        <test-method status="PASS" signature="checkAutoCustomDateOption()[pri:27, instance:com.reports.testcases.TestPaymentforInsurance@2a2d45ba]" name="checkAutoCustomDateOption" duration-ms="717" started-at="2019-05-31T05:33:16Z" finished-at="2019-05-31T05:33:17Z">
          <reporter-output>
          </reporter-output>
        </test-method> <!-- checkAutoCustomDateOption -->
        <test-method status="PASS" signature="verifyAllowedReportDurationDropdown(java.lang.String, java.lang.String)[pri:28, instance:com.reports.testcases.TestPaymentforInsurance@2a2d45ba]" name="verifyAllowedReportDurationDropdown" duration-ms="584" started-at="2019-05-31T05:33:17Z" data-provider="allowedReportDurationoption" finished-at="2019-05-31T05:33:18Z">
          <params>
            <param index="0">
              <value>
                <![CDATA[1]]>
              </value>
            </param>
            <param index="1">
              <value>
                <![CDATA[Please Select 1 Month Duration and save the report.]]>
              </value>
            </param>
          </params>
          <reporter-output>
          </reporter-output>
        </test-method> <!-- verifyAllowedReportDurationDropdown -->
        <test-method status="PASS" signature="verifyAllowedReportDurationDropdown(java.lang.String, java.lang.String)[pri:28, instance:com.reports.testcases.TestPaymentforInsurance@2a2d45ba]" name="verifyAllowedReportDurationDropdown" duration-ms="580" started-at="2019-05-31T05:33:18Z" data-provider="allowedReportDurationoption" finished-at="2019-05-31T05:33:18Z">
          <params>
            <param index="0">
              <value>
                <![CDATA[2]]>
              </value>
            </param>
            <param index="1">
              <value>
                <![CDATA[Please Select 2 Months Duration and save the report.]]>
              </value>
            </param>
          </params>
          <reporter-output>
          </reporter-output>
        </test-method> <!-- verifyAllowedReportDurationDropdown -->
        <test-method status="PASS" signature="verifyAllowedReportDurationDropdown(java.lang.String, java.lang.String)[pri:28, instance:com.reports.testcases.TestPaymentforInsurance@2a2d45ba]" name="verifyAllowedReportDurationDropdown" duration-ms="532" started-at="2019-05-31T05:33:18Z" data-provider="allowedReportDurationoption" finished-at="2019-05-31T05:33:19Z">
          <params>
            <param index="0">
              <value>
                <![CDATA[3]]>
              </value>
            </param>
            <param index="1">
              <value>
                <![CDATA[Please Select 3 Months Duration and save the report.]]>
              </value>
            </param>
          </params>
          <reporter-output>
          </reporter-output>
        </test-method> <!-- verifyAllowedReportDurationDropdown -->
        <test-method status="PASS" signature="verifyAllowedReportDurationDropdown(java.lang.String, java.lang.String)[pri:28, instance:com.reports.testcases.TestPaymentforInsurance@2a2d45ba]" name="verifyAllowedReportDurationDropdown" duration-ms="549" started-at="2019-05-31T05:33:19Z" data-provider="allowedReportDurationoption" finished-at="2019-05-31T05:33:19Z">
          <params>
            <param index="0">
              <value>
                <![CDATA[-- Select --]]>
              </value>
            </param>
            <param index="1">
              <value>
                <![CDATA[Please Select 3 Months Duration and save the report.]]>
              </value>
            </param>
          </params>
          <reporter-output>
          </reporter-output>
        </test-method> <!-- verifyAllowedReportDurationDropdown -->
        <test-method status="PASS" signature="pdfTest(java.lang.String, java.lang.String)[pri:29, instance:com.reports.testcases.TestPaymentforInsurance@2a2d45ba]" name="pdfTest" duration-ms="11387" started-at="2019-05-31T05:33:19Z" data-provider="dateRangeDropDownOptions" finished-at="2019-05-31T05:33:31Z">
          <params>
            <param index="0">
              <value>
                <![CDATA[Yesterday]]>
              </value>
            </param>
            <param index="1">
              <value>
                <![CDATA[pdf]]>
              </value>
            </param>
          </params>
          <reporter-output>
          </reporter-output>
        </test-method> <!-- pdfTest -->
        <test-method status="PASS" signature="pdfTest(java.lang.String, java.lang.String)[pri:29, instance:com.reports.testcases.TestPaymentforInsurance@2a2d45ba]" name="pdfTest" duration-ms="3283" started-at="2019-05-31T05:33:31Z" data-provider="dateRangeDropDownOptions" finished-at="2019-05-31T05:33:34Z">
          <params>
            <param index="0">
              <value>
                <![CDATA[Custom Date]]>
              </value>
            </param>
            <param index="1">
              <value>
                <![CDATA[pdf]]>
              </value>
            </param>
          </params>
          <reporter-output>
          </reporter-output>
        </test-method> <!-- pdfTest -->
        <test-method status="PASS" signature="pdfTest(java.lang.String, java.lang.String)[pri:29, instance:com.reports.testcases.TestPaymentforInsurance@2a2d45ba]" name="pdfTest" duration-ms="2970" started-at="2019-05-31T05:33:34Z" data-provider="dateRangeDropDownOptions" finished-at="2019-05-31T05:33:37Z">
          <params>
            <param index="0">
              <value>
                <![CDATA[Today]]>
              </value>
            </param>
            <param index="1">
              <value>
                <![CDATA[pdf]]>
              </value>
            </param>
          </params>
          <reporter-output>
          </reporter-output>
        </test-method> <!-- pdfTest -->
        <test-method status="PASS" signature="pdfTest(java.lang.String, java.lang.String)[pri:29, instance:com.reports.testcases.TestPaymentforInsurance@2a2d45ba]" name="pdfTest" duration-ms="8791" started-at="2019-05-31T05:33:37Z" data-provider="dateRangeDropDownOptions" finished-at="2019-05-31T05:33:46Z">
          <params>
            <param index="0">
              <value>
                <![CDATA[This Month]]>
              </value>
            </param>
            <param index="1">
              <value>
                <![CDATA[pdf]]>
              </value>
            </param>
          </params>
          <reporter-output>
          </reporter-output>
        </test-method> <!-- pdfTest -->
        <test-method status="PASS" signature="pdfTest(java.lang.String, java.lang.String)[pri:29, instance:com.reports.testcases.TestPaymentforInsurance@2a2d45ba]" name="pdfTest" duration-ms="15736" started-at="2019-05-31T05:33:46Z" data-provider="dateRangeDropDownOptions" finished-at="2019-05-31T05:34:01Z">
          <params>
            <param index="0">
              <value>
                <![CDATA[Previous Month]]>
              </value>
            </param>
            <param index="1">
              <value>
                <![CDATA[pdf]]>
              </value>
            </param>
          </params>
          <reporter-output>
          </reporter-output>
        </test-method> <!-- pdfTest -->
        <test-method status="PASS" signature="pdfTest(java.lang.String, java.lang.String)[pri:29, instance:com.reports.testcases.TestPaymentforInsurance@2a2d45ba]" name="pdfTest" duration-ms="3094" started-at="2019-05-31T05:34:01Z" data-provider="dateRangeDropDownOptions" finished-at="2019-05-31T05:34:05Z">
          <params>
            <param index="0">
              <value>
                <![CDATA[Today]]>
              </value>
            </param>
            <param index="1">
              <value>
                <![CDATA[csv]]>
              </value>
            </param>
          </params>
          <reporter-output>
          </reporter-output>
        </test-method> <!-- pdfTest -->
        <test-method status="PASS" signature="pdfTest(java.lang.String, java.lang.String)[pri:29, instance:com.reports.testcases.TestPaymentforInsurance@2a2d45ba]" name="pdfTest" duration-ms="8906" started-at="2019-05-31T05:34:05Z" data-provider="dateRangeDropDownOptions" finished-at="2019-05-31T05:34:13Z">
          <params>
            <param index="0">
              <value>
                <![CDATA[Previous Month]]>
              </value>
            </param>
            <param index="1">
              <value>
                <![CDATA[text]]>
              </value>
            </param>
          </params>
          <reporter-output>
          </reporter-output>
        </test-method> <!-- pdfTest -->
        <test-method status="PASS" signature="pdfTest(java.lang.String, java.lang.String)[pri:29, instance:com.reports.testcases.TestPaymentforInsurance@2a2d45ba]" name="pdfTest" duration-ms="9866" started-at="2019-05-31T05:34:13Z" data-provider="dateRangeDropDownOptions" finished-at="2019-05-31T05:34:23Z">
          <params>
            <param index="0">
              <value>
                <![CDATA[This Month]]>
              </value>
            </param>
            <param index="1">
              <value>
                <![CDATA[csv]]>
              </value>
            </param>
          </params>
          <reporter-output>
          </reporter-output>
        </test-method> <!-- pdfTest -->
        <test-method status="PASS" signature="createFavouritesForAllowedReportDurationoption(java.lang.String, java.lang.String)[pri:30, instance:com.reports.testcases.TestPaymentforInsurance@2a2d45ba]" name="createFavouritesForAllowedReportDurationoption" duration-ms="3739" started-at="2019-05-31T05:34:23Z" data-provider="allowedReportDurationoption" finished-at="2019-05-31T05:34:27Z">
          <params>
            <param index="0">
              <value>
                <![CDATA[1]]>
              </value>
            </param>
            <param index="1">
              <value>
                <![CDATA[Please Select 1 Month Duration and save the report.]]>
              </value>
            </param>
          </params>
          <reporter-output>
          </reporter-output>
        </test-method> <!-- createFavouritesForAllowedReportDurationoption -->
        <test-method status="PASS" signature="createFavouritesForAllowedReportDurationoption(java.lang.String, java.lang.String)[pri:30, instance:com.reports.testcases.TestPaymentforInsurance@2a2d45ba]" name="createFavouritesForAllowedReportDurationoption" duration-ms="3304" started-at="2019-05-31T05:34:27Z" data-provider="allowedReportDurationoption" finished-at="2019-05-31T05:34:30Z">
          <params>
            <param index="0">
              <value>
                <![CDATA[2]]>
              </value>
            </param>
            <param index="1">
              <value>
                <![CDATA[Please Select 2 Months Duration and save the report.]]>
              </value>
            </param>
          </params>
          <reporter-output>
          </reporter-output>
        </test-method> <!-- createFavouritesForAllowedReportDurationoption -->
        <test-method status="PASS" signature="createFavouritesForAllowedReportDurationoption(java.lang.String, java.lang.String)[pri:30, instance:com.reports.testcases.TestPaymentforInsurance@2a2d45ba]" name="createFavouritesForAllowedReportDurationoption" duration-ms="3299" started-at="2019-05-31T05:34:30Z" data-provider="allowedReportDurationoption" finished-at="2019-05-31T05:34:34Z">
          <params>
            <param index="0">
              <value>
                <![CDATA[3]]>
              </value>
            </param>
            <param index="1">
              <value>
                <![CDATA[Please Select 3 Months Duration and save the report.]]>
              </value>
            </param>
          </params>
          <reporter-output>
          </reporter-output>
        </test-method> <!-- createFavouritesForAllowedReportDurationoption -->
        <test-method status="PASS" signature="createFavouritesForAllowedReportDurationoption(java.lang.String, java.lang.String)[pri:30, instance:com.reports.testcases.TestPaymentforInsurance@2a2d45ba]" name="createFavouritesForAllowedReportDurationoption" duration-ms="3007" started-at="2019-05-31T05:34:34Z" data-provider="allowedReportDurationoption" finished-at="2019-05-31T05:34:37Z">
          <params>
            <param index="0">
              <value>
                <![CDATA[-- Select --]]>
              </value>
            </param>
            <param index="1">
              <value>
                <![CDATA[Please Select 3 Months Duration and save the report.]]>
              </value>
            </param>
          </params>
          <reporter-output>
          </reporter-output>
        </test-method> <!-- createFavouritesForAllowedReportDurationoption -->
        <test-method status="PASS" signature="checkFavouriteReportsForDefaultDate_option1()[pri:31, instance:com.reports.testcases.TestPaymentforInsurance@2a2d45ba]" name="checkFavouriteReportsForDefaultDate_option1" duration-ms="20801" started-at="2019-05-31T05:34:37Z" finished-at="2019-05-31T05:34:58Z">
          <reporter-output>
          </reporter-output>
        </test-method> <!-- checkFavouriteReportsForDefaultDate_option1 -->
        <test-method status="PASS" signature="checkFavouriteReportsForDefaultDate_option2()[pri:32, instance:com.reports.testcases.TestPaymentforInsurance@2a2d45ba]" name="checkFavouriteReportsForDefaultDate_option2" duration-ms="17003" started-at="2019-05-31T05:34:58Z" finished-at="2019-05-31T05:35:15Z">
          <reporter-output>
          </reporter-output>
        </test-method> <!-- checkFavouriteReportsForDefaultDate_option2 -->
        <test-method status="PASS" signature="checkFavouriteReportsForDefaultDate_option3()[pri:33, instance:com.reports.testcases.TestPaymentforInsurance@2a2d45ba]" name="checkFavouriteReportsForDefaultDate_option3" duration-ms="16999" started-at="2019-05-31T05:35:15Z" finished-at="2019-05-31T05:35:32Z">
          <reporter-output>
          </reporter-output>
        </test-method> <!-- checkFavouriteReportsForDefaultDate_option3 -->
        <test-method status="PASS" signature="checkFavouriteReportsForDefaultDate_optionSelect()[pri:34, instance:com.reports.testcases.TestPaymentforInsurance@2a2d45ba]" name="checkFavouriteReportsForDefaultDate_optionSelect" duration-ms="16937" started-at="2019-05-31T05:35:32Z" finished-at="2019-05-31T05:35:48Z">
          <reporter-output>
          </reporter-output>
        </test-method> <!-- checkFavouriteReportsForDefaultDate_optionSelect -->
        <test-method status="PASS" signature="switchToTheUser()[pri:35, instance:com.reports.testcases.TestPaymentforInsurance@2a2d45ba]" name="switchToTheUser" duration-ms="3811" started-at="2019-05-31T05:35:48Z" finished-at="2019-05-31T05:35:52Z">
          <reporter-output>
          </reporter-output>
        </test-method> <!-- switchToTheUser -->
        <test-method status="FAIL" signature="check1MonthFavPDFReport()[pri:36, instance:com.reports.testcases.TestPaymentforInsurance@2a2d45ba]" name="check1MonthFavPDFReport" duration-ms="8324" started-at="2019-05-31T05:35:52Z" finished-at="2019-05-31T05:36:01Z">
          <exception class="org.openqa.selenium.NoSuchElementException">
            <message>
              <![CDATA[Unable to locate element: //span[text() = 'Favourite Reports']
For documentation on this error, please visit: https://www.seleniumhq.org/exceptions/no_such_element.html
Build info: version: '3.141.59', revision: 'e82be7d358', time: '2018-11-14T08:25:53'
System info: host: 'vaibhav-Latitude-3550', ip: '127.0.1.1', os.name: 'Linux', os.arch: 'amd64', os.version: '3.13.0-36-generic', java.version: '1.8.0_201'
Driver info: org.openqa.selenium.firefox.FirefoxDriver
Capabilities {acceptInsecureCerts: true, browserName: firefox, browserVersion: 65.0.1, javascriptEnabled: true, moz:accessibilityChecks: false, moz:geckodriverVersion: 0.24.0, moz:headless: false, moz:processID: 5337, moz:profile: /tmp/rust_mozprofile.prJv0E..., moz:shutdownTimeout: 60000, moz:useNonSpecCompliantPointerOrigin: false, moz:webdriverClick: true, pageLoadStrategy: normal, platform: LINUX, platformName: LINUX, platformVersion: 3.13.0-36-generic, rotatable: false, setWindowRect: true, strictFileInteractability: false, timeouts: {implicit: 0, pageLoad: 300000, script: 30000}, unhandledPromptBehavior: dismiss and notify}
Session ID: 3f34e78c-2058-40a6-8433-f0fbae0412bd
*** Element info: {Using=xpath, value=//span[text() = 'Favourite Reports']}]]>
            </message>
            <full-stacktrace>
              <![CDATA[org.openqa.selenium.NoSuchElementException: Unable to locate element: //span[text() = 'Favourite Reports']
For documentation on this error, please visit: https://www.seleniumhq.org/exceptions/no_such_element.html
Build info: version: '3.141.59', revision: 'e82be7d358', time: '2018-11-14T08:25:53'
System info: host: 'vaibhav-Latitude-3550', ip: '127.0.1.1', os.name: 'Linux', os.arch: 'amd64', os.version: '3.13.0-36-generic', java.version: '1.8.0_201'
Driver info: org.openqa.selenium.firefox.FirefoxDriver
Capabilities {acceptInsecureCerts: true, browserName: firefox, browserVersion: 65.0.1, javascriptEnabled: true, moz:accessibilityChecks: false, moz:geckodriverVersion: 0.24.0, moz:headless: false, moz:processID: 5337, moz:profile: /tmp/rust_mozprofile.prJv0E..., moz:shutdownTimeout: 60000, moz:useNonSpecCompliantPointerOrigin: false, moz:webdriverClick: true, pageLoadStrategy: normal, platform: LINUX, platformName: LINUX, platformVersion: 3.13.0-36-generic, rotatable: false, setWindowRect: true, strictFileInteractability: false, timeouts: {implicit: 0, pageLoad: 300000, script: 30000}, unhandledPromptBehavior: dismiss and notify}
Session ID: 3f34e78c-2058-40a6-8433-f0fbae0412bd
*** Element info: {Using=xpath, value=//span[text() = 'Favourite Reports']}
at sun.reflect.NativeConstructorAccessorImpl.newInstance0(Native Method)
at sun.reflect.NativeConstructorAccessorImpl.newInstance(NativeConstructorAccessorImpl.java:62)
at sun.reflect.DelegatingConstructorAccessorImpl.newInstance(DelegatingConstructorAccessorImpl.java:45)
at java.lang.reflect.Constructor.newInstance(Constructor.java:423)
at org.openqa.selenium.remote.http.W3CHttpResponseCodec.createException(W3CHttpResponseCodec.java:187)
at org.openqa.selenium.remote.http.W3CHttpResponseCodec.decode(W3CHttpResponseCodec.java:122)
at org.openqa.selenium.remote.http.W3CHttpResponseCodec.decode(W3CHttpResponseCodec.java:49)
at org.openqa.selenium.remote.HttpCommandExecutor.execute(HttpCommandExecutor.java:158)
at org.openqa.selenium.remote.service.DriverCommandExecutor.execute(DriverCommandExecutor.java:83)
at org.openqa.selenium.remote.RemoteWebDriver.execute(RemoteWebDriver.java:552)
at org.openqa.selenium.remote.RemoteWebDriver.findElement(RemoteWebDriver.java:323)
at org.openqa.selenium.remote.RemoteWebDriver.findElementByXPath(RemoteWebDriver.java:428)
at org.openqa.selenium.By$ByXPath.findElement(By.java:353)
at org.openqa.selenium.remote.RemoteWebDriver.findElement(RemoteWebDriver.java:315)
at org.openqa.selenium.support.pagefactory.DefaultElementLocator.findElement(DefaultElementLocator.java:69)
at org.openqa.selenium.support.pagefactory.internal.LocatingElementHandler.invoke(LocatingElementHandler.java:38)
at com.sun.proxy.$Proxy10.click(Unknown Source)
at com.reports.pages.FavouriteReports.clickOnFavouriteReportsDropDown(FavouriteReports.java:134)
at com.reports.testcases.TestBuilders.testRunFavReport(TestBuilders.java:717)
at com.reports.testcases.TestPaymentforInsurance.check1MonthFavPDFReport(TestPaymentforInsurance.java:328)
at sun.reflect.NativeMethodAccessorImpl.invoke0(Native Method)
at sun.reflect.NativeMethodAccessorImpl.invoke(NativeMethodAccessorImpl.java:62)
at sun.reflect.DelegatingMethodAccessorImpl.invoke(DelegatingMethodAccessorImpl.java:43)
at java.lang.reflect.Method.invoke(Method.java:498)
at org.testng.internal.MethodInvocationHelper.invokeMethod(MethodInvocationHelper.java:124)
at org.testng.internal.Invoker.invokeMethod(Invoker.java:583)
at org.testng.internal.Invoker.invokeTestMethod(Invoker.java:719)
at org.testng.internal.Invoker.invokeTestMethods(Invoker.java:989)
at org.testng.internal.TestMethodWorker.invokeTestMethods(TestMethodWorker.java:125)
at org.testng.internal.TestMethodWorker.run(TestMethodWorker.java:109)
at org.testng.TestRunner.privateRun(TestRunner.java:648)
at org.testng.TestRunner.run(TestRunner.java:505)
at org.testng.SuiteRunner.runTest(SuiteRunner.java:455)
at org.testng.SuiteRunner.runSequentially(SuiteRunner.java:450)
at org.testng.SuiteRunner.privateRun(SuiteRunner.java:415)
at org.testng.SuiteRunner.run(SuiteRunner.java:364)
at org.testng.SuiteRunnerWorker.runSuite(SuiteRunnerWorker.java:52)
at org.testng.SuiteRunnerWorker.run(SuiteRunnerWorker.java:84)
at org.testng.TestNG.runSuitesSequentially(TestNG.java:1208)
at org.testng.TestNG.runSuitesLocally(TestNG.java:1137)
at org.testng.TestNG.runSuites(TestNG.java:1049)
at org.testng.TestNG.run(TestNG.java:1017)
at org.testng.remote.AbstractRemoteTestNG.run(AbstractRemoteTestNG.java:115)
at org.testng.remote.RemoteTestNG.initAndRun(RemoteTestNG.java:251)
at org.testng.remote.RemoteTestNG.main(RemoteTestNG.java:77)
]]>
            </full-stacktrace>
          </exception> <!-- org.openqa.selenium.NoSuchElementException -->
          <reporter-output>
          </reporter-output>
        </test-method> <!-- check1MonthFavPDFReport -->
        <test-method status="FAIL" signature="check2MonthFavPDFReport()[pri:37, instance:com.reports.testcases.TestPaymentforInsurance@2a2d45ba]" name="check2MonthFavPDFReport" duration-ms="8545" started-at="2019-05-31T05:36:01Z" finished-at="2019-05-31T05:36:09Z">
          <exception class="org.openqa.selenium.NoSuchElementException">
            <message>
              <![CDATA[Unable to locate element: //span[text() = 'Favourite Reports']
For documentation on this error, please visit: https://www.seleniumhq.org/exceptions/no_such_element.html
Build info: version: '3.141.59', revision: 'e82be7d358', time: '2018-11-14T08:25:53'
System info: host: 'vaibhav-Latitude-3550', ip: '127.0.1.1', os.name: 'Linux', os.arch: 'amd64', os.version: '3.13.0-36-generic', java.version: '1.8.0_201'
Driver info: org.openqa.selenium.firefox.FirefoxDriver
Capabilities {acceptInsecureCerts: true, browserName: firefox, browserVersion: 65.0.1, javascriptEnabled: true, moz:accessibilityChecks: false, moz:geckodriverVersion: 0.24.0, moz:headless: false, moz:processID: 5337, moz:profile: /tmp/rust_mozprofile.prJv0E..., moz:shutdownTimeout: 60000, moz:useNonSpecCompliantPointerOrigin: false, moz:webdriverClick: true, pageLoadStrategy: normal, platform: LINUX, platformName: LINUX, platformVersion: 3.13.0-36-generic, rotatable: false, setWindowRect: true, strictFileInteractability: false, timeouts: {implicit: 0, pageLoad: 300000, script: 30000}, unhandledPromptBehavior: dismiss and notify}
Session ID: 3f34e78c-2058-40a6-8433-f0fbae0412bd
*** Element info: {Using=xpath, value=//span[text() = 'Favourite Reports']}]]>
            </message>
            <full-stacktrace>
              <![CDATA[org.openqa.selenium.NoSuchElementException: Unable to locate element: //span[text() = 'Favourite Reports']
For documentation on this error, please visit: https://www.seleniumhq.org/exceptions/no_such_element.html
Build info: version: '3.141.59', revision: 'e82be7d358', time: '2018-11-14T08:25:53'
System info: host: 'vaibhav-Latitude-3550', ip: '127.0.1.1', os.name: 'Linux', os.arch: 'amd64', os.version: '3.13.0-36-generic', java.version: '1.8.0_201'
Driver info: org.openqa.selenium.firefox.FirefoxDriver
Capabilities {acceptInsecureCerts: true, browserName: firefox, browserVersion: 65.0.1, javascriptEnabled: true, moz:accessibilityChecks: false, moz:geckodriverVersion: 0.24.0, moz:headless: false, moz:processID: 5337, moz:profile: /tmp/rust_mozprofile.prJv0E..., moz:shutdownTimeout: 60000, moz:useNonSpecCompliantPointerOrigin: false, moz:webdriverClick: true, pageLoadStrategy: normal, platform: LINUX, platformName: LINUX, platformVersion: 3.13.0-36-generic, rotatable: false, setWindowRect: true, strictFileInteractability: false, timeouts: {implicit: 0, pageLoad: 300000, script: 30000}, unhandledPromptBehavior: dismiss and notify}
Session ID: 3f34e78c-2058-40a6-8433-f0fbae0412bd
*** Element info: {Using=xpath, value=//span[text() = 'Favourite Reports']}
at sun.reflect.NativeConstructorAccessorImpl.newInstance0(Native Method)
at sun.reflect.NativeConstructorAccessorImpl.newInstance(NativeConstructorAccessorImpl.java:62)
at sun.reflect.DelegatingConstructorAccessorImpl.newInstance(DelegatingConstructorAccessorImpl.java:45)
at java.lang.reflect.Constructor.newInstance(Constructor.java:423)
at org.openqa.selenium.remote.http.W3CHttpResponseCodec.createException(W3CHttpResponseCodec.java:187)
at org.openqa.selenium.remote.http.W3CHttpResponseCodec.decode(W3CHttpResponseCodec.java:122)
at org.openqa.selenium.remote.http.W3CHttpResponseCodec.decode(W3CHttpResponseCodec.java:49)
at org.openqa.selenium.remote.HttpCommandExecutor.execute(HttpCommandExecutor.java:158)
at org.openqa.selenium.remote.service.DriverCommandExecutor.execute(DriverCommandExecutor.java:83)
at org.openqa.selenium.remote.RemoteWebDriver.execute(RemoteWebDriver.java:552)
at org.openqa.selenium.remote.RemoteWebDriver.findElement(RemoteWebDriver.java:323)
at org.openqa.selenium.remote.RemoteWebDriver.findElementByXPath(RemoteWebDriver.java:428)
at org.openqa.selenium.By$ByXPath.findElement(By.java:353)
at org.openqa.selenium.remote.RemoteWebDriver.findElement(RemoteWebDriver.java:315)
at org.openqa.selenium.support.pagefactory.DefaultElementLocator.findElement(DefaultElementLocator.java:69)
at org.openqa.selenium.support.pagefactory.internal.LocatingElementHandler.invoke(LocatingElementHandler.java:38)
at com.sun.proxy.$Proxy10.click(Unknown Source)
at com.reports.pages.FavouriteReports.clickOnFavouriteReportsDropDown(FavouriteReports.java:134)
at com.reports.testcases.TestBuilders.testRunFavReport(TestBuilders.java:717)
at com.reports.testcases.TestPaymentforInsurance.check2MonthFavPDFReport(TestPaymentforInsurance.java:335)
at sun.reflect.NativeMethodAccessorImpl.invoke0(Native Method)
at sun.reflect.NativeMethodAccessorImpl.invoke(NativeMethodAccessorImpl.java:62)
at sun.reflect.DelegatingMethodAccessorImpl.invoke(DelegatingMethodAccessorImpl.java:43)
at java.lang.reflect.Method.invoke(Method.java:498)
at org.testng.internal.MethodInvocationHelper.invokeMethod(MethodInvocationHelper.java:124)
at org.testng.internal.Invoker.invokeMethod(Invoker.java:583)
at org.testng.internal.Invoker.invokeTestMethod(Invoker.java:719)
at org.testng.internal.Invoker.invokeTestMethods(Invoker.java:989)
at org.testng.internal.TestMethodWorker.invokeTestMethods(TestMethodWorker.java:125)
at org.testng.internal.TestMethodWorker.run(TestMethodWorker.java:109)
at org.testng.TestRunner.privateRun(TestRunner.java:648)
at org.testng.TestRunner.run(TestRunner.java:505)
at org.testng.SuiteRunner.runTest(SuiteRunner.java:455)
at org.testng.SuiteRunner.runSequentially(SuiteRunner.java:450)
at org.testng.SuiteRunner.privateRun(SuiteRunner.java:415)
at org.testng.SuiteRunner.run(SuiteRunner.java:364)
at org.testng.SuiteRunnerWorker.runSuite(SuiteRunnerWorker.java:52)
at org.testng.SuiteRunnerWorker.run(SuiteRunnerWorker.java:84)
at org.testng.TestNG.runSuitesSequentially(TestNG.java:1208)
at org.testng.TestNG.runSuitesLocally(TestNG.java:1137)
at org.testng.TestNG.runSuites(TestNG.java:1049)
at org.testng.TestNG.run(TestNG.java:1017)
at org.testng.remote.AbstractRemoteTestNG.run(AbstractRemoteTestNG.java:115)
at org.testng.remote.RemoteTestNG.initAndRun(RemoteTestNG.java:251)
at org.testng.remote.RemoteTestNG.main(RemoteTestNG.java:77)
]]>
            </full-stacktrace>
          </exception> <!-- org.openqa.selenium.NoSuchElementException -->
          <reporter-output>
          </reporter-output>
        </test-method> <!-- check2MonthFavPDFReport -->
        <test-method status="FAIL" signature="check3MonthFavPDFReport()[pri:38, instance:com.reports.testcases.TestPaymentforInsurance@2a2d45ba]" name="check3MonthFavPDFReport" duration-ms="8527" started-at="2019-05-31T05:36:09Z" finished-at="2019-05-31T05:36:18Z">
          <exception class="org.openqa.selenium.NoSuchElementException">
            <message>
              <![CDATA[Unable to locate element: //span[text() = 'Favourite Reports']
For documentation on this error, please visit: https://www.seleniumhq.org/exceptions/no_such_element.html
Build info: version: '3.141.59', revision: 'e82be7d358', time: '2018-11-14T08:25:53'
System info: host: 'vaibhav-Latitude-3550', ip: '127.0.1.1', os.name: 'Linux', os.arch: 'amd64', os.version: '3.13.0-36-generic', java.version: '1.8.0_201'
Driver info: org.openqa.selenium.firefox.FirefoxDriver
Capabilities {acceptInsecureCerts: true, browserName: firefox, browserVersion: 65.0.1, javascriptEnabled: true, moz:accessibilityChecks: false, moz:geckodriverVersion: 0.24.0, moz:headless: false, moz:processID: 5337, moz:profile: /tmp/rust_mozprofile.prJv0E..., moz:shutdownTimeout: 60000, moz:useNonSpecCompliantPointerOrigin: false, moz:webdriverClick: true, pageLoadStrategy: normal, platform: LINUX, platformName: LINUX, platformVersion: 3.13.0-36-generic, rotatable: false, setWindowRect: true, strictFileInteractability: false, timeouts: {implicit: 0, pageLoad: 300000, script: 30000}, unhandledPromptBehavior: dismiss and notify}
Session ID: 3f34e78c-2058-40a6-8433-f0fbae0412bd
*** Element info: {Using=xpath, value=//span[text() = 'Favourite Reports']}]]>
            </message>
            <full-stacktrace>
              <![CDATA[org.openqa.selenium.NoSuchElementException: Unable to locate element: //span[text() = 'Favourite Reports']
For documentation on this error, please visit: https://www.seleniumhq.org/exceptions/no_such_element.html
Build info: version: '3.141.59', revision: 'e82be7d358', time: '2018-11-14T08:25:53'
System info: host: 'vaibhav-Latitude-3550', ip: '127.0.1.1', os.name: 'Linux', os.arch: 'amd64', os.version: '3.13.0-36-generic', java.version: '1.8.0_201'
Driver info: org.openqa.selenium.firefox.FirefoxDriver
Capabilities {acceptInsecureCerts: true, browserName: firefox, browserVersion: 65.0.1, javascriptEnabled: true, moz:accessibilityChecks: false, moz:geckodriverVersion: 0.24.0, moz:headless: false, moz:processID: 5337, moz:profile: /tmp/rust_mozprofile.prJv0E..., moz:shutdownTimeout: 60000, moz:useNonSpecCompliantPointerOrigin: false, moz:webdriverClick: true, pageLoadStrategy: normal, platform: LINUX, platformName: LINUX, platformVersion: 3.13.0-36-generic, rotatable: false, setWindowRect: true, strictFileInteractability: false, timeouts: {implicit: 0, pageLoad: 300000, script: 30000}, unhandledPromptBehavior: dismiss and notify}
Session ID: 3f34e78c-2058-40a6-8433-f0fbae0412bd
*** Element info: {Using=xpath, value=//span[text() = 'Favourite Reports']}
at sun.reflect.NativeConstructorAccessorImpl.newInstance0(Native Method)
at sun.reflect.NativeConstructorAccessorImpl.newInstance(NativeConstructorAccessorImpl.java:62)
at sun.reflect.DelegatingConstructorAccessorImpl.newInstance(DelegatingConstructorAccessorImpl.java:45)
at java.lang.reflect.Constructor.newInstance(Constructor.java:423)
at org.openqa.selenium.remote.http.W3CHttpResponseCodec.createException(W3CHttpResponseCodec.java:187)
at org.openqa.selenium.remote.http.W3CHttpResponseCodec.decode(W3CHttpResponseCodec.java:122)
at org.openqa.selenium.remote.http.W3CHttpResponseCodec.decode(W3CHttpResponseCodec.java:49)
at org.openqa.selenium.remote.HttpCommandExecutor.execute(HttpCommandExecutor.java:158)
at org.openqa.selenium.remote.service.DriverCommandExecutor.execute(DriverCommandExecutor.java:83)
at org.openqa.selenium.remote.RemoteWebDriver.execute(RemoteWebDriver.java:552)
at org.openqa.selenium.remote.RemoteWebDriver.findElement(RemoteWebDriver.java:323)
at org.openqa.selenium.remote.RemoteWebDriver.findElementByXPath(RemoteWebDriver.java:428)
at org.openqa.selenium.By$ByXPath.findElement(By.java:353)
at org.openqa.selenium.remote.RemoteWebDriver.findElement(RemoteWebDriver.java:315)
at org.openqa.selenium.support.pagefactory.DefaultElementLocator.findElement(DefaultElementLocator.java:69)
at org.openqa.selenium.support.pagefactory.internal.LocatingElementHandler.invoke(LocatingElementHandler.java:38)
at com.sun.proxy.$Proxy10.click(Unknown Source)
at com.reports.pages.FavouriteReports.clickOnFavouriteReportsDropDown(FavouriteReports.java:134)
at com.reports.testcases.TestBuilders.testRunFavReport(TestBuilders.java:717)
at com.reports.testcases.TestPaymentforInsurance.check3MonthFavPDFReport(TestPaymentforInsurance.java:342)
at sun.reflect.NativeMethodAccessorImpl.invoke0(Native Method)
at sun.reflect.NativeMethodAccessorImpl.invoke(NativeMethodAccessorImpl.java:62)
at sun.reflect.DelegatingMethodAccessorImpl.invoke(DelegatingMethodAccessorImpl.java:43)
at java.lang.reflect.Method.invoke(Method.java:498)
at org.testng.internal.MethodInvocationHelper.invokeMethod(MethodInvocationHelper.java:124)
at org.testng.internal.Invoker.invokeMethod(Invoker.java:583)
at org.testng.internal.Invoker.invokeTestMethod(Invoker.java:719)
at org.testng.internal.Invoker.invokeTestMethods(Invoker.java:989)
at org.testng.internal.TestMethodWorker.invokeTestMethods(TestMethodWorker.java:125)
at org.testng.internal.TestMethodWorker.run(TestMethodWorker.java:109)
at org.testng.TestRunner.privateRun(TestRunner.java:648)
at org.testng.TestRunner.run(TestRunner.java:505)
at org.testng.SuiteRunner.runTest(SuiteRunner.java:455)
at org.testng.SuiteRunner.runSequentially(SuiteRunner.java:450)
at org.testng.SuiteRunner.privateRun(SuiteRunner.java:415)
at org.testng.SuiteRunner.run(SuiteRunner.java:364)
at org.testng.SuiteRunnerWorker.runSuite(SuiteRunnerWorker.java:52)
at org.testng.SuiteRunnerWorker.run(SuiteRunnerWorker.java:84)
at org.testng.TestNG.runSuitesSequentially(TestNG.java:1208)
at org.testng.TestNG.runSuitesLocally(TestNG.java:1137)
at org.testng.TestNG.runSuites(TestNG.java:1049)
at org.testng.TestNG.run(TestNG.java:1017)
at org.testng.remote.AbstractRemoteTestNG.run(AbstractRemoteTestNG.java:115)
at org.testng.remote.RemoteTestNG.initAndRun(RemoteTestNG.java:251)
at org.testng.remote.RemoteTestNG.main(RemoteTestNG.java:77)
]]>
            </full-stacktrace>
          </exception> <!-- org.openqa.selenium.NoSuchElementException -->
          <reporter-output>
          </reporter-output>
        </test-method> <!-- check3MonthFavPDFReport -->
        <test-method status="FAIL" signature="checkForCorporateOffice(java.lang.String, java.lang.String)[pri:39, instance:com.reports.testcases.TestPaymentforInsurance@2a2d45ba]" name="checkForCorporateOffice" duration-ms="8019" started-at="2019-05-31T05:36:18Z" data-provider="dateRangeDropDownOptions" finished-at="2019-05-31T05:36:26Z">
          <params>
            <param index="0">
              <value>
                <![CDATA[Yesterday]]>
              </value>
            </param>
            <param index="1">
              <value>
                <![CDATA[pdf]]>
              </value>
            </param>
          </params>
          <exception class="org.openqa.selenium.NoSuchElementException">
            <message>
              <![CDATA[Unable to locate element: //img[@src="/instanmc/icons/logout.png"]
For documentation on this error, please visit: https://www.seleniumhq.org/exceptions/no_such_element.html
Build info: version: '3.141.59', revision: 'e82be7d358', time: '2018-11-14T08:25:53'
System info: host: 'vaibhav-Latitude-3550', ip: '127.0.1.1', os.name: 'Linux', os.arch: 'amd64', os.version: '3.13.0-36-generic', java.version: '1.8.0_201'
Driver info: org.openqa.selenium.firefox.FirefoxDriver
Capabilities {acceptInsecureCerts: true, browserName: firefox, browserVersion: 65.0.1, javascriptEnabled: true, moz:accessibilityChecks: false, moz:geckodriverVersion: 0.24.0, moz:headless: false, moz:processID: 5337, moz:profile: /tmp/rust_mozprofile.prJv0E..., moz:shutdownTimeout: 60000, moz:useNonSpecCompliantPointerOrigin: false, moz:webdriverClick: true, pageLoadStrategy: normal, platform: LINUX, platformName: LINUX, platformVersion: 3.13.0-36-generic, rotatable: false, setWindowRect: true, strictFileInteractability: false, timeouts: {implicit: 0, pageLoad: 300000, script: 30000}, unhandledPromptBehavior: dismiss and notify}
Session ID: 3f34e78c-2058-40a6-8433-f0fbae0412bd
*** Element info: {Using=xpath, value=//img[@src="/instanmc/icons/logout.png"]}]]>
            </message>
            <full-stacktrace>
              <![CDATA[org.openqa.selenium.NoSuchElementException: Unable to locate element: //img[@src="/instanmc/icons/logout.png"]
For documentation on this error, please visit: https://www.seleniumhq.org/exceptions/no_such_element.html
Build info: version: '3.141.59', revision: 'e82be7d358', time: '2018-11-14T08:25:53'
System info: host: 'vaibhav-Latitude-3550', ip: '127.0.1.1', os.name: 'Linux', os.arch: 'amd64', os.version: '3.13.0-36-generic', java.version: '1.8.0_201'
Driver info: org.openqa.selenium.firefox.FirefoxDriver
Capabilities {acceptInsecureCerts: true, browserName: firefox, browserVersion: 65.0.1, javascriptEnabled: true, moz:accessibilityChecks: false, moz:geckodriverVersion: 0.24.0, moz:headless: false, moz:processID: 5337, moz:profile: /tmp/rust_mozprofile.prJv0E..., moz:shutdownTimeout: 60000, moz:useNonSpecCompliantPointerOrigin: false, moz:webdriverClick: true, pageLoadStrategy: normal, platform: LINUX, platformName: LINUX, platformVersion: 3.13.0-36-generic, rotatable: false, setWindowRect: true, strictFileInteractability: false, timeouts: {implicit: 0, pageLoad: 300000, script: 30000}, unhandledPromptBehavior: dismiss and notify}
Session ID: 3f34e78c-2058-40a6-8433-f0fbae0412bd
*** Element info: {Using=xpath, value=//img[@src="/instanmc/icons/logout.png"]}
at sun.reflect.NativeConstructorAccessorImpl.newInstance0(Native Method)
at sun.reflect.NativeConstructorAccessorImpl.newInstance(NativeConstructorAccessorImpl.java:62)
at sun.reflect.DelegatingConstructorAccessorImpl.newInstance(DelegatingConstructorAccessorImpl.java:45)
at java.lang.reflect.Constructor.newInstance(Constructor.java:423)
at org.openqa.selenium.remote.http.W3CHttpResponseCodec.createException(W3CHttpResponseCodec.java:187)
at org.openqa.selenium.remote.http.W3CHttpResponseCodec.decode(W3CHttpResponseCodec.java:122)
at org.openqa.selenium.remote.http.W3CHttpResponseCodec.decode(W3CHttpResponseCodec.java:49)
at org.openqa.selenium.remote.HttpCommandExecutor.execute(HttpCommandExecutor.java:158)
at org.openqa.selenium.remote.service.DriverCommandExecutor.execute(DriverCommandExecutor.java:83)
at org.openqa.selenium.remote.RemoteWebDriver.execute(RemoteWebDriver.java:552)
at org.openqa.selenium.remote.RemoteWebDriver.findElement(RemoteWebDriver.java:323)
at org.openqa.selenium.remote.RemoteWebDriver.findElementByXPath(RemoteWebDriver.java:428)
at org.openqa.selenium.By$ByXPath.findElement(By.java:353)
at org.openqa.selenium.remote.RemoteWebDriver.findElement(RemoteWebDriver.java:315)
at org.openqa.selenium.support.pagefactory.DefaultElementLocator.findElement(DefaultElementLocator.java:69)
at org.openqa.selenium.support.pagefactory.internal.LocatingElementHandler.invoke(LocatingElementHandler.java:38)
at com.sun.proxy.$Proxy10.click(Unknown Source)
at com.reports.pages.BuiderElements.clickOnLogOut(BuiderElements.java:248)
at com.reports.testcases.TestBuilders.loginAsAdmin(TestBuilders.java:67)
at com.reports.testcases.TestPaymentforInsurance.checkForCorporateOffice(TestPaymentforInsurance.java:352)
at sun.reflect.NativeMethodAccessorImpl.invoke0(Native Method)
at sun.reflect.NativeMethodAccessorImpl.invoke(NativeMethodAccessorImpl.java:62)
at sun.reflect.DelegatingMethodAccessorImpl.invoke(DelegatingMethodAccessorImpl.java:43)
at java.lang.reflect.Method.invoke(Method.java:498)
at org.testng.internal.MethodInvocationHelper.invokeMethod(MethodInvocationHelper.java:124)
at org.testng.internal.Invoker.invokeMethod(Invoker.java:583)
at org.testng.internal.Invoker.invokeTestMethod(Invoker.java:719)
at org.testng.internal.Invoker.invokeTestMethods(Invoker.java:989)
at org.testng.internal.TestMethodWorker.invokeTestMethods(TestMethodWorker.java:125)
at org.testng.internal.TestMethodWorker.run(TestMethodWorker.java:109)
at org.testng.TestRunner.privateRun(TestRunner.java:648)
at org.testng.TestRunner.run(TestRunner.java:505)
at org.testng.SuiteRunner.runTest(SuiteRunner.java:455)
at org.testng.SuiteRunner.runSequentially(SuiteRunner.java:450)
at org.testng.SuiteRunner.privateRun(SuiteRunner.java:415)
at org.testng.SuiteRunner.run(SuiteRunner.java:364)
at org.testng.SuiteRunnerWorker.runSuite(SuiteRunnerWorker.java:52)
at org.testng.SuiteRunnerWorker.run(SuiteRunnerWorker.java:84)
at org.testng.TestNG.runSuitesSequentially(TestNG.java:1208)
at org.testng.TestNG.runSuitesLocally(TestNG.java:1137)
at org.testng.TestNG.runSuites(TestNG.java:1049)
at org.testng.TestNG.run(TestNG.java:1017)
at org.testng.remote.AbstractRemoteTestNG.run(AbstractRemoteTestNG.java:115)
at org.testng.remote.RemoteTestNG.initAndRun(RemoteTestNG.java:251)
at org.testng.remote.RemoteTestNG.main(RemoteTestNG.java:77)
]]>
            </full-stacktrace>
          </exception> <!-- org.openqa.selenium.NoSuchElementException -->
          <reporter-output>
          </reporter-output>
        </test-method> <!-- checkForCorporateOffice -->
        <test-method status="FAIL" signature="checkForCorporateOffice(java.lang.String, java.lang.String)[pri:39, instance:com.reports.testcases.TestPaymentforInsurance@2a2d45ba]" name="checkForCorporateOffice" duration-ms="8018" started-at="2019-05-31T05:36:26Z" data-provider="dateRangeDropDownOptions" finished-at="2019-05-31T05:36:34Z">
          <params>
            <param index="0">
              <value>
                <![CDATA[Custom Date]]>
              </value>
            </param>
            <param index="1">
              <value>
                <![CDATA[pdf]]>
              </value>
            </param>
          </params>
          <exception class="org.openqa.selenium.NoSuchElementException">
            <message>
              <![CDATA[Unable to locate element: #_sel
For documentation on this error, please visit: https://www.seleniumhq.org/exceptions/no_such_element.html
Build info: version: '3.141.59', revision: 'e82be7d358', time: '2018-11-14T08:25:53'
System info: host: 'vaibhav-Latitude-3550', ip: '127.0.1.1', os.name: 'Linux', os.arch: 'amd64', os.version: '3.13.0-36-generic', java.version: '1.8.0_201'
Driver info: org.openqa.selenium.firefox.FirefoxDriver
Capabilities {acceptInsecureCerts: true, browserName: firefox, browserVersion: 65.0.1, javascriptEnabled: true, moz:accessibilityChecks: false, moz:geckodriverVersion: 0.24.0, moz:headless: false, moz:processID: 5337, moz:profile: /tmp/rust_mozprofile.prJv0E..., moz:shutdownTimeout: 60000, moz:useNonSpecCompliantPointerOrigin: false, moz:webdriverClick: true, pageLoadStrategy: normal, platform: LINUX, platformName: LINUX, platformVersion: 3.13.0-36-generic, rotatable: false, setWindowRect: true, strictFileInteractability: false, timeouts: {implicit: 0, pageLoad: 300000, script: 30000}, unhandledPromptBehavior: dismiss and notify}
Session ID: 3f34e78c-2058-40a6-8433-f0fbae0412bd
*** Element info: {Using=id, value=_sel}]]>
            </message>
            <full-stacktrace>
              <![CDATA[org.openqa.selenium.NoSuchElementException: Unable to locate element: #_sel
For documentation on this error, please visit: https://www.seleniumhq.org/exceptions/no_such_element.html
Build info: version: '3.141.59', revision: 'e82be7d358', time: '2018-11-14T08:25:53'
System info: host: 'vaibhav-Latitude-3550', ip: '127.0.1.1', os.name: 'Linux', os.arch: 'amd64', os.version: '3.13.0-36-generic', java.version: '1.8.0_201'
Driver info: org.openqa.selenium.firefox.FirefoxDriver
Capabilities {acceptInsecureCerts: true, browserName: firefox, browserVersion: 65.0.1, javascriptEnabled: true, moz:accessibilityChecks: false, moz:geckodriverVersion: 0.24.0, moz:headless: false, moz:processID: 5337, moz:profile: /tmp/rust_mozprofile.prJv0E..., moz:shutdownTimeout: 60000, moz:useNonSpecCompliantPointerOrigin: false, moz:webdriverClick: true, pageLoadStrategy: normal, platform: LINUX, platformName: LINUX, platformVersion: 3.13.0-36-generic, rotatable: false, setWindowRect: true, strictFileInteractability: false, timeouts: {implicit: 0, pageLoad: 300000, script: 30000}, unhandledPromptBehavior: dismiss and notify}
Session ID: 3f34e78c-2058-40a6-8433-f0fbae0412bd
*** Element info: {Using=id, value=_sel}
at sun.reflect.NativeConstructorAccessorImpl.newInstance0(Native Method)
at sun.reflect.NativeConstructorAccessorImpl.newInstance(NativeConstructorAccessorImpl.java:62)
at sun.reflect.DelegatingConstructorAccessorImpl.newInstance(DelegatingConstructorAccessorImpl.java:45)
at java.lang.reflect.Constructor.newInstance(Constructor.java:423)
at org.openqa.selenium.remote.http.W3CHttpResponseCodec.createException(W3CHttpResponseCodec.java:187)
at org.openqa.selenium.remote.http.W3CHttpResponseCodec.decode(W3CHttpResponseCodec.java:122)
at org.openqa.selenium.remote.http.W3CHttpResponseCodec.decode(W3CHttpResponseCodec.java:49)
at org.openqa.selenium.remote.HttpCommandExecutor.execute(HttpCommandExecutor.java:158)
at org.openqa.selenium.remote.service.DriverCommandExecutor.execute(DriverCommandExecutor.java:83)
at org.openqa.selenium.remote.RemoteWebDriver.execute(RemoteWebDriver.java:552)
at org.openqa.selenium.remote.RemoteWebDriver.findElement(RemoteWebDriver.java:323)
at org.openqa.selenium.remote.RemoteWebDriver.findElementById(RemoteWebDriver.java:372)
at org.openqa.selenium.By$ById.findElement(By.java:188)
at org.openqa.selenium.remote.RemoteWebDriver.findElement(RemoteWebDriver.java:315)
at org.openqa.selenium.support.pagefactory.DefaultElementLocator.findElement(DefaultElementLocator.java:69)
at org.openqa.selenium.support.pagefactory.internal.LocatingElementHandler.invoke(LocatingElementHandler.java:38)
at com.sun.proxy.$Proxy10.getTagName(Unknown Source)
at org.openqa.selenium.support.ui.Select.<init>(Select.java:45)
at com.reports.pages.BuiderElements.selectDateRangeOPtion(BuiderElements.java:93)
at com.reports.testcases.TestBuilders.checkForCorporateOffice(TestBuilders.java:374)
at com.reports.testcases.TestPaymentforInsurance.checkForCorporateOffice(TestPaymentforInsurance.java:355)
at sun.reflect.NativeMethodAccessorImpl.invoke0(Native Method)
at sun.reflect.NativeMethodAccessorImpl.invoke(NativeMethodAccessorImpl.java:62)
at sun.reflect.DelegatingMethodAccessorImpl.invoke(DelegatingMethodAccessorImpl.java:43)
at java.lang.reflect.Method.invoke(Method.java:498)
at org.testng.internal.MethodInvocationHelper.invokeMethod(MethodInvocationHelper.java:124)
at org.testng.internal.Invoker.invokeMethod(Invoker.java:583)
at org.testng.internal.Invoker.invokeTestMethod(Invoker.java:719)
at org.testng.internal.Invoker.invokeTestMethods(Invoker.java:989)
at org.testng.internal.TestMethodWorker.invokeTestMethods(TestMethodWorker.java:125)
at org.testng.internal.TestMethodWorker.run(TestMethodWorker.java:109)
at org.testng.TestRunner.privateRun(TestRunner.java:648)
at org.testng.TestRunner.run(TestRunner.java:505)
at org.testng.SuiteRunner.runTest(SuiteRunner.java:455)
at org.testng.SuiteRunner.runSequentially(SuiteRunner.java:450)
at org.testng.SuiteRunner.privateRun(SuiteRunner.java:415)
at org.testng.SuiteRunner.run(SuiteRunner.java:364)
at org.testng.SuiteRunnerWorker.runSuite(SuiteRunnerWorker.java:52)
at org.testng.SuiteRunnerWorker.run(SuiteRunnerWorker.java:84)
at org.testng.TestNG.runSuitesSequentially(TestNG.java:1208)
at org.testng.TestNG.runSuitesLocally(TestNG.java:1137)
at org.testng.TestNG.runSuites(TestNG.java:1049)
at org.testng.TestNG.run(TestNG.java:1017)
at org.testng.remote.AbstractRemoteTestNG.run(AbstractRemoteTestNG.java:115)
at org.testng.remote.RemoteTestNG.initAndRun(RemoteTestNG.java:251)
at org.testng.remote.RemoteTestNG.main(RemoteTestNG.java:77)
]]>
            </full-stacktrace>
          </exception> <!-- org.openqa.selenium.NoSuchElementException -->
          <reporter-output>
          </reporter-output>
        </test-method> <!-- checkForCorporateOffice -->
        <test-method status="FAIL" signature="checkForCorporateOffice(java.lang.String, java.lang.String)[pri:39, instance:com.reports.testcases.TestPaymentforInsurance@2a2d45ba]" name="checkForCorporateOffice" duration-ms="8020" started-at="2019-05-31T05:36:34Z" data-provider="dateRangeDropDownOptions" finished-at="2019-05-31T05:36:42Z">
          <params>
            <param index="0">
              <value>
                <![CDATA[Today]]>
              </value>
            </param>
            <param index="1">
              <value>
                <![CDATA[pdf]]>
              </value>
            </param>
          </params>
          <exception class="org.openqa.selenium.NoSuchElementException">
            <message>
              <![CDATA[Unable to locate element: #_sel
For documentation on this error, please visit: https://www.seleniumhq.org/exceptions/no_such_element.html
Build info: version: '3.141.59', revision: 'e82be7d358', time: '2018-11-14T08:25:53'
System info: host: 'vaibhav-Latitude-3550', ip: '127.0.1.1', os.name: 'Linux', os.arch: 'amd64', os.version: '3.13.0-36-generic', java.version: '1.8.0_201'
Driver info: org.openqa.selenium.firefox.FirefoxDriver
Capabilities {acceptInsecureCerts: true, browserName: firefox, browserVersion: 65.0.1, javascriptEnabled: true, moz:accessibilityChecks: false, moz:geckodriverVersion: 0.24.0, moz:headless: false, moz:processID: 5337, moz:profile: /tmp/rust_mozprofile.prJv0E..., moz:shutdownTimeout: 60000, moz:useNonSpecCompliantPointerOrigin: false, moz:webdriverClick: true, pageLoadStrategy: normal, platform: LINUX, platformName: LINUX, platformVersion: 3.13.0-36-generic, rotatable: false, setWindowRect: true, strictFileInteractability: false, timeouts: {implicit: 0, pageLoad: 300000, script: 30000}, unhandledPromptBehavior: dismiss and notify}
Session ID: 3f34e78c-2058-40a6-8433-f0fbae0412bd
*** Element info: {Using=id, value=_sel}]]>
            </message>
            <full-stacktrace>
              <![CDATA[org.openqa.selenium.NoSuchElementException: Unable to locate element: #_sel
For documentation on this error, please visit: https://www.seleniumhq.org/exceptions/no_such_element.html
Build info: version: '3.141.59', revision: 'e82be7d358', time: '2018-11-14T08:25:53'
System info: host: 'vaibhav-Latitude-3550', ip: '127.0.1.1', os.name: 'Linux', os.arch: 'amd64', os.version: '3.13.0-36-generic', java.version: '1.8.0_201'
Driver info: org.openqa.selenium.firefox.FirefoxDriver
Capabilities {acceptInsecureCerts: true, browserName: firefox, browserVersion: 65.0.1, javascriptEnabled: true, moz:accessibilityChecks: false, moz:geckodriverVersion: 0.24.0, moz:headless: false, moz:processID: 5337, moz:profile: /tmp/rust_mozprofile.prJv0E..., moz:shutdownTimeout: 60000, moz:useNonSpecCompliantPointerOrigin: false, moz:webdriverClick: true, pageLoadStrategy: normal, platform: LINUX, platformName: LINUX, platformVersion: 3.13.0-36-generic, rotatable: false, setWindowRect: true, strictFileInteractability: false, timeouts: {implicit: 0, pageLoad: 300000, script: 30000}, unhandledPromptBehavior: dismiss and notify}
Session ID: 3f34e78c-2058-40a6-8433-f0fbae0412bd
*** Element info: {Using=id, value=_sel}
at sun.reflect.NativeConstructorAccessorImpl.newInstance0(Native Method)
at sun.reflect.NativeConstructorAccessorImpl.newInstance(NativeConstructorAccessorImpl.java:62)
at sun.reflect.DelegatingConstructorAccessorImpl.newInstance(DelegatingConstructorAccessorImpl.java:45)
at java.lang.reflect.Constructor.newInstance(Constructor.java:423)
at org.openqa.selenium.remote.http.W3CHttpResponseCodec.createException(W3CHttpResponseCodec.java:187)
at org.openqa.selenium.remote.http.W3CHttpResponseCodec.decode(W3CHttpResponseCodec.java:122)
at org.openqa.selenium.remote.http.W3CHttpResponseCodec.decode(W3CHttpResponseCodec.java:49)
at org.openqa.selenium.remote.HttpCommandExecutor.execute(HttpCommandExecutor.java:158)
at org.openqa.selenium.remote.service.DriverCommandExecutor.execute(DriverCommandExecutor.java:83)
at org.openqa.selenium.remote.RemoteWebDriver.execute(RemoteWebDriver.java:552)
at org.openqa.selenium.remote.RemoteWebDriver.findElement(RemoteWebDriver.java:323)
at org.openqa.selenium.remote.RemoteWebDriver.findElementById(RemoteWebDriver.java:372)
at org.openqa.selenium.By$ById.findElement(By.java:188)
at org.openqa.selenium.remote.RemoteWebDriver.findElement(RemoteWebDriver.java:315)
at org.openqa.selenium.support.pagefactory.DefaultElementLocator.findElement(DefaultElementLocator.java:69)
at org.openqa.selenium.support.pagefactory.internal.LocatingElementHandler.invoke(LocatingElementHandler.java:38)
at com.sun.proxy.$Proxy10.getTagName(Unknown Source)
at org.openqa.selenium.support.ui.Select.<init>(Select.java:45)
at com.reports.pages.BuiderElements.selectDateRangeOPtion(BuiderElements.java:93)
at com.reports.testcases.TestBuilders.checkForCorporateOffice(TestBuilders.java:374)
at com.reports.testcases.TestPaymentforInsurance.checkForCorporateOffice(TestPaymentforInsurance.java:355)
at sun.reflect.NativeMethodAccessorImpl.invoke0(Native Method)
at sun.reflect.NativeMethodAccessorImpl.invoke(NativeMethodAccessorImpl.java:62)
at sun.reflect.DelegatingMethodAccessorImpl.invoke(DelegatingMethodAccessorImpl.java:43)
at java.lang.reflect.Method.invoke(Method.java:498)
at org.testng.internal.MethodInvocationHelper.invokeMethod(MethodInvocationHelper.java:124)
at org.testng.internal.Invoker.invokeMethod(Invoker.java:583)
at org.testng.internal.Invoker.invokeTestMethod(Invoker.java:719)
at org.testng.internal.Invoker.invokeTestMethods(Invoker.java:989)
at org.testng.internal.TestMethodWorker.invokeTestMethods(TestMethodWorker.java:125)
at org.testng.internal.TestMethodWorker.run(TestMethodWorker.java:109)
at org.testng.TestRunner.privateRun(TestRunner.java:648)
at org.testng.TestRunner.run(TestRunner.java:505)
at org.testng.SuiteRunner.runTest(SuiteRunner.java:455)
at org.testng.SuiteRunner.runSequentially(SuiteRunner.java:450)
at org.testng.SuiteRunner.privateRun(SuiteRunner.java:415)
at org.testng.SuiteRunner.run(SuiteRunner.java:364)
at org.testng.SuiteRunnerWorker.runSuite(SuiteRunnerWorker.java:52)
at org.testng.SuiteRunnerWorker.run(SuiteRunnerWorker.java:84)
at org.testng.TestNG.runSuitesSequentially(TestNG.java:1208)
at org.testng.TestNG.runSuitesLocally(TestNG.java:1137)
at org.testng.TestNG.runSuites(TestNG.java:1049)
at org.testng.TestNG.run(TestNG.java:1017)
at org.testng.remote.AbstractRemoteTestNG.run(AbstractRemoteTestNG.java:115)
at org.testng.remote.RemoteTestNG.initAndRun(RemoteTestNG.java:251)
at org.testng.remote.RemoteTestNG.main(RemoteTestNG.java:77)
]]>
            </full-stacktrace>
          </exception> <!-- org.openqa.selenium.NoSuchElementException -->
          <reporter-output>
          </reporter-output>
        </test-method> <!-- checkForCorporateOffice -->
        <test-method status="FAIL" signature="checkForCorporateOffice(java.lang.String, java.lang.String)[pri:39, instance:com.reports.testcases.TestPaymentforInsurance@2a2d45ba]" name="checkForCorporateOffice" duration-ms="8014" started-at="2019-05-31T05:36:42Z" data-provider="dateRangeDropDownOptions" finished-at="2019-05-31T05:36:50Z">
          <params>
            <param index="0">
              <value>
                <![CDATA[This Month]]>
              </value>
            </param>
            <param index="1">
              <value>
                <![CDATA[pdf]]>
              </value>
            </param>
          </params>
          <exception class="org.openqa.selenium.NoSuchElementException">
            <message>
              <![CDATA[Unable to locate element: #_sel
For documentation on this error, please visit: https://www.seleniumhq.org/exceptions/no_such_element.html
Build info: version: '3.141.59', revision: 'e82be7d358', time: '2018-11-14T08:25:53'
System info: host: 'vaibhav-Latitude-3550', ip: '127.0.1.1', os.name: 'Linux', os.arch: 'amd64', os.version: '3.13.0-36-generic', java.version: '1.8.0_201'
Driver info: org.openqa.selenium.firefox.FirefoxDriver
Capabilities {acceptInsecureCerts: true, browserName: firefox, browserVersion: 65.0.1, javascriptEnabled: true, moz:accessibilityChecks: false, moz:geckodriverVersion: 0.24.0, moz:headless: false, moz:processID: 5337, moz:profile: /tmp/rust_mozprofile.prJv0E..., moz:shutdownTimeout: 60000, moz:useNonSpecCompliantPointerOrigin: false, moz:webdriverClick: true, pageLoadStrategy: normal, platform: LINUX, platformName: LINUX, platformVersion: 3.13.0-36-generic, rotatable: false, setWindowRect: true, strictFileInteractability: false, timeouts: {implicit: 0, pageLoad: 300000, script: 30000}, unhandledPromptBehavior: dismiss and notify}
Session ID: 3f34e78c-2058-40a6-8433-f0fbae0412bd
*** Element info: {Using=id, value=_sel}]]>
            </message>
            <full-stacktrace>
              <![CDATA[org.openqa.selenium.NoSuchElementException: Unable to locate element: #_sel
For documentation on this error, please visit: https://www.seleniumhq.org/exceptions/no_such_element.html
Build info: version: '3.141.59', revision: 'e82be7d358', time: '2018-11-14T08:25:53'
System info: host: 'vaibhav-Latitude-3550', ip: '127.0.1.1', os.name: 'Linux', os.arch: 'amd64', os.version: '3.13.0-36-generic', java.version: '1.8.0_201'
Driver info: org.openqa.selenium.firefox.FirefoxDriver
Capabilities {acceptInsecureCerts: true, browserName: firefox, browserVersion: 65.0.1, javascriptEnabled: true, moz:accessibilityChecks: false, moz:geckodriverVersion: 0.24.0, moz:headless: false, moz:processID: 5337, moz:profile: /tmp/rust_mozprofile.prJv0E..., moz:shutdownTimeout: 60000, moz:useNonSpecCompliantPointerOrigin: false, moz:webdriverClick: true, pageLoadStrategy: normal, platform: LINUX, platformName: LINUX, platformVersion: 3.13.0-36-generic, rotatable: false, setWindowRect: true, strictFileInteractability: false, timeouts: {implicit: 0, pageLoad: 300000, script: 30000}, unhandledPromptBehavior: dismiss and notify}
Session ID: 3f34e78c-2058-40a6-8433-f0fbae0412bd
*** Element info: {Using=id, value=_sel}
at sun.reflect.NativeConstructorAccessorImpl.newInstance0(Native Method)
at sun.reflect.NativeConstructorAccessorImpl.newInstance(NativeConstructorAccessorImpl.java:62)
at sun.reflect.DelegatingConstructorAccessorImpl.newInstance(DelegatingConstructorAccessorImpl.java:45)
at java.lang.reflect.Constructor.newInstance(Constructor.java:423)
at org.openqa.selenium.remote.http.W3CHttpResponseCodec.createException(W3CHttpResponseCodec.java:187)
at org.openqa.selenium.remote.http.W3CHttpResponseCodec.decode(W3CHttpResponseCodec.java:122)
at org.openqa.selenium.remote.http.W3CHttpResponseCodec.decode(W3CHttpResponseCodec.java:49)
at org.openqa.selenium.remote.HttpCommandExecutor.execute(HttpCommandExecutor.java:158)
at org.openqa.selenium.remote.service.DriverCommandExecutor.execute(DriverCommandExecutor.java:83)
at org.openqa.selenium.remote.RemoteWebDriver.execute(RemoteWebDriver.java:552)
at org.openqa.selenium.remote.RemoteWebDriver.findElement(RemoteWebDriver.java:323)
at org.openqa.selenium.remote.RemoteWebDriver.findElementById(RemoteWebDriver.java:372)
at org.openqa.selenium.By$ById.findElement(By.java:188)
at org.openqa.selenium.remote.RemoteWebDriver.findElement(RemoteWebDriver.java:315)
at org.openqa.selenium.support.pagefactory.DefaultElementLocator.findElement(DefaultElementLocator.java:69)
at org.openqa.selenium.support.pagefactory.internal.LocatingElementHandler.invoke(LocatingElementHandler.java:38)
at com.sun.proxy.$Proxy10.getTagName(Unknown Source)
at org.openqa.selenium.support.ui.Select.<init>(Select.java:45)
at com.reports.pages.BuiderElements.selectDateRangeOPtion(BuiderElements.java:93)
at com.reports.testcases.TestBuilders.checkForCorporateOffice(TestBuilders.java:374)
at com.reports.testcases.TestPaymentforInsurance.checkForCorporateOffice(TestPaymentforInsurance.java:355)
at sun.reflect.NativeMethodAccessorImpl.invoke0(Native Method)
at sun.reflect.NativeMethodAccessorImpl.invoke(NativeMethodAccessorImpl.java:62)
at sun.reflect.DelegatingMethodAccessorImpl.invoke(DelegatingMethodAccessorImpl.java:43)
at java.lang.reflect.Method.invoke(Method.java:498)
at org.testng.internal.MethodInvocationHelper.invokeMethod(MethodInvocationHelper.java:124)
at org.testng.internal.Invoker.invokeMethod(Invoker.java:583)
at org.testng.internal.Invoker.invokeTestMethod(Invoker.java:719)
at org.testng.internal.Invoker.invokeTestMethods(Invoker.java:989)
at org.testng.internal.TestMethodWorker.invokeTestMethods(TestMethodWorker.java:125)
at org.testng.internal.TestMethodWorker.run(TestMethodWorker.java:109)
at org.testng.TestRunner.privateRun(TestRunner.java:648)
at org.testng.TestRunner.run(TestRunner.java:505)
at org.testng.SuiteRunner.runTest(SuiteRunner.java:455)
at org.testng.SuiteRunner.runSequentially(SuiteRunner.java:450)
at org.testng.SuiteRunner.privateRun(SuiteRunner.java:415)
at org.testng.SuiteRunner.run(SuiteRunner.java:364)
at org.testng.SuiteRunnerWorker.runSuite(SuiteRunnerWorker.java:52)
at org.testng.SuiteRunnerWorker.run(SuiteRunnerWorker.java:84)
at org.testng.TestNG.runSuitesSequentially(TestNG.java:1208)
at org.testng.TestNG.runSuitesLocally(TestNG.java:1137)
at org.testng.TestNG.runSuites(TestNG.java:1049)
at org.testng.TestNG.run(TestNG.java:1017)
at org.testng.remote.AbstractRemoteTestNG.run(AbstractRemoteTestNG.java:115)
at org.testng.remote.RemoteTestNG.initAndRun(RemoteTestNG.java:251)
at org.testng.remote.RemoteTestNG.main(RemoteTestNG.java:77)
]]>
            </full-stacktrace>
          </exception> <!-- org.openqa.selenium.NoSuchElementException -->
          <reporter-output>
          </reporter-output>
        </test-method> <!-- checkForCorporateOffice -->
        <test-method status="FAIL" signature="checkForCorporateOffice(java.lang.String, java.lang.String)[pri:39, instance:com.reports.testcases.TestPaymentforInsurance@2a2d45ba]" name="checkForCorporateOffice" duration-ms="8021" started-at="2019-05-31T05:36:50Z" data-provider="dateRangeDropDownOptions" finished-at="2019-05-31T05:36:58Z">
          <params>
            <param index="0">
              <value>
                <![CDATA[Previous Month]]>
              </value>
            </param>
            <param index="1">
              <value>
                <![CDATA[pdf]]>
              </value>
            </param>
          </params>
          <exception class="org.openqa.selenium.NoSuchElementException">
            <message>
              <![CDATA[Unable to locate element: #_sel
For documentation on this error, please visit: https://www.seleniumhq.org/exceptions/no_such_element.html
Build info: version: '3.141.59', revision: 'e82be7d358', time: '2018-11-14T08:25:53'
System info: host: 'vaibhav-Latitude-3550', ip: '127.0.1.1', os.name: 'Linux', os.arch: 'amd64', os.version: '3.13.0-36-generic', java.version: '1.8.0_201'
Driver info: org.openqa.selenium.firefox.FirefoxDriver
Capabilities {acceptInsecureCerts: true, browserName: firefox, browserVersion: 65.0.1, javascriptEnabled: true, moz:accessibilityChecks: false, moz:geckodriverVersion: 0.24.0, moz:headless: false, moz:processID: 5337, moz:profile: /tmp/rust_mozprofile.prJv0E..., moz:shutdownTimeout: 60000, moz:useNonSpecCompliantPointerOrigin: false, moz:webdriverClick: true, pageLoadStrategy: normal, platform: LINUX, platformName: LINUX, platformVersion: 3.13.0-36-generic, rotatable: false, setWindowRect: true, strictFileInteractability: false, timeouts: {implicit: 0, pageLoad: 300000, script: 30000}, unhandledPromptBehavior: dismiss and notify}
Session ID: 3f34e78c-2058-40a6-8433-f0fbae0412bd
*** Element info: {Using=id, value=_sel}]]>
            </message>
            <full-stacktrace>
              <![CDATA[org.openqa.selenium.NoSuchElementException: Unable to locate element: #_sel
For documentation on this error, please visit: https://www.seleniumhq.org/exceptions/no_such_element.html
Build info: version: '3.141.59', revision: 'e82be7d358', time: '2018-11-14T08:25:53'
System info: host: 'vaibhav-Latitude-3550', ip: '127.0.1.1', os.name: 'Linux', os.arch: 'amd64', os.version: '3.13.0-36-generic', java.version: '1.8.0_201'
Driver info: org.openqa.selenium.firefox.FirefoxDriver
Capabilities {acceptInsecureCerts: true, browserName: firefox, browserVersion: 65.0.1, javascriptEnabled: true, moz:accessibilityChecks: false, moz:geckodriverVersion: 0.24.0, moz:headless: false, moz:processID: 5337, moz:profile: /tmp/rust_mozprofile.prJv0E..., moz:shutdownTimeout: 60000, moz:useNonSpecCompliantPointerOrigin: false, moz:webdriverClick: true, pageLoadStrategy: normal, platform: LINUX, platformName: LINUX, platformVersion: 3.13.0-36-generic, rotatable: false, setWindowRect: true, strictFileInteractability: false, timeouts: {implicit: 0, pageLoad: 300000, script: 30000}, unhandledPromptBehavior: dismiss and notify}
Session ID: 3f34e78c-2058-40a6-8433-f0fbae0412bd
*** Element info: {Using=id, value=_sel}
at sun.reflect.NativeConstructorAccessorImpl.newInstance0(Native Method)
at sun.reflect.NativeConstructorAccessorImpl.newInstance(NativeConstructorAccessorImpl.java:62)
at sun.reflect.DelegatingConstructorAccessorImpl.newInstance(DelegatingConstructorAccessorImpl.java:45)
at java.lang.reflect.Constructor.newInstance(Constructor.java:423)
at org.openqa.selenium.remote.http.W3CHttpResponseCodec.createException(W3CHttpResponseCodec.java:187)
at org.openqa.selenium.remote.http.W3CHttpResponseCodec.decode(W3CHttpResponseCodec.java:122)
at org.openqa.selenium.remote.http.W3CHttpResponseCodec.decode(W3CHttpResponseCodec.java:49)
at org.openqa.selenium.remote.HttpCommandExecutor.execute(HttpCommandExecutor.java:158)
at org.openqa.selenium.remote.service.DriverCommandExecutor.execute(DriverCommandExecutor.java:83)
at org.openqa.selenium.remote.RemoteWebDriver.execute(RemoteWebDriver.java:552)
at org.openqa.selenium.remote.RemoteWebDriver.findElement(RemoteWebDriver.java:323)
at org.openqa.selenium.remote.RemoteWebDriver.findElementById(RemoteWebDriver.java:372)
at org.openqa.selenium.By$ById.findElement(By.java:188)
at org.openqa.selenium.remote.RemoteWebDriver.findElement(RemoteWebDriver.java:315)
at org.openqa.selenium.support.pagefactory.DefaultElementLocator.findElement(DefaultElementLocator.java:69)
at org.openqa.selenium.support.pagefactory.internal.LocatingElementHandler.invoke(LocatingElementHandler.java:38)
at com.sun.proxy.$Proxy10.getTagName(Unknown Source)
at org.openqa.selenium.support.ui.Select.<init>(Select.java:45)
at com.reports.pages.BuiderElements.selectDateRangeOPtion(BuiderElements.java:93)
at com.reports.testcases.TestBuilders.checkForCorporateOffice(TestBuilders.java:374)
at com.reports.testcases.TestPaymentforInsurance.checkForCorporateOffice(TestPaymentforInsurance.java:355)
at sun.reflect.NativeMethodAccessorImpl.invoke0(Native Method)
at sun.reflect.NativeMethodAccessorImpl.invoke(NativeMethodAccessorImpl.java:62)
at sun.reflect.DelegatingMethodAccessorImpl.invoke(DelegatingMethodAccessorImpl.java:43)
at java.lang.reflect.Method.invoke(Method.java:498)
at org.testng.internal.MethodInvocationHelper.invokeMethod(MethodInvocationHelper.java:124)
at org.testng.internal.Invoker.invokeMethod(Invoker.java:583)
at org.testng.internal.Invoker.invokeTestMethod(Invoker.java:719)
at org.testng.internal.Invoker.invokeTestMethods(Invoker.java:989)
at org.testng.internal.TestMethodWorker.invokeTestMethods(TestMethodWorker.java:125)
at org.testng.internal.TestMethodWorker.run(TestMethodWorker.java:109)
at org.testng.TestRunner.privateRun(TestRunner.java:648)
at org.testng.TestRunner.run(TestRunner.java:505)
at org.testng.SuiteRunner.runTest(SuiteRunner.java:455)
at org.testng.SuiteRunner.runSequentially(SuiteRunner.java:450)
at org.testng.SuiteRunner.privateRun(SuiteRunner.java:415)
at org.testng.SuiteRunner.run(SuiteRunner.java:364)
at org.testng.SuiteRunnerWorker.runSuite(SuiteRunnerWorker.java:52)
at org.testng.SuiteRunnerWorker.run(SuiteRunnerWorker.java:84)
at org.testng.TestNG.runSuitesSequentially(TestNG.java:1208)
at org.testng.TestNG.runSuitesLocally(TestNG.java:1137)
at org.testng.TestNG.runSuites(TestNG.java:1049)
at org.testng.TestNG.run(TestNG.java:1017)
at org.testng.remote.AbstractRemoteTestNG.run(AbstractRemoteTestNG.java:115)
at org.testng.remote.RemoteTestNG.initAndRun(RemoteTestNG.java:251)
at org.testng.remote.RemoteTestNG.main(RemoteTestNG.java:77)
]]>
            </full-stacktrace>
          </exception> <!-- org.openqa.selenium.NoSuchElementException -->
          <reporter-output>
          </reporter-output>
        </test-method> <!-- checkForCorporateOffice -->
        <test-method status="FAIL" signature="checkForCorporateOffice(java.lang.String, java.lang.String)[pri:39, instance:com.reports.testcases.TestPaymentforInsurance@2a2d45ba]" name="checkForCorporateOffice" duration-ms="2248" started-at="2019-05-31T05:36:58Z" data-provider="dateRangeDropDownOptions" finished-at="2019-05-31T05:37:00Z">
          <params>
            <param index="0">
              <value>
                <![CDATA[Today]]>
              </value>
            </param>
            <param index="1">
              <value>
                <![CDATA[csv]]>
              </value>
            </param>
          </params>
          <exception class="org.openqa.selenium.WebDriverException">
            <message>
              <![CDATA[Failed to convert data to an object
Build info: version: '3.141.59', revision: 'e82be7d358', time: '2018-11-14T08:25:53'
System info: host: 'vaibhav-Latitude-3550', ip: '127.0.1.1', os.name: 'Linux', os.arch: 'amd64', os.version: '3.13.0-36-generic', java.version: '1.8.0_201'
Driver info: org.openqa.selenium.firefox.FirefoxDriver
Capabilities {acceptInsecureCerts: true, browserName: firefox, browserVersion: 65.0.1, javascriptEnabled: true, moz:accessibilityChecks: false, moz:geckodriverVersion: 0.24.0, moz:headless: false, moz:processID: 5337, moz:profile: /tmp/rust_mozprofile.prJv0E..., moz:shutdownTimeout: 60000, moz:useNonSpecCompliantPointerOrigin: false, moz:webdriverClick: true, pageLoadStrategy: normal, platform: LINUX, platformName: LINUX, platformVersion: 3.13.0-36-generic, rotatable: false, setWindowRect: true, strictFileInteractability: false, timeouts: {implicit: 0, pageLoad: 300000, script: 30000}, unhandledPromptBehavior: dismiss and notify}
Session ID: 3f34e78c-2058-40a6-8433-f0fbae0412bd
*** Element info: {Using=id, value=_sel}]]>
            </message>
            <full-stacktrace>
              <![CDATA[org.openqa.selenium.WebDriverException: Failed to convert data to an object
Build info: version: '3.141.59', revision: 'e82be7d358', time: '2018-11-14T08:25:53'
System info: host: 'vaibhav-Latitude-3550', ip: '127.0.1.1', os.name: 'Linux', os.arch: 'amd64', os.version: '3.13.0-36-generic', java.version: '1.8.0_201'
Driver info: org.openqa.selenium.firefox.FirefoxDriver
Capabilities {acceptInsecureCerts: true, browserName: firefox, browserVersion: 65.0.1, javascriptEnabled: true, moz:accessibilityChecks: false, moz:geckodriverVersion: 0.24.0, moz:headless: false, moz:processID: 5337, moz:profile: /tmp/rust_mozprofile.prJv0E..., moz:shutdownTimeout: 60000, moz:useNonSpecCompliantPointerOrigin: false, moz:webdriverClick: true, pageLoadStrategy: normal, platform: LINUX, platformName: LINUX, platformVersion: 3.13.0-36-generic, rotatable: false, setWindowRect: true, strictFileInteractability: false, timeouts: {implicit: 0, pageLoad: 300000, script: 30000}, unhandledPromptBehavior: dismiss and notify}
Session ID: 3f34e78c-2058-40a6-8433-f0fbae0412bd
*** Element info: {Using=id, value=_sel}
at sun.reflect.NativeConstructorAccessorImpl.newInstance0(Native Method)
at sun.reflect.NativeConstructorAccessorImpl.newInstance(NativeConstructorAccessorImpl.java:62)
at sun.reflect.DelegatingConstructorAccessorImpl.newInstance(DelegatingConstructorAccessorImpl.java:45)
at java.lang.reflect.Constructor.newInstance(Constructor.java:423)
at org.openqa.selenium.remote.http.W3CHttpResponseCodec.createException(W3CHttpResponseCodec.java:187)
at org.openqa.selenium.remote.http.W3CHttpResponseCodec.decode(W3CHttpResponseCodec.java:122)
at org.openqa.selenium.remote.http.W3CHttpResponseCodec.decode(W3CHttpResponseCodec.java:49)
at org.openqa.selenium.remote.HttpCommandExecutor.execute(HttpCommandExecutor.java:158)
at org.openqa.selenium.remote.service.DriverCommandExecutor.execute(DriverCommandExecutor.java:83)
at org.openqa.selenium.remote.RemoteWebDriver.execute(RemoteWebDriver.java:552)
at org.openqa.selenium.remote.RemoteWebDriver.findElement(RemoteWebDriver.java:323)
at org.openqa.selenium.remote.RemoteWebDriver.findElementById(RemoteWebDriver.java:372)
at org.openqa.selenium.By$ById.findElement(By.java:188)
at org.openqa.selenium.remote.RemoteWebDriver.findElement(RemoteWebDriver.java:315)
at org.openqa.selenium.support.pagefactory.DefaultElementLocator.findElement(DefaultElementLocator.java:69)
at org.openqa.selenium.support.pagefactory.internal.LocatingElementHandler.invoke(LocatingElementHandler.java:38)
at com.sun.proxy.$Proxy10.getTagName(Unknown Source)
at org.openqa.selenium.support.ui.Select.<init>(Select.java:45)
at com.reports.pages.BuiderElements.selectDateRangeOPtion(BuiderElements.java:93)
at com.reports.testcases.TestBuilders.checkForCorporateOffice(TestBuilders.java:374)
at com.reports.testcases.TestPaymentforInsurance.checkForCorporateOffice(TestPaymentforInsurance.java:355)
at sun.reflect.NativeMethodAccessorImpl.invoke0(Native Method)
at sun.reflect.NativeMethodAccessorImpl.invoke(NativeMethodAccessorImpl.java:62)
at sun.reflect.DelegatingMethodAccessorImpl.invoke(DelegatingMethodAccessorImpl.java:43)
at java.lang.reflect.Method.invoke(Method.java:498)
at org.testng.internal.MethodInvocationHelper.invokeMethod(MethodInvocationHelper.java:124)
at org.testng.internal.Invoker.invokeMethod(Invoker.java:583)
at org.testng.internal.Invoker.invokeTestMethod(Invoker.java:719)
at org.testng.internal.Invoker.invokeTestMethods(Invoker.java:989)
at org.testng.internal.TestMethodWorker.invokeTestMethods(TestMethodWorker.java:125)
at org.testng.internal.TestMethodWorker.run(TestMethodWorker.java:109)
at org.testng.TestRunner.privateRun(TestRunner.java:648)
at org.testng.TestRunner.run(TestRunner.java:505)
at org.testng.SuiteRunner.runTest(SuiteRunner.java:455)
at org.testng.SuiteRunner.runSequentially(SuiteRunner.java:450)
at org.testng.SuiteRunner.privateRun(SuiteRunner.java:415)
at org.testng.SuiteRunner.run(SuiteRunner.java:364)
at org.testng.SuiteRunnerWorker.runSuite(SuiteRunnerWorker.java:52)
at org.testng.SuiteRunnerWorker.run(SuiteRunnerWorker.java:84)
at org.testng.TestNG.runSuitesSequentially(TestNG.java:1208)
at org.testng.TestNG.runSuitesLocally(TestNG.java:1137)
at org.testng.TestNG.runSuites(TestNG.java:1049)
at org.testng.TestNG.run(TestNG.java:1017)
at org.testng.remote.AbstractRemoteTestNG.run(AbstractRemoteTestNG.java:115)
at org.testng.remote.RemoteTestNG.initAndRun(RemoteTestNG.java:251)
at org.testng.remote.RemoteTestNG.main(RemoteTestNG.java:77)
]]>
            </full-stacktrace>
          </exception> <!-- org.openqa.selenium.WebDriverException -->
          <reporter-output>
          </reporter-output>
        </test-method> <!-- checkForCorporateOffice -->
        <test-method status="FAIL" signature="checkForCorporateOffice(java.lang.String, java.lang.String)[pri:39, instance:com.reports.testcases.TestPaymentforInsurance@2a2d45ba]" name="checkForCorporateOffice" duration-ms="732" started-at="2019-05-31T05:37:00Z" data-provider="dateRangeDropDownOptions" finished-at="2019-05-31T05:37:01Z">
          <params>
            <param index="0">
              <value>
                <![CDATA[Previous Month]]>
              </value>
            </param>
            <param index="1">
              <value>
                <![CDATA[text]]>
              </value>
            </param>
          </params>
          <exception class="org.openqa.selenium.WebDriverException">
            <message>
              <![CDATA[Failed to decode response from marionette
Build info: version: '3.141.59', revision: 'e82be7d358', time: '2018-11-14T08:25:53'
System info: host: 'vaibhav-Latitude-3550', ip: '127.0.1.1', os.name: 'Linux', os.arch: 'amd64', os.version: '3.13.0-36-generic', java.version: '1.8.0_201'
Driver info: org.openqa.selenium.firefox.FirefoxDriver
Capabilities {acceptInsecureCerts: true, browserName: firefox, browserVersion: 65.0.1, javascriptEnabled: true, moz:accessibilityChecks: false, moz:geckodriverVersion: 0.24.0, moz:headless: false, moz:processID: 5337, moz:profile: /tmp/rust_mozprofile.prJv0E..., moz:shutdownTimeout: 60000, moz:useNonSpecCompliantPointerOrigin: false, moz:webdriverClick: true, pageLoadStrategy: normal, platform: LINUX, platformName: LINUX, platformVersion: 3.13.0-36-generic, rotatable: false, setWindowRect: true, strictFileInteractability: false, timeouts: {implicit: 0, pageLoad: 300000, script: 30000}, unhandledPromptBehavior: dismiss and notify}
Session ID: 3f34e78c-2058-40a6-8433-f0fbae0412bd
*** Element info: {Using=id, value=_sel}]]>
            </message>
            <full-stacktrace>
              <![CDATA[org.openqa.selenium.WebDriverException: Failed to decode response from marionette
Build info: version: '3.141.59', revision: 'e82be7d358', time: '2018-11-14T08:25:53'
System info: host: 'vaibhav-Latitude-3550', ip: '127.0.1.1', os.name: 'Linux', os.arch: 'amd64', os.version: '3.13.0-36-generic', java.version: '1.8.0_201'
Driver info: org.openqa.selenium.firefox.FirefoxDriver
Capabilities {acceptInsecureCerts: true, browserName: firefox, browserVersion: 65.0.1, javascriptEnabled: true, moz:accessibilityChecks: false, moz:geckodriverVersion: 0.24.0, moz:headless: false, moz:processID: 5337, moz:profile: /tmp/rust_mozprofile.prJv0E..., moz:shutdownTimeout: 60000, moz:useNonSpecCompliantPointerOrigin: false, moz:webdriverClick: true, pageLoadStrategy: normal, platform: LINUX, platformName: LINUX, platformVersion: 3.13.0-36-generic, rotatable: false, setWindowRect: true, strictFileInteractability: false, timeouts: {implicit: 0, pageLoad: 300000, script: 30000}, unhandledPromptBehavior: dismiss and notify}
Session ID: 3f34e78c-2058-40a6-8433-f0fbae0412bd
*** Element info: {Using=id, value=_sel}
at sun.reflect.NativeConstructorAccessorImpl.newInstance0(Native Method)
at sun.reflect.NativeConstructorAccessorImpl.newInstance(NativeConstructorAccessorImpl.java:62)
at sun.reflect.DelegatingConstructorAccessorImpl.newInstance(DelegatingConstructorAccessorImpl.java:45)
at java.lang.reflect.Constructor.newInstance(Constructor.java:423)
at org.openqa.selenium.remote.http.W3CHttpResponseCodec.createException(W3CHttpResponseCodec.java:187)
at org.openqa.selenium.remote.http.W3CHttpResponseCodec.decode(W3CHttpResponseCodec.java:122)
at org.openqa.selenium.remote.http.W3CHttpResponseCodec.decode(W3CHttpResponseCodec.java:49)
at org.openqa.selenium.remote.HttpCommandExecutor.execute(HttpCommandExecutor.java:158)
at org.openqa.selenium.remote.service.DriverCommandExecutor.execute(DriverCommandExecutor.java:83)
at org.openqa.selenium.remote.RemoteWebDriver.execute(RemoteWebDriver.java:552)
at org.openqa.selenium.remote.RemoteWebDriver.findElement(RemoteWebDriver.java:323)
at org.openqa.selenium.remote.RemoteWebDriver.findElementById(RemoteWebDriver.java:372)
at org.openqa.selenium.By$ById.findElement(By.java:188)
at org.openqa.selenium.remote.RemoteWebDriver.findElement(RemoteWebDriver.java:315)
at org.openqa.selenium.support.pagefactory.DefaultElementLocator.findElement(DefaultElementLocator.java:69)
at org.openqa.selenium.support.pagefactory.internal.LocatingElementHandler.invoke(LocatingElementHandler.java:38)
at com.sun.proxy.$Proxy10.getTagName(Unknown Source)
at org.openqa.selenium.support.ui.Select.<init>(Select.java:45)
at com.reports.pages.BuiderElements.selectDateRangeOPtion(BuiderElements.java:93)
at com.reports.testcases.TestBuilders.checkForCorporateOffice(TestBuilders.java:374)
at com.reports.testcases.TestPaymentforInsurance.checkForCorporateOffice(TestPaymentforInsurance.java:355)
at sun.reflect.NativeMethodAccessorImpl.invoke0(Native Method)
at sun.reflect.NativeMethodAccessorImpl.invoke(NativeMethodAccessorImpl.java:62)
at sun.reflect.DelegatingMethodAccessorImpl.invoke(DelegatingMethodAccessorImpl.java:43)
at java.lang.reflect.Method.invoke(Method.java:498)
at org.testng.internal.MethodInvocationHelper.invokeMethod(MethodInvocationHelper.java:124)
at org.testng.internal.Invoker.invokeMethod(Invoker.java:583)
at org.testng.internal.Invoker.invokeTestMethod(Invoker.java:719)
at org.testng.internal.Invoker.invokeTestMethods(Invoker.java:989)
at org.testng.internal.TestMethodWorker.invokeTestMethods(TestMethodWorker.java:125)
at org.testng.internal.TestMethodWorker.run(TestMethodWorker.java:109)
at org.testng.TestRunner.privateRun(TestRunner.java:648)
at org.testng.TestRunner.run(TestRunner.java:505)
at org.testng.SuiteRunner.runTest(SuiteRunner.java:455)
at org.testng.SuiteRunner.runSequentially(SuiteRunner.java:450)
at org.testng.SuiteRunner.privateRun(SuiteRunner.java:415)
at org.testng.SuiteRunner.run(SuiteRunner.java:364)
at org.testng.SuiteRunnerWorker.runSuite(SuiteRunnerWorker.java:52)
at org.testng.SuiteRunnerWorker.run(SuiteRunnerWorker.java:84)
at org.testng.TestNG.runSuitesSequentially(TestNG.java:1208)
at org.testng.TestNG.runSuitesLocally(TestNG.java:1137)
at org.testng.TestNG.runSuites(TestNG.java:1049)
at org.testng.TestNG.run(TestNG.java:1017)
at org.testng.remote.AbstractRemoteTestNG.run(AbstractRemoteTestNG.java:115)
at org.testng.remote.RemoteTestNG.initAndRun(RemoteTestNG.java:251)
at org.testng.remote.RemoteTestNG.main(RemoteTestNG.java:77)
]]>
            </full-stacktrace>
          </exception> <!-- org.openqa.selenium.WebDriverException -->
          <reporter-output>
          </reporter-output>
        </test-method> <!-- checkForCorporateOffice -->
        <test-method status="FAIL" signature="checkForCorporateOffice(java.lang.String, java.lang.String)[pri:39, instance:com.reports.testcases.TestPaymentforInsurance@2a2d45ba]" name="checkForCorporateOffice" duration-ms="5" started-at="2019-05-31T05:37:01Z" data-provider="dateRangeDropDownOptions" finished-at="2019-05-31T05:37:01Z">
          <params>
            <param index="0">
              <value>
                <![CDATA[This Month]]>
              </value>
            </param>
            <param index="1">
              <value>
                <![CDATA[csv]]>
              </value>
            </param>
          </params>
          <exception class="org.openqa.selenium.NoSuchSessionException">
            <message>
              <![CDATA[Tried to run command without establishing a connection
Build info: version: '3.141.59', revision: 'e82be7d358', time: '2018-11-14T08:25:53'
System info: host: 'vaibhav-Latitude-3550', ip: '127.0.1.1', os.name: 'Linux', os.arch: 'amd64', os.version: '3.13.0-36-generic', java.version: '1.8.0_201'
Driver info: org.openqa.selenium.firefox.FirefoxDriver
Capabilities {acceptInsecureCerts: true, browserName: firefox, browserVersion: 65.0.1, javascriptEnabled: true, moz:accessibilityChecks: false, moz:geckodriverVersion: 0.24.0, moz:headless: false, moz:processID: 5337, moz:profile: /tmp/rust_mozprofile.prJv0E..., moz:shutdownTimeout: 60000, moz:useNonSpecCompliantPointerOrigin: false, moz:webdriverClick: true, pageLoadStrategy: normal, platform: LINUX, platformName: LINUX, platformVersion: 3.13.0-36-generic, rotatable: false, setWindowRect: true, strictFileInteractability: false, timeouts: {implicit: 0, pageLoad: 300000, script: 30000}, unhandledPromptBehavior: dismiss and notify}
Session ID: 3f34e78c-2058-40a6-8433-f0fbae0412bd
*** Element info: {Using=id, value=_sel}]]>
            </message>
            <full-stacktrace>
              <![CDATA[org.openqa.selenium.NoSuchSessionException: Tried to run command without establishing a connection
Build info: version: '3.141.59', revision: 'e82be7d358', time: '2018-11-14T08:25:53'
System info: host: 'vaibhav-Latitude-3550', ip: '127.0.1.1', os.name: 'Linux', os.arch: 'amd64', os.version: '3.13.0-36-generic', java.version: '1.8.0_201'
Driver info: org.openqa.selenium.firefox.FirefoxDriver
Capabilities {acceptInsecureCerts: true, browserName: firefox, browserVersion: 65.0.1, javascriptEnabled: true, moz:accessibilityChecks: false, moz:geckodriverVersion: 0.24.0, moz:headless: false, moz:processID: 5337, moz:profile: /tmp/rust_mozprofile.prJv0E..., moz:shutdownTimeout: 60000, moz:useNonSpecCompliantPointerOrigin: false, moz:webdriverClick: true, pageLoadStrategy: normal, platform: LINUX, platformName: LINUX, platformVersion: 3.13.0-36-generic, rotatable: false, setWindowRect: true, strictFileInteractability: false, timeouts: {implicit: 0, pageLoad: 300000, script: 30000}, unhandledPromptBehavior: dismiss and notify}
Session ID: 3f34e78c-2058-40a6-8433-f0fbae0412bd
*** Element info: {Using=id, value=_sel}
at sun.reflect.NativeConstructorAccessorImpl.newInstance0(Native Method)
at sun.reflect.NativeConstructorAccessorImpl.newInstance(NativeConstructorAccessorImpl.java:62)
at sun.reflect.DelegatingConstructorAccessorImpl.newInstance(DelegatingConstructorAccessorImpl.java:45)
at java.lang.reflect.Constructor.newInstance(Constructor.java:423)
at org.openqa.selenium.remote.http.W3CHttpResponseCodec.createException(W3CHttpResponseCodec.java:187)
at org.openqa.selenium.remote.http.W3CHttpResponseCodec.decode(W3CHttpResponseCodec.java:122)
at org.openqa.selenium.remote.http.W3CHttpResponseCodec.decode(W3CHttpResponseCodec.java:49)
at org.openqa.selenium.remote.HttpCommandExecutor.execute(HttpCommandExecutor.java:158)
at org.openqa.selenium.remote.service.DriverCommandExecutor.execute(DriverCommandExecutor.java:83)
at org.openqa.selenium.remote.RemoteWebDriver.execute(RemoteWebDriver.java:552)
at org.openqa.selenium.remote.RemoteWebDriver.findElement(RemoteWebDriver.java:323)
at org.openqa.selenium.remote.RemoteWebDriver.findElementById(RemoteWebDriver.java:372)
at org.openqa.selenium.By$ById.findElement(By.java:188)
at org.openqa.selenium.remote.RemoteWebDriver.findElement(RemoteWebDriver.java:315)
at org.openqa.selenium.support.pagefactory.DefaultElementLocator.findElement(DefaultElementLocator.java:69)
at org.openqa.selenium.support.pagefactory.internal.LocatingElementHandler.invoke(LocatingElementHandler.java:38)
at com.sun.proxy.$Proxy10.getTagName(Unknown Source)
at org.openqa.selenium.support.ui.Select.<init>(Select.java:45)
at com.reports.pages.BuiderElements.selectDateRangeOPtion(BuiderElements.java:93)
at com.reports.testcases.TestBuilders.checkForCorporateOffice(TestBuilders.java:374)
at com.reports.testcases.TestPaymentforInsurance.checkForCorporateOffice(TestPaymentforInsurance.java:355)
at sun.reflect.NativeMethodAccessorImpl.invoke0(Native Method)
at sun.reflect.NativeMethodAccessorImpl.invoke(NativeMethodAccessorImpl.java:62)
at sun.reflect.DelegatingMethodAccessorImpl.invoke(DelegatingMethodAccessorImpl.java:43)
at java.lang.reflect.Method.invoke(Method.java:498)
at org.testng.internal.MethodInvocationHelper.invokeMethod(MethodInvocationHelper.java:124)
at org.testng.internal.Invoker.invokeMethod(Invoker.java:583)
at org.testng.internal.Invoker.invokeTestMethod(Invoker.java:719)
at org.testng.internal.Invoker.invokeTestMethods(Invoker.java:989)
at org.testng.internal.TestMethodWorker.invokeTestMethods(TestMethodWorker.java:125)
at org.testng.internal.TestMethodWorker.run(TestMethodWorker.java:109)
at org.testng.TestRunner.privateRun(TestRunner.java:648)
at org.testng.TestRunner.run(TestRunner.java:505)
at org.testng.SuiteRunner.runTest(SuiteRunner.java:455)
at org.testng.SuiteRunner.runSequentially(SuiteRunner.java:450)
at org.testng.SuiteRunner.privateRun(SuiteRunner.java:415)
at org.testng.SuiteRunner.run(SuiteRunner.java:364)
at org.testng.SuiteRunnerWorker.runSuite(SuiteRunnerWorker.java:52)
at org.testng.SuiteRunnerWorker.run(SuiteRunnerWorker.java:84)
at org.testng.TestNG.runSuitesSequentially(TestNG.java:1208)
at org.testng.TestNG.runSuitesLocally(TestNG.java:1137)
at org.testng.TestNG.runSuites(TestNG.java:1049)
at org.testng.TestNG.run(TestNG.java:1017)
at org.testng.remote.AbstractRemoteTestNG.run(AbstractRemoteTestNG.java:115)
at org.testng.remote.RemoteTestNG.initAndRun(RemoteTestNG.java:251)
at org.testng.remote.RemoteTestNG.main(RemoteTestNG.java:77)
]]>
            </full-stacktrace>
          </exception> <!-- org.openqa.selenium.NoSuchSessionException -->
          <reporter-output>
          </reporter-output>
        </test-method> <!-- checkForCorporateOffice -->
        <test-method status="FAIL" signature="checkForCorporateOffice_fav1()[pri:40, instance:com.reports.testcases.TestPaymentforInsurance@2a2d45ba]" name="checkForCorporateOffice_fav1" duration-ms="9" started-at="2019-05-31T05:37:01Z" finished-at="2019-05-31T05:37:01Z">
          <exception class="org.openqa.selenium.NoSuchSessionException">
            <message>
              <![CDATA[Tried to run command without establishing a connection
Build info: version: '3.141.59', revision: 'e82be7d358', time: '2018-11-14T08:25:53'
System info: host: 'vaibhav-Latitude-3550', ip: '127.0.1.1', os.name: 'Linux', os.arch: 'amd64', os.version: '3.13.0-36-generic', java.version: '1.8.0_201'
Driver info: org.openqa.selenium.firefox.FirefoxDriver
Capabilities {acceptInsecureCerts: true, browserName: firefox, browserVersion: 65.0.1, javascriptEnabled: true, moz:accessibilityChecks: false, moz:geckodriverVersion: 0.24.0, moz:headless: false, moz:processID: 5337, moz:profile: /tmp/rust_mozprofile.prJv0E..., moz:shutdownTimeout: 60000, moz:useNonSpecCompliantPointerOrigin: false, moz:webdriverClick: true, pageLoadStrategy: normal, platform: LINUX, platformName: LINUX, platformVersion: 3.13.0-36-generic, rotatable: false, setWindowRect: true, strictFileInteractability: false, timeouts: {implicit: 0, pageLoad: 300000, script: 30000}, unhandledPromptBehavior: dismiss and notify}
Session ID: 3f34e78c-2058-40a6-8433-f0fbae0412bd
*** Element info: {Using=xpath, value=//img[@src="/instanmc/icons/logout.png"]}]]>
            </message>
            <full-stacktrace>
              <![CDATA[org.openqa.selenium.NoSuchSessionException: Tried to run command without establishing a connection
Build info: version: '3.141.59', revision: 'e82be7d358', time: '2018-11-14T08:25:53'
System info: host: 'vaibhav-Latitude-3550', ip: '127.0.1.1', os.name: 'Linux', os.arch: 'amd64', os.version: '3.13.0-36-generic', java.version: '1.8.0_201'
Driver info: org.openqa.selenium.firefox.FirefoxDriver
Capabilities {acceptInsecureCerts: true, browserName: firefox, browserVersion: 65.0.1, javascriptEnabled: true, moz:accessibilityChecks: false, moz:geckodriverVersion: 0.24.0, moz:headless: false, moz:processID: 5337, moz:profile: /tmp/rust_mozprofile.prJv0E..., moz:shutdownTimeout: 60000, moz:useNonSpecCompliantPointerOrigin: false, moz:webdriverClick: true, pageLoadStrategy: normal, platform: LINUX, platformName: LINUX, platformVersion: 3.13.0-36-generic, rotatable: false, setWindowRect: true, strictFileInteractability: false, timeouts: {implicit: 0, pageLoad: 300000, script: 30000}, unhandledPromptBehavior: dismiss and notify}
Session ID: 3f34e78c-2058-40a6-8433-f0fbae0412bd
*** Element info: {Using=xpath, value=//img[@src="/instanmc/icons/logout.png"]}
at sun.reflect.NativeConstructorAccessorImpl.newInstance0(Native Method)
at sun.reflect.NativeConstructorAccessorImpl.newInstance(NativeConstructorAccessorImpl.java:62)
at sun.reflect.DelegatingConstructorAccessorImpl.newInstance(DelegatingConstructorAccessorImpl.java:45)
at java.lang.reflect.Constructor.newInstance(Constructor.java:423)
at org.openqa.selenium.remote.http.W3CHttpResponseCodec.createException(W3CHttpResponseCodec.java:187)
at org.openqa.selenium.remote.http.W3CHttpResponseCodec.decode(W3CHttpResponseCodec.java:122)
at org.openqa.selenium.remote.http.W3CHttpResponseCodec.decode(W3CHttpResponseCodec.java:49)
at org.openqa.selenium.remote.HttpCommandExecutor.execute(HttpCommandExecutor.java:158)
at org.openqa.selenium.remote.service.DriverCommandExecutor.execute(DriverCommandExecutor.java:83)
at org.openqa.selenium.remote.RemoteWebDriver.execute(RemoteWebDriver.java:552)
at org.openqa.selenium.remote.RemoteWebDriver.findElement(RemoteWebDriver.java:323)
at org.openqa.selenium.remote.RemoteWebDriver.findElementByXPath(RemoteWebDriver.java:428)
at org.openqa.selenium.By$ByXPath.findElement(By.java:353)
at org.openqa.selenium.remote.RemoteWebDriver.findElement(RemoteWebDriver.java:315)
at org.openqa.selenium.support.pagefactory.DefaultElementLocator.findElement(DefaultElementLocator.java:69)
at org.openqa.selenium.support.pagefactory.internal.LocatingElementHandler.invoke(LocatingElementHandler.java:38)
at com.sun.proxy.$Proxy10.click(Unknown Source)
at com.reports.pages.BuiderElements.clickOnLogOut(BuiderElements.java:248)
at com.reports.testcases.TestBuilders.loginAsAdmin(TestBuilders.java:67)
at com.reports.testcases.TestPaymentforInsurance.checkForCorporateOffice_fav1(TestPaymentforInsurance.java:362)
at sun.reflect.NativeMethodAccessorImpl.invoke0(Native Method)
at sun.reflect.NativeMethodAccessorImpl.invoke(NativeMethodAccessorImpl.java:62)
at sun.reflect.DelegatingMethodAccessorImpl.invoke(DelegatingMethodAccessorImpl.java:43)
at java.lang.reflect.Method.invoke(Method.java:498)
at org.testng.internal.MethodInvocationHelper.invokeMethod(MethodInvocationHelper.java:124)
at org.testng.internal.Invoker.invokeMethod(Invoker.java:583)
at org.testng.internal.Invoker.invokeTestMethod(Invoker.java:719)
at org.testng.internal.Invoker.invokeTestMethods(Invoker.java:989)
at org.testng.internal.TestMethodWorker.invokeTestMethods(TestMethodWorker.java:125)
at org.testng.internal.TestMethodWorker.run(TestMethodWorker.java:109)
at org.testng.TestRunner.privateRun(TestRunner.java:648)
at org.testng.TestRunner.run(TestRunner.java:505)
at org.testng.SuiteRunner.runTest(SuiteRunner.java:455)
at org.testng.SuiteRunner.runSequentially(SuiteRunner.java:450)
at org.testng.SuiteRunner.privateRun(SuiteRunner.java:415)
at org.testng.SuiteRunner.run(SuiteRunner.java:364)
at org.testng.SuiteRunnerWorker.runSuite(SuiteRunnerWorker.java:52)
at org.testng.SuiteRunnerWorker.run(SuiteRunnerWorker.java:84)
at org.testng.TestNG.runSuitesSequentially(TestNG.java:1208)
at org.testng.TestNG.runSuitesLocally(TestNG.java:1137)
at org.testng.TestNG.runSuites(TestNG.java:1049)
at org.testng.TestNG.run(TestNG.java:1017)
at org.testng.remote.AbstractRemoteTestNG.run(AbstractRemoteTestNG.java:115)
at org.testng.remote.RemoteTestNG.initAndRun(RemoteTestNG.java:251)
at org.testng.remote.RemoteTestNG.main(RemoteTestNG.java:77)
]]>
            </full-stacktrace>
          </exception> <!-- org.openqa.selenium.NoSuchSessionException -->
          <reporter-output>
          </reporter-output>
        </test-method> <!-- checkForCorporateOffice_fav1 -->
        <test-method status="FAIL" signature="chekForCorporateOffice_fav2()[pri:41, instance:com.reports.testcases.TestPaymentforInsurance@2a2d45ba]" name="chekForCorporateOffice_fav2" duration-ms="4" started-at="2019-05-31T05:37:01Z" finished-at="2019-05-31T05:37:01Z">
          <exception class="org.openqa.selenium.NoSuchSessionException">
            <message>
              <![CDATA[Tried to run command without establishing a connection
Build info: version: '3.141.59', revision: 'e82be7d358', time: '2018-11-14T08:25:53'
System info: host: 'vaibhav-Latitude-3550', ip: '127.0.1.1', os.name: 'Linux', os.arch: 'amd64', os.version: '3.13.0-36-generic', java.version: '1.8.0_201'
Driver info: org.openqa.selenium.firefox.FirefoxDriver
Capabilities {acceptInsecureCerts: true, browserName: firefox, browserVersion: 65.0.1, javascriptEnabled: true, moz:accessibilityChecks: false, moz:geckodriverVersion: 0.24.0, moz:headless: false, moz:processID: 5337, moz:profile: /tmp/rust_mozprofile.prJv0E..., moz:shutdownTimeout: 60000, moz:useNonSpecCompliantPointerOrigin: false, moz:webdriverClick: true, pageLoadStrategy: normal, platform: LINUX, platformName: LINUX, platformVersion: 3.13.0-36-generic, rotatable: false, setWindowRect: true, strictFileInteractability: false, timeouts: {implicit: 0, pageLoad: 300000, script: 30000}, unhandledPromptBehavior: dismiss and notify}
Session ID: 3f34e78c-2058-40a6-8433-f0fbae0412bd]]>
            </message>
            <full-stacktrace>
              <![CDATA[org.openqa.selenium.NoSuchSessionException: Tried to run command without establishing a connection
Build info: version: '3.141.59', revision: 'e82be7d358', time: '2018-11-14T08:25:53'
System info: host: 'vaibhav-Latitude-3550', ip: '127.0.1.1', os.name: 'Linux', os.arch: 'amd64', os.version: '3.13.0-36-generic', java.version: '1.8.0_201'
Driver info: org.openqa.selenium.firefox.FirefoxDriver
Capabilities {acceptInsecureCerts: true, browserName: firefox, browserVersion: 65.0.1, javascriptEnabled: true, moz:accessibilityChecks: false, moz:geckodriverVersion: 0.24.0, moz:headless: false, moz:processID: 5337, moz:profile: /tmp/rust_mozprofile.prJv0E..., moz:shutdownTimeout: 60000, moz:useNonSpecCompliantPointerOrigin: false, moz:webdriverClick: true, pageLoadStrategy: normal, platform: LINUX, platformName: LINUX, platformVersion: 3.13.0-36-generic, rotatable: false, setWindowRect: true, strictFileInteractability: false, timeouts: {implicit: 0, pageLoad: 300000, script: 30000}, unhandledPromptBehavior: dismiss and notify}
Session ID: 3f34e78c-2058-40a6-8433-f0fbae0412bd
at sun.reflect.NativeConstructorAccessorImpl.newInstance0(Native Method)
at sun.reflect.NativeConstructorAccessorImpl.newInstance(NativeConstructorAccessorImpl.java:62)
at sun.reflect.DelegatingConstructorAccessorImpl.newInstance(DelegatingConstructorAccessorImpl.java:45)
at java.lang.reflect.Constructor.newInstance(Constructor.java:423)
at org.openqa.selenium.remote.http.W3CHttpResponseCodec.createException(W3CHttpResponseCodec.java:187)
at org.openqa.selenium.remote.http.W3CHttpResponseCodec.decode(W3CHttpResponseCodec.java:122)
at org.openqa.selenium.remote.http.W3CHttpResponseCodec.decode(W3CHttpResponseCodec.java:49)
at org.openqa.selenium.remote.HttpCommandExecutor.execute(HttpCommandExecutor.java:158)
at org.openqa.selenium.remote.service.DriverCommandExecutor.execute(DriverCommandExecutor.java:83)
at org.openqa.selenium.remote.RemoteWebDriver.execute(RemoteWebDriver.java:552)
at org.openqa.selenium.remote.RemoteWebDriver.execute(RemoteWebDriver.java:609)
at org.openqa.selenium.remote.RemoteWebDriver.getTitle(RemoteWebDriver.java:281)
at com.reports.testcases.TestBuilders.checkFavForCorporate(TestBuilders.java:780)
at com.reports.testcases.TestPaymentforInsurance.chekForCorporateOffice_fav2(TestPaymentforInsurance.java:372)
at sun.reflect.NativeMethodAccessorImpl.invoke0(Native Method)
at sun.reflect.NativeMethodAccessorImpl.invoke(NativeMethodAccessorImpl.java:62)
at sun.reflect.DelegatingMethodAccessorImpl.invoke(DelegatingMethodAccessorImpl.java:43)
at java.lang.reflect.Method.invoke(Method.java:498)
at org.testng.internal.MethodInvocationHelper.invokeMethod(MethodInvocationHelper.java:124)
at org.testng.internal.Invoker.invokeMethod(Invoker.java:583)
at org.testng.internal.Invoker.invokeTestMethod(Invoker.java:719)
at org.testng.internal.Invoker.invokeTestMethods(Invoker.java:989)
at org.testng.internal.TestMethodWorker.invokeTestMethods(TestMethodWorker.java:125)
at org.testng.internal.TestMethodWorker.run(TestMethodWorker.java:109)
at org.testng.TestRunner.privateRun(TestRunner.java:648)
at org.testng.TestRunner.run(TestRunner.java:505)
at org.testng.SuiteRunner.runTest(SuiteRunner.java:455)
at org.testng.SuiteRunner.runSequentially(SuiteRunner.java:450)
at org.testng.SuiteRunner.privateRun(SuiteRunner.java:415)
at org.testng.SuiteRunner.run(SuiteRunner.java:364)
at org.testng.SuiteRunnerWorker.runSuite(SuiteRunnerWorker.java:52)
at org.testng.SuiteRunnerWorker.run(SuiteRunnerWorker.java:84)
at org.testng.TestNG.runSuitesSequentially(TestNG.java:1208)
at org.testng.TestNG.runSuitesLocally(TestNG.java:1137)
at org.testng.TestNG.runSuites(TestNG.java:1049)
at org.testng.TestNG.run(TestNG.java:1017)
at org.testng.remote.AbstractRemoteTestNG.run(AbstractRemoteTestNG.java:115)
at org.testng.remote.RemoteTestNG.initAndRun(RemoteTestNG.java:251)
at org.testng.remote.RemoteTestNG.main(RemoteTestNG.java:77)
]]>
            </full-stacktrace>
          </exception> <!-- org.openqa.selenium.NoSuchSessionException -->
          <reporter-output>
          </reporter-output>
        </test-method> <!-- chekForCorporateOffice_fav2 -->
        <test-method status="FAIL" signature="chekForCorporateOffice_fav3()[pri:42, instance:com.reports.testcases.TestPaymentforInsurance@2a2d45ba]" name="chekForCorporateOffice_fav3" duration-ms="4" started-at="2019-05-31T05:37:01Z" finished-at="2019-05-31T05:37:01Z">
          <exception class="org.openqa.selenium.NoSuchSessionException">
            <message>
              <![CDATA[Tried to run command without establishing a connection
Build info: version: '3.141.59', revision: 'e82be7d358', time: '2018-11-14T08:25:53'
System info: host: 'vaibhav-Latitude-3550', ip: '127.0.1.1', os.name: 'Linux', os.arch: 'amd64', os.version: '3.13.0-36-generic', java.version: '1.8.0_201'
Driver info: org.openqa.selenium.firefox.FirefoxDriver
Capabilities {acceptInsecureCerts: true, browserName: firefox, browserVersion: 65.0.1, javascriptEnabled: true, moz:accessibilityChecks: false, moz:geckodriverVersion: 0.24.0, moz:headless: false, moz:processID: 5337, moz:profile: /tmp/rust_mozprofile.prJv0E..., moz:shutdownTimeout: 60000, moz:useNonSpecCompliantPointerOrigin: false, moz:webdriverClick: true, pageLoadStrategy: normal, platform: LINUX, platformName: LINUX, platformVersion: 3.13.0-36-generic, rotatable: false, setWindowRect: true, strictFileInteractability: false, timeouts: {implicit: 0, pageLoad: 300000, script: 30000}, unhandledPromptBehavior: dismiss and notify}
Session ID: 3f34e78c-2058-40a6-8433-f0fbae0412bd]]>
            </message>
            <full-stacktrace>
              <![CDATA[org.openqa.selenium.NoSuchSessionException: Tried to run command without establishing a connection
Build info: version: '3.141.59', revision: 'e82be7d358', time: '2018-11-14T08:25:53'
System info: host: 'vaibhav-Latitude-3550', ip: '127.0.1.1', os.name: 'Linux', os.arch: 'amd64', os.version: '3.13.0-36-generic', java.version: '1.8.0_201'
Driver info: org.openqa.selenium.firefox.FirefoxDriver
Capabilities {acceptInsecureCerts: true, browserName: firefox, browserVersion: 65.0.1, javascriptEnabled: true, moz:accessibilityChecks: false, moz:geckodriverVersion: 0.24.0, moz:headless: false, moz:processID: 5337, moz:profile: /tmp/rust_mozprofile.prJv0E..., moz:shutdownTimeout: 60000, moz:useNonSpecCompliantPointerOrigin: false, moz:webdriverClick: true, pageLoadStrategy: normal, platform: LINUX, platformName: LINUX, platformVersion: 3.13.0-36-generic, rotatable: false, setWindowRect: true, strictFileInteractability: false, timeouts: {implicit: 0, pageLoad: 300000, script: 30000}, unhandledPromptBehavior: dismiss and notify}
Session ID: 3f34e78c-2058-40a6-8433-f0fbae0412bd
at sun.reflect.NativeConstructorAccessorImpl.newInstance0(Native Method)
at sun.reflect.NativeConstructorAccessorImpl.newInstance(NativeConstructorAccessorImpl.java:62)
at sun.reflect.DelegatingConstructorAccessorImpl.newInstance(DelegatingConstructorAccessorImpl.java:45)
at java.lang.reflect.Constructor.newInstance(Constructor.java:423)
at org.openqa.selenium.remote.http.W3CHttpResponseCodec.createException(W3CHttpResponseCodec.java:187)
at org.openqa.selenium.remote.http.W3CHttpResponseCodec.decode(W3CHttpResponseCodec.java:122)
at org.openqa.selenium.remote.http.W3CHttpResponseCodec.decode(W3CHttpResponseCodec.java:49)
at org.openqa.selenium.remote.HttpCommandExecutor.execute(HttpCommandExecutor.java:158)
at org.openqa.selenium.remote.service.DriverCommandExecutor.execute(DriverCommandExecutor.java:83)
at org.openqa.selenium.remote.RemoteWebDriver.execute(RemoteWebDriver.java:552)
at org.openqa.selenium.remote.RemoteWebDriver.execute(RemoteWebDriver.java:609)
at org.openqa.selenium.remote.RemoteWebDriver.getTitle(RemoteWebDriver.java:281)
at com.reports.testcases.TestBuilders.checkFavForCorporate(TestBuilders.java:780)
at com.reports.testcases.TestPaymentforInsurance.chekForCorporateOffice_fav3(TestPaymentforInsurance.java:379)
at sun.reflect.NativeMethodAccessorImpl.invoke0(Native Method)
at sun.reflect.NativeMethodAccessorImpl.invoke(NativeMethodAccessorImpl.java:62)
at sun.reflect.DelegatingMethodAccessorImpl.invoke(DelegatingMethodAccessorImpl.java:43)
at java.lang.reflect.Method.invoke(Method.java:498)
at org.testng.internal.MethodInvocationHelper.invokeMethod(MethodInvocationHelper.java:124)
at org.testng.internal.Invoker.invokeMethod(Invoker.java:583)
at org.testng.internal.Invoker.invokeTestMethod(Invoker.java:719)
at org.testng.internal.Invoker.invokeTestMethods(Invoker.java:989)
at org.testng.internal.TestMethodWorker.invokeTestMethods(TestMethodWorker.java:125)
at org.testng.internal.TestMethodWorker.run(TestMethodWorker.java:109)
at org.testng.TestRunner.privateRun(TestRunner.java:648)
at org.testng.TestRunner.run(TestRunner.java:505)
at org.testng.SuiteRunner.runTest(SuiteRunner.java:455)
at org.testng.SuiteRunner.runSequentially(SuiteRunner.java:450)
at org.testng.SuiteRunner.privateRun(SuiteRunner.java:415)
at org.testng.SuiteRunner.run(SuiteRunner.java:364)
at org.testng.SuiteRunnerWorker.runSuite(SuiteRunnerWorker.java:52)
at org.testng.SuiteRunnerWorker.run(SuiteRunnerWorker.java:84)
at org.testng.TestNG.runSuitesSequentially(TestNG.java:1208)
at org.testng.TestNG.runSuitesLocally(TestNG.java:1137)
at org.testng.TestNG.runSuites(TestNG.java:1049)
at org.testng.TestNG.run(TestNG.java:1017)
at org.testng.remote.AbstractRemoteTestNG.run(AbstractRemoteTestNG.java:115)
at org.testng.remote.RemoteTestNG.initAndRun(RemoteTestNG.java:251)
at org.testng.remote.RemoteTestNG.main(RemoteTestNG.java:77)
]]>
            </full-stacktrace>
          </exception> <!-- org.openqa.selenium.NoSuchSessionException -->
          <reporter-output>
          </reporter-output>
        </test-method> <!-- chekForCorporateOffice_fav3 -->
        <test-method status="FAIL" signature="closeBrowswe()[pri:100, instance:com.reports.testcases.TestPaymentforInsurance@2a2d45ba]" name="closeBrowswe" duration-ms="10" started-at="2019-05-31T05:37:01Z" finished-at="2019-05-31T05:37:01Z">
          <exception class="org.openqa.selenium.NoSuchSessionException">
            <message>
              <![CDATA[Tried to run command without establishing a connection
Build info: version: '3.141.59', revision: 'e82be7d358', time: '2018-11-14T08:25:53'
System info: host: 'vaibhav-Latitude-3550', ip: '127.0.1.1', os.name: 'Linux', os.arch: 'amd64', os.version: '3.13.0-36-generic', java.version: '1.8.0_201'
Driver info: org.openqa.selenium.firefox.FirefoxDriver
Capabilities {acceptInsecureCerts: true, browserName: firefox, browserVersion: 65.0.1, javascriptEnabled: true, moz:accessibilityChecks: false, moz:geckodriverVersion: 0.24.0, moz:headless: false, moz:processID: 5337, moz:profile: /tmp/rust_mozprofile.prJv0E..., moz:shutdownTimeout: 60000, moz:useNonSpecCompliantPointerOrigin: false, moz:webdriverClick: true, pageLoadStrategy: normal, platform: LINUX, platformName: LINUX, platformVersion: 3.13.0-36-generic, rotatable: false, setWindowRect: true, strictFileInteractability: false, timeouts: {implicit: 0, pageLoad: 300000, script: 30000}, unhandledPromptBehavior: dismiss and notify}
Session ID: 3f34e78c-2058-40a6-8433-f0fbae0412bd]]>
            </message>
            <full-stacktrace>
              <![CDATA[org.openqa.selenium.NoSuchSessionException: Tried to run command without establishing a connection
Build info: version: '3.141.59', revision: 'e82be7d358', time: '2018-11-14T08:25:53'
System info: host: 'vaibhav-Latitude-3550', ip: '127.0.1.1', os.name: 'Linux', os.arch: 'amd64', os.version: '3.13.0-36-generic', java.version: '1.8.0_201'
Driver info: org.openqa.selenium.firefox.FirefoxDriver
Capabilities {acceptInsecureCerts: true, browserName: firefox, browserVersion: 65.0.1, javascriptEnabled: true, moz:accessibilityChecks: false, moz:geckodriverVersion: 0.24.0, moz:headless: false, moz:processID: 5337, moz:profile: /tmp/rust_mozprofile.prJv0E..., moz:shutdownTimeout: 60000, moz:useNonSpecCompliantPointerOrigin: false, moz:webdriverClick: true, pageLoadStrategy: normal, platform: LINUX, platformName: LINUX, platformVersion: 3.13.0-36-generic, rotatable: false, setWindowRect: true, strictFileInteractability: false, timeouts: {implicit: 0, pageLoad: 300000, script: 30000}, unhandledPromptBehavior: dismiss and notify}
Session ID: 3f34e78c-2058-40a6-8433-f0fbae0412bd
at sun.reflect.NativeConstructorAccessorImpl.newInstance0(Native Method)
at sun.reflect.NativeConstructorAccessorImpl.newInstance(NativeConstructorAccessorImpl.java:62)
at sun.reflect.DelegatingConstructorAccessorImpl.newInstance(DelegatingConstructorAccessorImpl.java:45)
at java.lang.reflect.Constructor.newInstance(Constructor.java:423)
at org.openqa.selenium.remote.http.W3CHttpResponseCodec.createException(W3CHttpResponseCodec.java:187)
at org.openqa.selenium.remote.http.W3CHttpResponseCodec.decode(W3CHttpResponseCodec.java:122)
at org.openqa.selenium.remote.http.W3CHttpResponseCodec.decode(W3CHttpResponseCodec.java:49)
at org.openqa.selenium.remote.HttpCommandExecutor.execute(HttpCommandExecutor.java:158)
at org.openqa.selenium.remote.service.DriverCommandExecutor.execute(DriverCommandExecutor.java:83)
at org.openqa.selenium.remote.RemoteWebDriver.execute(RemoteWebDriver.java:552)
at org.openqa.selenium.remote.RemoteWebDriver.execute(RemoteWebDriver.java:609)
at org.openqa.selenium.remote.RemoteWebDriver.close(RemoteWebDriver.java:442)
at com.reports.testcases.TestPaymentforInsurance.closeBrowswe(TestPaymentforInsurance.java:386)
at sun.reflect.NativeMethodAccessorImpl.invoke0(Native Method)
at sun.reflect.NativeMethodAccessorImpl.invoke(NativeMethodAccessorImpl.java:62)
at sun.reflect.DelegatingMethodAccessorImpl.invoke(DelegatingMethodAccessorImpl.java:43)
at java.lang.reflect.Method.invoke(Method.java:498)
at org.testng.internal.MethodInvocationHelper.invokeMethod(MethodInvocationHelper.java:124)
at org.testng.internal.Invoker.invokeMethod(Invoker.java:583)
at org.testng.internal.Invoker.invokeTestMethod(Invoker.java:719)
at org.testng.internal.Invoker.invokeTestMethods(Invoker.java:989)
at org.testng.internal.TestMethodWorker.invokeTestMethods(TestMethodWorker.java:125)
at org.testng.internal.TestMethodWorker.run(TestMethodWorker.java:109)
at org.testng.TestRunner.privateRun(TestRunner.java:648)
at org.testng.TestRunner.run(TestRunner.java:505)
at org.testng.SuiteRunner.runTest(SuiteRunner.java:455)
at org.testng.SuiteRunner.runSequentially(SuiteRunner.java:450)
at org.testng.SuiteRunner.privateRun(SuiteRunner.java:415)
at org.testng.SuiteRunner.run(SuiteRunner.java:364)
at org.testng.SuiteRunnerWorker.runSuite(SuiteRunnerWorker.java:52)
at org.testng.SuiteRunnerWorker.run(SuiteRunnerWorker.java:84)
at org.testng.TestNG.runSuitesSequentially(TestNG.java:1208)
at org.testng.TestNG.runSuitesLocally(TestNG.java:1137)
at org.testng.TestNG.runSuites(TestNG.java:1049)
at org.testng.TestNG.run(TestNG.java:1017)
at org.testng.remote.AbstractRemoteTestNG.run(AbstractRemoteTestNG.java:115)
at org.testng.remote.RemoteTestNG.initAndRun(RemoteTestNG.java:251)
at org.testng.remote.RemoteTestNG.main(RemoteTestNG.java:77)
]]>
            </full-stacktrace>
          </exception> <!-- org.openqa.selenium.NoSuchSessionException -->
          <reporter-output>
          </reporter-output>
        </test-method> <!-- closeBrowswe -->
      </class> <!-- com.reports.testcases.TestPaymentforInsurance -->
    </test> <!-- Doctor Consultation Report Builder -->
  </suite> <!-- Suite -->
</testng-results>
